<?xml version="1.0" encoding="UTF-8"?>
<testsuite xmlns:xsi="http://www.w3.org/2001/XMLSchema-instance" xsi:noNamespaceSchemaLocation="https://maven.apache.org/surefire/maven-surefire-plugin/xsd/surefire-test-report.xsd" name="gr.aueb.dmst.UserServiceTest" time="0.339" tests="4" errors="4" skipped="0" failures="0">
  <properties>
    <property name="java.specification.version" value="21"/>
    <property name="sun.cpu.isalist" value="amd64"/>
    <property name="sun.jnu.encoding" value="Cp1253"/>
    <property name="java.class.path" value="C:\Users\dxara\OneDrive\Υπολογιστής\ergasiapr\programming_project_test\peinai\target\test-classes;C:\Users\dxara\OneDrive\Υπολογιστής\ergasiapr\programming_project_test\peinai\target\classes;C:\Users\dxara\.m2\repository\org\junit\jupiter\junit-jupiter-api\5.10.1\junit-jupiter-api-5.10.1.jar;C:\Users\dxara\.m2\repository\org\opentest4j\opentest4j\1.3.0\opentest4j-1.3.0.jar;C:\Users\dxara\.m2\repository\org\junit\platform\junit-platform-commons\1.10.1\junit-platform-commons-1.10.1.jar;C:\Users\dxara\.m2\repository\org\apiguardian\apiguardian-api\1.1.2\apiguardian-api-1.1.2.jar;C:\Users\dxara\.m2\repository\org\junit\jupiter\junit-jupiter-engine\5.10.1\junit-jupiter-engine-5.10.1.jar;C:\Users\dxara\.m2\repository\org\junit\platform\junit-platform-engine\1.10.1\junit-platform-engine-1.10.1.jar;C:\Users\dxara\.m2\repository\com\fasterxml\jackson\core\jackson-databind\2.16.0\jackson-databind-2.16.0.jar;C:\Users\dxara\.m2\repository\com\fasterxml\jackson\core\jackson-annotations\2.16.0\jackson-annotations-2.16.0.jar;C:\Users\dxara\.m2\repository\com\fasterxml\jackson\core\jackson-core\2.16.0\jackson-core-2.16.0.jar;C:\Users\dxara\.m2\repository\com\h2database\h2\2.2.224\h2-2.2.224.jar;C:\Users\dxara\.m2\repository\org\hibernate\orm\hibernate-core\6.4.0.Final\hibernate-core-6.4.0.Final.jar;C:\Users\dxara\.m2\repository\jakarta\transaction\jakarta.transaction-api\2.0.1\jakarta.transaction-api-2.0.1.jar;C:\Users\dxara\.m2\repository\org\jboss\logging\jboss-logging\3.5.0.Final\jboss-logging-3.5.0.Final.jar;C:\Users\dxara\.m2\repository\org\hibernate\common\hibernate-commons-annotations\6.0.6.Final\hibernate-commons-annotations-6.0.6.Final.jar;C:\Users\dxara\.m2\repository\io\smallrye\jandex\3.1.2\jandex-3.1.2.jar;C:\Users\dxara\.m2\repository\com\fasterxml\classmate\1.5.1\classmate-1.5.1.jar;C:\Users\dxara\.m2\repository\net\bytebuddy\byte-buddy\1.14.7\byte-buddy-1.14.7.jar;C:\Users\dxara\.m2\repository\jakarta\xml\bind\jakarta.xml.bind-api\4.0.0\jakarta.xml.bind-api-4.0.0.jar;C:\Users\dxara\.m2\repository\jakarta\activation\jakarta.activation-api\2.1.0\jakarta.activation-api-2.1.0.jar;C:\Users\dxara\.m2\repository\org\glassfish\jaxb\jaxb-runtime\4.0.2\jaxb-runtime-4.0.2.jar;C:\Users\dxara\.m2\repository\org\glassfish\jaxb\jaxb-core\4.0.2\jaxb-core-4.0.2.jar;C:\Users\dxara\.m2\repository\org\eclipse\angus\angus-activation\2.0.0\angus-activation-2.0.0.jar;C:\Users\dxara\.m2\repository\org\glassfish\jaxb\txw2\4.0.2\txw2-4.0.2.jar;C:\Users\dxara\.m2\repository\com\sun\istack\istack-commons-runtime\4.1.1\istack-commons-runtime-4.1.1.jar;C:\Users\dxara\.m2\repository\jakarta\inject\jakarta.inject-api\2.0.1\jakarta.inject-api-2.0.1.jar;C:\Users\dxara\.m2\repository\org\antlr\antlr4-runtime\4.13.0\antlr4-runtime-4.13.0.jar;C:\Users\dxara\.m2\repository\jakarta\persistence\jakarta.persistence-api\3.1.0\jakarta.persistence-api-3.1.0.jar;C:\Users\dxara\.m2\repository\commons-codec\commons-codec\1.16.0\commons-codec-1.16.0.jar;C:\Users\dxara\.m2\repository\org\slf4j\slf4j-api\2.1.0-alpha1\slf4j-api-2.1.0-alpha1.jar;C:\Users\dxara\.m2\repository\ch\qos\logback\logback-classic\1.4.14\logback-classic-1.4.14.jar;C:\Users\dxara\.m2\repository\ch\qos\logback\logback-core\1.4.14\logback-core-1.4.14.jar;"/>
    <property name="java.vm.vendor" value="Oracle Corporation"/>
    <property name="sun.arch.data.model" value="64"/>
    <property name="user.variant" value=""/>
    <property name="java.vendor.url" value="https://java.oracle.com/"/>
    <property name="user.timezone" value="Europe/Athens"/>
    <property name="os.name" value="Windows 11"/>
    <property name="java.vm.specification.version" value="21"/>
    <property name="sun.java.launcher" value="SUN_STANDARD"/>
    <property name="user.country" value="GR"/>
    <property name="sun.boot.library.path" value="C:\Program Files\Java\jdk-21\bin"/>
    <property name="sun.java.command" value="C:\Users\dxara\AppData\Local\Temp\surefire14782923762096003877\surefirebooter401555329087391359.jar C:\Users\dxara\AppData\Local\Temp\surefire14782923762096003877 2024-01-05T15-29-28_132-jvmRun1 surefire1507464878796894564tmp surefire_010697384790463017159tmp"/>
    <property name="jdk.debug" value="release"/>
    <property name="surefire.test.class.path" value="C:\Users\dxara\OneDrive\Υπολογιστής\ergasiapr\programming_project_test\peinai\target\test-classes;C:\Users\dxara\OneDrive\Υπολογιστής\ergasiapr\programming_project_test\peinai\target\classes;C:\Users\dxara\.m2\repository\org\junit\jupiter\junit-jupiter-api\5.10.1\junit-jupiter-api-5.10.1.jar;C:\Users\dxara\.m2\repository\org\opentest4j\opentest4j\1.3.0\opentest4j-1.3.0.jar;C:\Users\dxara\.m2\repository\org\junit\platform\junit-platform-commons\1.10.1\junit-platform-commons-1.10.1.jar;C:\Users\dxara\.m2\repository\org\apiguardian\apiguardian-api\1.1.2\apiguardian-api-1.1.2.jar;C:\Users\dxara\.m2\repository\org\junit\jupiter\junit-jupiter-engine\5.10.1\junit-jupiter-engine-5.10.1.jar;C:\Users\dxara\.m2\repository\org\junit\platform\junit-platform-engine\1.10.1\junit-platform-engine-1.10.1.jar;C:\Users\dxara\.m2\repository\com\fasterxml\jackson\core\jackson-databind\2.16.0\jackson-databind-2.16.0.jar;C:\Users\dxara\.m2\repository\com\fasterxml\jackson\core\jackson-annotations\2.16.0\jackson-annotations-2.16.0.jar;C:\Users\dxara\.m2\repository\com\fasterxml\jackson\core\jackson-core\2.16.0\jackson-core-2.16.0.jar;C:\Users\dxara\.m2\repository\com\h2database\h2\2.2.224\h2-2.2.224.jar;C:\Users\dxara\.m2\repository\org\hibernate\orm\hibernate-core\6.4.0.Final\hibernate-core-6.4.0.Final.jar;C:\Users\dxara\.m2\repository\jakarta\transaction\jakarta.transaction-api\2.0.1\jakarta.transaction-api-2.0.1.jar;C:\Users\dxara\.m2\repository\org\jboss\logging\jboss-logging\3.5.0.Final\jboss-logging-3.5.0.Final.jar;C:\Users\dxara\.m2\repository\org\hibernate\common\hibernate-commons-annotations\6.0.6.Final\hibernate-commons-annotations-6.0.6.Final.jar;C:\Users\dxara\.m2\repository\io\smallrye\jandex\3.1.2\jandex-3.1.2.jar;C:\Users\dxara\.m2\repository\com\fasterxml\classmate\1.5.1\classmate-1.5.1.jar;C:\Users\dxara\.m2\repository\net\bytebuddy\byte-buddy\1.14.7\byte-buddy-1.14.7.jar;C:\Users\dxara\.m2\repository\jakarta\xml\bind\jakarta.xml.bind-api\4.0.0\jakarta.xml.bind-api-4.0.0.jar;C:\Users\dxara\.m2\repository\jakarta\activation\jakarta.activation-api\2.1.0\jakarta.activation-api-2.1.0.jar;C:\Users\dxara\.m2\repository\org\glassfish\jaxb\jaxb-runtime\4.0.2\jaxb-runtime-4.0.2.jar;C:\Users\dxara\.m2\repository\org\glassfish\jaxb\jaxb-core\4.0.2\jaxb-core-4.0.2.jar;C:\Users\dxara\.m2\repository\org\eclipse\angus\angus-activation\2.0.0\angus-activation-2.0.0.jar;C:\Users\dxara\.m2\repository\org\glassfish\jaxb\txw2\4.0.2\txw2-4.0.2.jar;C:\Users\dxara\.m2\repository\com\sun\istack\istack-commons-runtime\4.1.1\istack-commons-runtime-4.1.1.jar;C:\Users\dxara\.m2\repository\jakarta\inject\jakarta.inject-api\2.0.1\jakarta.inject-api-2.0.1.jar;C:\Users\dxara\.m2\repository\org\antlr\antlr4-runtime\4.13.0\antlr4-runtime-4.13.0.jar;C:\Users\dxara\.m2\repository\jakarta\persistence\jakarta.persistence-api\3.1.0\jakarta.persistence-api-3.1.0.jar;C:\Users\dxara\.m2\repository\commons-codec\commons-codec\1.16.0\commons-codec-1.16.0.jar;C:\Users\dxara\.m2\repository\org\slf4j\slf4j-api\2.1.0-alpha1\slf4j-api-2.1.0-alpha1.jar;C:\Users\dxara\.m2\repository\ch\qos\logback\logback-classic\1.4.14\logback-classic-1.4.14.jar;C:\Users\dxara\.m2\repository\ch\qos\logback\logback-core\1.4.14\logback-core-1.4.14.jar;"/>
    <property name="sun.cpu.endian" value="little"/>
    <property name="user.home" value="C:\Users\dxara"/>
    <property name="user.language" value="el"/>
    <property name="java.specification.vendor" value="Oracle Corporation"/>
    <property name="java.version.date" value="2023-09-19"/>
    <property name="java.home" value="C:\Program Files\Java\jdk-21"/>
    <property name="file.separator" value="\"/>
    <property name="basedir" value="C:\Users\dxara\OneDrive\Υπολογιστής\ergasiapr\programming_project_test\peinai"/>
    <property name="java.vm.compressedOopsMode" value="Zero based"/>
    <property name="line.separator" value="&#10;"/>
    <property name="java.vm.specification.vendor" value="Oracle Corporation"/>
    <property name="java.specification.name" value="Java Platform API Specification"/>
    <property name="surefire.real.class.path" value="C:\Users\dxara\AppData\Local\Temp\surefire14782923762096003877\surefirebooter401555329087391359.jar"/>
    <property name="user.script" value=""/>
    <property name="sun.management.compiler" value="HotSpot 64-Bit Tiered Compilers"/>
    <property name="java.runtime.version" value="21+35-LTS-2513"/>
    <property name="user.name" value="dxara"/>
    <property name="stdout.encoding" value="Cp1253"/>
    <property name="path.separator" value=";"/>
    <property name="os.version" value="10.0"/>
    <property name="java.runtime.name" value="Java(TM) SE Runtime Environment"/>
    <property name="file.encoding" value="UTF-8"/>
    <property name="java.vm.name" value="Java HotSpot(TM) 64-Bit Server VM"/>
    <property name="localRepository" value="C:\Users\dxara\.m2\repository"/>
    <property name="java.vendor.url.bug" value="https://bugreport.java.com/bugreport/"/>
    <property name="java.io.tmpdir" value="C:\Users\dxara\AppData\Local\Temp\"/>
    <property name="java.version" value="21"/>
    <property name="user.dir" value="C:\Users\dxara\OneDrive\Υπολογιστής\ergasiapr\programming_project_test\peinai"/>
    <property name="os.arch" value="amd64"/>
    <property name="java.vm.specification.name" value="Java Virtual Machine Specification"/>
    <property name="sun.os.patch.level" value=""/>
    <property name="native.encoding" value="Cp1253"/>
    <property name="java.library.path" value="C:\Program Files\Java\jdk-21\bin;C:\Windows\Sun\Java\bin;C:\Windows\system32;C:\Windows;C:\Program Files\Git\cmd;C:\Windows\system32;C:\Windows;C:\Windows\System32\Wbem;C:\Windows\System32\WindowsPowerShell\v1.0\;C:\Windows\System32\OpenSSH\;C:\Program Files\dotnet\;C:\Program Files\Java\jdk-21\bin;C:\Program Files\IBM\SPSS\Statistics\22\JRE\bin;C:\Program Files (x86)\Microsoft SQL Server\160\Tools\Binn\;C:\Program Files\Microsoft SQL Server\160\Tools\Binn\;C:\Program Files\Microsoft SQL Server\Client SDK\ODBC\170\Tools\Binn\;C:\Program Files\Microsoft SQL Server\160\DTS\Binn\;C:\Program Files\Git\cmd;C:\Program Files\apache-maven-3.9.5\bin;C:\Program Files (x86)\Microsoft SQL Server\160\DTS\Binn\;C:\Program Files\Azure Data Studio\bin;C:\Users\dxara\AppData\Local\Microsoft\WindowsApps;C:\Users\dxara\AppData\Local\Programs\Microsoft VS Code\bin;C:\Users\dxara\AppData\Local\GitHubDesktop\bin;C:\Program Files\Azure Data Studio\bin;."/>
    <property name="java.vm.info" value="mixed mode, sharing"/>
    <property name="stderr.encoding" value="Cp1253"/>
    <property name="java.vendor" value="Oracle Corporation"/>
    <property name="java.vm.version" value="21+35-LTS-2513"/>
    <property name="sun.io.unicode.encoding" value="UnicodeLittle"/>
    <property name="java.class.version" value="65.0"/>
  </properties>
  <testcase name="testSignInWithInvalidCredentials" classname="gr.aueb.dmst.UserServiceTest" time="0.204">
    <error message="org.hibernate.query.sqm.UnknownEntityException: Could not resolve root entity &apos;User&apos;" type="java.lang.IllegalArgumentException">java.lang.IllegalArgumentException: org.hibernate.query.sqm.UnknownEntityException: Could not resolve root entity 'User'
	at gr.aueb.dmst.UserServiceTest.testSignInWithInvalidCredentials(UserServiceTest.java:71)
Caused by: org.hibernate.query.sqm.UnknownEntityException: Could not resolve root entity 'User'
	at gr.aueb.dmst.UserServiceTest.testSignInWithInvalidCredentials(UserServiceTest.java:71)
</error>
    <system-out><![CDATA[15:29:32.757 [main] DEBUG org.hibernate.jpa.HibernatePersistenceProvider -- Located and parsed 1 persistence units; checking each
15:29:32.757 [main] DEBUG org.hibernate.jpa.HibernatePersistenceProvider -- Checking persistence-unit [name=peinai, explicit-provider=null] against incoming persistence unit name [peinai]
15:29:32.757 [main] DEBUG org.hibernate.jpa.boot.spi.ProviderChecker -- No PersistenceProvider explicitly requested, assuming Hibernate
15:29:32.773 [main] DEBUG org.hibernate.jpa.internal.util.LogHelper -- PersistenceUnitInfo [
	name: peinai
	persistence provider classname: null
	classloader: null
	excludeUnlistedClasses: false
	JTA datasource: null
	Non JTA datasource: null
	Transaction type: RESOURCE_LOCAL
	PU root URL: file:/C:/Users/dxara/OneDrive/%CE%A5%CF%80%CE%BF%CE%BB%CE%BF%CE%B3%CE%B9%CF%83%CF%84%CE%AE%CF%82/ergasiapr/programming_project_test/peinai/target/test-classes
	Shared Cache Mode: null
	Validation Mode: null
	Jar files URLs []
	Managed classes names [
		"gr.aueb.dmst.User"
		gr.aueb.dmst.Preferences
		gr.aueb.dmst.Ingredient]
	Mapping files names []
	Properties [
		javax.persistence.jdbc.driver: org.h2.Driver
		javax.persistence.jdbc.password: 
		hibernate.dialect: org.hibernate.dialect.H2Dialect
		javax.persistence.jdbc.url: jdbc:h2:mem:test
		hibernate.show_sql: true
		hibernate.hbm2ddl.auto: update
		javax.persistence.jdbc.user: sa]
15:29:32.773 [main] DEBUG org.hibernate.integrator.internal.IntegratorServiceImpl -- Adding Integrator [org.hibernate.boot.beanvalidation.BeanValidationIntegrator].
15:29:32.773 [main] DEBUG org.hibernate.integrator.internal.IntegratorServiceImpl -- Adding Integrator [org.hibernate.cache.internal.CollectionCacheInvalidator].
15:29:32.773 [main] WARN org.hibernate.orm.deprecation -- HHH90000021: Encountered deprecated setting [javax.persistence.jdbc.user], use [jakarta.persistence.jdbc.user] instead
15:29:32.773 [main] WARN org.hibernate.orm.deprecation -- HHH90000021: Encountered deprecated setting [javax.persistence.jdbc.password], use [jakarta.persistence.jdbc.password] instead
15:29:32.773 [main] WARN org.hibernate.orm.deprecation -- HHH90000021: Encountered deprecated setting [javax.persistence.jdbc.url], use [jakarta.persistence.jdbc.url] instead
15:29:32.773 [main] WARN org.hibernate.orm.deprecation -- HHH90000021: Encountered deprecated setting [javax.persistence.jdbc.driver], use [jakarta.persistence.jdbc.driver] instead
15:29:32.776 [main] DEBUG org.hibernate.orm.idgen.factory -- Ignoring CDI for resolving IdentifierGenerator instances as extended or delayed CDI support was enabled
15:29:32.776 [main] DEBUG org.hibernate.orm.idgen.factory -- Registering IdentifierGenerator strategy [uuid2] -> [org.hibernate.id.UUIDGenerator]
15:29:32.776 [main] DEBUG org.hibernate.orm.idgen.factory -- Registering IdentifierGenerator strategy [guid] -> [org.hibernate.id.GUIDGenerator]
15:29:32.776 [main] DEBUG org.hibernate.orm.idgen.factory -- Registering IdentifierGenerator strategy [uuid] -> [org.hibernate.id.UUIDHexGenerator]
15:29:32.776 [main] DEBUG org.hibernate.orm.idgen.factory -- Registering IdentifierGenerator strategy [uuid.hex] -> [org.hibernate.id.UUIDHexGenerator]
15:29:32.776 [main] DEBUG org.hibernate.orm.idgen.factory -- Registering IdentifierGenerator strategy [assigned] -> [org.hibernate.id.Assigned]
15:29:32.776 [main] DEBUG org.hibernate.orm.idgen.factory -- Registering IdentifierGenerator strategy [identity] -> [org.hibernate.id.IdentityGenerator]
15:29:32.776 [main] DEBUG org.hibernate.orm.idgen.factory -- Registering IdentifierGenerator strategy [select] -> [org.hibernate.id.SelectGenerator]
15:29:32.776 [main] DEBUG org.hibernate.orm.idgen.factory -- Registering IdentifierGenerator strategy [sequence] -> [org.hibernate.id.enhanced.SequenceStyleGenerator]
15:29:32.776 [main] DEBUG org.hibernate.orm.idgen.factory -- Registering IdentifierGenerator strategy [increment] -> [org.hibernate.id.IncrementGenerator]
15:29:32.776 [main] DEBUG org.hibernate.orm.idgen.factory -- Registering IdentifierGenerator strategy [foreign] -> [org.hibernate.id.ForeignGenerator]
15:29:32.776 [main] DEBUG org.hibernate.orm.idgen.factory -- Registering IdentifierGenerator strategy [enhanced-sequence] -> [org.hibernate.id.enhanced.SequenceStyleGenerator]
15:29:32.776 [main] DEBUG org.hibernate.orm.idgen.factory -- Registering IdentifierGenerator strategy [enhanced-table] -> [org.hibernate.id.enhanced.TableGenerator]
15:29:32.776 [main] DEBUG org.hibernate.cache.internal.RegionFactoryInitiator -- Cannot default RegionFactory based on registered strategies as `[]` RegionFactory strategies were registered
15:29:32.776 [main] INFO org.hibernate.cache.internal.RegionFactoryInitiator -- HHH000026: Second-level cache disabled
15:29:32.776 [main] DEBUG org.hibernate.type.BasicTypeRegistry -- Adding type registration boolean -> org.hibernate.type.BasicTypeReference@f80945f
15:29:32.776 [main] DEBUG org.hibernate.type.BasicTypeRegistry -- Adding type registration boolean -> org.hibernate.type.BasicTypeReference@f80945f
15:29:32.776 [main] DEBUG org.hibernate.type.BasicTypeRegistry -- Adding type registration java.lang.Boolean -> org.hibernate.type.BasicTypeReference@f80945f
15:29:32.776 [main] DEBUG org.hibernate.type.BasicTypeRegistry -- Adding type registration numeric_boolean -> org.hibernate.type.BasicTypeReference@ff684e1
15:29:32.776 [main] DEBUG org.hibernate.type.BasicTypeRegistry -- Adding type registration org.hibernate.type.NumericBooleanConverter -> org.hibernate.type.BasicTypeReference@ff684e1
15:29:32.776 [main] DEBUG org.hibernate.type.BasicTypeRegistry -- Adding type registration true_false -> org.hibernate.type.BasicTypeReference@23aa363a
15:29:32.776 [main] DEBUG org.hibernate.type.BasicTypeRegistry -- Adding type registration org.hibernate.type.TrueFalseConverter -> org.hibernate.type.BasicTypeReference@23aa363a
15:29:32.776 [main] DEBUG org.hibernate.type.BasicTypeRegistry -- Adding type registration yes_no -> org.hibernate.type.BasicTypeReference@5ef6ae06
15:29:32.782 [main] DEBUG org.hibernate.type.BasicTypeRegistry -- Adding type registration org.hibernate.type.YesNoConverter -> org.hibernate.type.BasicTypeReference@5ef6ae06
15:29:32.782 [main] DEBUG org.hibernate.type.BasicTypeRegistry -- Adding type registration byte -> org.hibernate.type.BasicTypeReference@55dfebeb
15:29:32.782 [main] DEBUG org.hibernate.type.BasicTypeRegistry -- Adding type registration byte -> org.hibernate.type.BasicTypeReference@55dfebeb
15:29:32.782 [main] DEBUG org.hibernate.type.BasicTypeRegistry -- Adding type registration java.lang.Byte -> org.hibernate.type.BasicTypeReference@55dfebeb
15:29:32.782 [main] DEBUG org.hibernate.type.BasicTypeRegistry -- Adding type registration binary -> org.hibernate.type.BasicTypeReference@6e35bc3d
15:29:32.782 [main] DEBUG org.hibernate.type.BasicTypeRegistry -- Adding type registration byte[] -> org.hibernate.type.BasicTypeReference@6e35bc3d
15:29:32.782 [main] DEBUG org.hibernate.type.BasicTypeRegistry -- Adding type registration [B -> org.hibernate.type.BasicTypeReference@6e35bc3d
15:29:32.782 [main] DEBUG org.hibernate.type.BasicTypeRegistry -- Adding type registration binary_wrapper -> org.hibernate.type.BasicTypeReference@1cdc4c27
15:29:32.782 [main] DEBUG org.hibernate.type.BasicTypeRegistry -- Adding type registration wrapper-binary -> org.hibernate.type.BasicTypeReference@1cdc4c27
15:29:32.782 [main] DEBUG org.hibernate.type.BasicTypeRegistry -- Adding type registration image -> org.hibernate.type.BasicTypeReference@77b14724
15:29:32.782 [main] DEBUG org.hibernate.type.BasicTypeRegistry -- Adding type registration blob -> org.hibernate.type.BasicTypeReference@5d9b7a8a
15:29:32.782 [main] DEBUG org.hibernate.type.BasicTypeRegistry -- Adding type registration java.sql.Blob -> org.hibernate.type.BasicTypeReference@5d9b7a8a
15:29:32.782 [main] DEBUG org.hibernate.type.BasicTypeRegistry -- Adding type registration materialized_blob -> org.hibernate.type.BasicTypeReference@1e8ce150
15:29:32.782 [main] DEBUG org.hibernate.type.BasicTypeRegistry -- Adding type registration materialized_blob_wrapper -> org.hibernate.type.BasicTypeReference@604f2bd2
15:29:32.782 [main] DEBUG org.hibernate.type.BasicTypeRegistry -- Adding type registration short -> org.hibernate.type.BasicTypeReference@1d3ac898
15:29:32.782 [main] DEBUG org.hibernate.type.BasicTypeRegistry -- Adding type registration short -> org.hibernate.type.BasicTypeReference@1d3ac898
15:29:32.782 [main] DEBUG org.hibernate.type.BasicTypeRegistry -- Adding type registration java.lang.Short -> org.hibernate.type.BasicTypeReference@1d3ac898
15:29:32.782 [main] DEBUG org.hibernate.type.BasicTypeRegistry -- Adding type registration integer -> org.hibernate.type.BasicTypeReference@1b73be9f
15:29:32.782 [main] DEBUG org.hibernate.type.BasicTypeRegistry -- Adding type registration int -> org.hibernate.type.BasicTypeReference@1b73be9f
15:29:32.782 [main] DEBUG org.hibernate.type.BasicTypeRegistry -- Adding type registration java.lang.Integer -> org.hibernate.type.BasicTypeReference@1b73be9f
15:29:32.782 [main] DEBUG org.hibernate.type.BasicTypeRegistry -- Adding type registration long -> org.hibernate.type.BasicTypeReference@628c4ac0
15:29:32.782 [main] DEBUG org.hibernate.type.BasicTypeRegistry -- Adding type registration long -> org.hibernate.type.BasicTypeReference@628c4ac0
15:29:32.782 [main] DEBUG org.hibernate.type.BasicTypeRegistry -- Adding type registration java.lang.Long -> org.hibernate.type.BasicTypeReference@628c4ac0
15:29:32.782 [main] DEBUG org.hibernate.type.BasicTypeRegistry -- Adding type registration float -> org.hibernate.type.BasicTypeReference@7b84fcf8
15:29:32.782 [main] DEBUG org.hibernate.type.BasicTypeRegistry -- Adding type registration float -> org.hibernate.type.BasicTypeReference@7b84fcf8
15:29:32.783 [main] DEBUG org.hibernate.type.BasicTypeRegistry -- Adding type registration java.lang.Float -> org.hibernate.type.BasicTypeReference@7b84fcf8
15:29:32.783 [main] DEBUG org.hibernate.type.BasicTypeRegistry -- Adding type registration double -> org.hibernate.type.BasicTypeReference@30b19518
15:29:32.783 [main] DEBUG org.hibernate.type.BasicTypeRegistry -- Adding type registration double -> org.hibernate.type.BasicTypeReference@30b19518
15:29:32.783 [main] DEBUG org.hibernate.type.BasicTypeRegistry -- Adding type registration java.lang.Double -> org.hibernate.type.BasicTypeReference@30b19518
15:29:32.783 [main] DEBUG org.hibernate.type.BasicTypeRegistry -- Adding type registration big_integer -> org.hibernate.type.BasicTypeReference@363042d7
15:29:32.783 [main] DEBUG org.hibernate.type.BasicTypeRegistry -- Adding type registration java.math.BigInteger -> org.hibernate.type.BasicTypeReference@363042d7
15:29:32.783 [main] DEBUG org.hibernate.type.BasicTypeRegistry -- Adding type registration big_decimal -> org.hibernate.type.BasicTypeReference@366ac49b
15:29:32.783 [main] DEBUG org.hibernate.type.BasicTypeRegistry -- Adding type registration java.math.BigDecimal -> org.hibernate.type.BasicTypeReference@366ac49b
15:29:32.783 [main] DEBUG org.hibernate.type.BasicTypeRegistry -- Adding type registration character -> org.hibernate.type.BasicTypeReference@6ad59d92
15:29:32.783 [main] DEBUG org.hibernate.type.BasicTypeRegistry -- Adding type registration char -> org.hibernate.type.BasicTypeReference@6ad59d92
15:29:32.783 [main] DEBUG org.hibernate.type.BasicTypeRegistry -- Adding type registration java.lang.Character -> org.hibernate.type.BasicTypeReference@6ad59d92
15:29:32.783 [main] DEBUG org.hibernate.type.BasicTypeRegistry -- Adding type registration character_nchar -> org.hibernate.type.BasicTypeReference@56f0cc85
15:29:32.783 [main] DEBUG org.hibernate.type.BasicTypeRegistry -- Adding type registration string -> org.hibernate.type.BasicTypeReference@62e20a76
15:29:32.783 [main] DEBUG org.hibernate.type.BasicTypeRegistry -- Adding type registration java.lang.String -> org.hibernate.type.BasicTypeReference@62e20a76
15:29:32.783 [main] DEBUG org.hibernate.type.BasicTypeRegistry -- Adding type registration nstring -> org.hibernate.type.BasicTypeReference@2cc44ad
15:29:32.783 [main] DEBUG org.hibernate.type.BasicTypeRegistry -- Adding type registration characters -> org.hibernate.type.BasicTypeReference@44b3606b
15:29:32.783 [main] DEBUG org.hibernate.type.BasicTypeRegistry -- Adding type registration char[] -> org.hibernate.type.BasicTypeReference@44b3606b
15:29:32.783 [main] DEBUG org.hibernate.type.BasicTypeRegistry -- Adding type registration [C -> org.hibernate.type.BasicTypeReference@44b3606b
15:29:32.783 [main] DEBUG org.hibernate.type.BasicTypeRegistry -- Adding type registration wrapper-characters -> org.hibernate.type.BasicTypeReference@1477089c
15:29:32.783 [main] DEBUG org.hibernate.type.BasicTypeRegistry -- Adding type registration text -> org.hibernate.type.BasicTypeReference@663411de
15:29:32.783 [main] DEBUG org.hibernate.type.BasicTypeRegistry -- Adding type registration ntext -> org.hibernate.type.BasicTypeReference@63dd899
15:29:32.783 [main] DEBUG org.hibernate.type.BasicTypeRegistry -- Adding type registration clob -> org.hibernate.type.BasicTypeReference@59d2400d
15:29:32.783 [main] DEBUG org.hibernate.type.BasicTypeRegistry -- Adding type registration java.sql.Clob -> org.hibernate.type.BasicTypeReference@59d2400d
15:29:32.783 [main] DEBUG org.hibernate.type.BasicTypeRegistry -- Adding type registration nclob -> org.hibernate.type.BasicTypeReference@75cd8043
15:29:32.783 [main] DEBUG org.hibernate.type.BasicTypeRegistry -- Adding type registration java.sql.NClob -> org.hibernate.type.BasicTypeReference@75cd8043
15:29:32.783 [main] DEBUG org.hibernate.type.BasicTypeRegistry -- Adding type registration materialized_clob -> org.hibernate.type.BasicTypeReference@33b1c5c5
15:29:32.783 [main] DEBUG org.hibernate.type.BasicTypeRegistry -- Adding type registration materialized_clob_char_array -> org.hibernate.type.BasicTypeReference@5b202a3a
15:29:32.783 [main] DEBUG org.hibernate.type.BasicTypeRegistry -- Adding type registration materialized_clob_character_array -> org.hibernate.type.BasicTypeReference@10b9db7b
15:29:32.783 [main] DEBUG org.hibernate.type.BasicTypeRegistry -- Adding type registration materialized_nclob -> org.hibernate.type.BasicTypeReference@9ef8eb7
15:29:32.783 [main] DEBUG org.hibernate.type.BasicTypeRegistry -- Adding type registration materialized_nclob_character_array -> org.hibernate.type.BasicTypeReference@34cdeda2
15:29:32.783 [main] DEBUG org.hibernate.type.BasicTypeRegistry -- Adding type registration materialized_nclob_char_array -> org.hibernate.type.BasicTypeReference@6ee660fb
15:29:32.783 [main] DEBUG org.hibernate.type.BasicTypeRegistry -- Adding type registration Duration -> org.hibernate.type.BasicTypeReference@305a0c5f
15:29:32.783 [main] DEBUG org.hibernate.type.BasicTypeRegistry -- Adding type registration java.time.Duration -> org.hibernate.type.BasicTypeReference@305a0c5f
15:29:32.783 [main] DEBUG org.hibernate.type.BasicTypeRegistry -- Adding type registration LocalDateTime -> org.hibernate.type.BasicTypeReference@4535b6d5
15:29:32.783 [main] DEBUG org.hibernate.type.BasicTypeRegistry -- Adding type registration java.time.LocalDateTime -> org.hibernate.type.BasicTypeReference@4535b6d5
15:29:32.783 [main] DEBUG org.hibernate.type.BasicTypeRegistry -- Adding type registration LocalDate -> org.hibernate.type.BasicTypeReference@1ecee32c
15:29:32.783 [main] DEBUG org.hibernate.type.BasicTypeRegistry -- Adding type registration java.time.LocalDate -> org.hibernate.type.BasicTypeReference@1ecee32c
15:29:32.783 [main] DEBUG org.hibernate.type.BasicTypeRegistry -- Adding type registration LocalTime -> org.hibernate.type.BasicTypeReference@4372b9b6
15:29:32.783 [main] DEBUG org.hibernate.type.BasicTypeRegistry -- Adding type registration java.time.LocalTime -> org.hibernate.type.BasicTypeReference@4372b9b6
15:29:32.783 [main] DEBUG org.hibernate.type.BasicTypeRegistry -- Adding type registration OffsetDateTime -> org.hibernate.type.BasicTypeReference@232a7d73
15:29:32.783 [main] DEBUG org.hibernate.type.BasicTypeRegistry -- Adding type registration java.time.OffsetDateTime -> org.hibernate.type.BasicTypeReference@232a7d73
15:29:32.783 [main] DEBUG org.hibernate.type.BasicTypeRegistry -- Adding type registration OffsetDateTimeWithTimezone -> org.hibernate.type.BasicTypeReference@4b41e4dd
15:29:32.783 [main] DEBUG org.hibernate.type.BasicTypeRegistry -- Adding type registration OffsetDateTimeWithoutTimezone -> org.hibernate.type.BasicTypeReference@22ffa91a
15:29:32.783 [main] DEBUG org.hibernate.type.BasicTypeRegistry -- Adding type registration OffsetTime -> org.hibernate.type.BasicTypeReference@74960bfa
15:29:32.783 [main] DEBUG org.hibernate.type.BasicTypeRegistry -- Adding type registration java.time.OffsetTime -> org.hibernate.type.BasicTypeReference@74960bfa
15:29:32.783 [main] DEBUG org.hibernate.type.BasicTypeRegistry -- Adding type registration OffsetTimeUtc -> org.hibernate.type.BasicTypeReference@42721fe
15:29:32.783 [main] DEBUG org.hibernate.type.BasicTypeRegistry -- Adding type registration OffsetTimeWithTimezone -> org.hibernate.type.BasicTypeReference@40844aab
15:29:32.783 [main] DEBUG org.hibernate.type.BasicTypeRegistry -- Adding type registration OffsetTimeWithoutTimezone -> org.hibernate.type.BasicTypeReference@1f6c9cd8
15:29:32.783 [main] DEBUG org.hibernate.type.BasicTypeRegistry -- Adding type registration ZonedDateTime -> org.hibernate.type.BasicTypeReference@5b619d14
15:29:32.783 [main] DEBUG org.hibernate.type.BasicTypeRegistry -- Adding type registration java.time.ZonedDateTime -> org.hibernate.type.BasicTypeReference@5b619d14
15:29:32.783 [main] DEBUG org.hibernate.type.BasicTypeRegistry -- Adding type registration ZonedDateTimeWithTimezone -> org.hibernate.type.BasicTypeReference@66746f57
15:29:32.783 [main] DEBUG org.hibernate.type.BasicTypeRegistry -- Adding type registration ZonedDateTimeWithoutTimezone -> org.hibernate.type.BasicTypeReference@447a020
15:29:32.783 [main] DEBUG org.hibernate.type.BasicTypeRegistry -- Adding type registration date -> org.hibernate.type.BasicTypeReference@7f36662c
15:29:32.783 [main] DEBUG org.hibernate.type.BasicTypeRegistry -- Adding type registration java.sql.Date -> org.hibernate.type.BasicTypeReference@7f36662c
15:29:32.783 [main] DEBUG org.hibernate.type.BasicTypeRegistry -- Adding type registration time -> org.hibernate.type.BasicTypeReference@28e8dde3
15:29:32.783 [main] DEBUG org.hibernate.type.BasicTypeRegistry -- Adding type registration java.sql.Time -> org.hibernate.type.BasicTypeReference@28e8dde3
15:29:32.785 [main] DEBUG org.hibernate.type.BasicTypeRegistry -- Adding type registration timestamp -> org.hibernate.type.BasicTypeReference@6d23017e
15:29:32.785 [main] DEBUG org.hibernate.type.BasicTypeRegistry -- Adding type registration java.sql.Timestamp -> org.hibernate.type.BasicTypeReference@6d23017e
15:29:32.785 [main] DEBUG org.hibernate.type.BasicTypeRegistry -- Adding type registration java.util.Date -> org.hibernate.type.BasicTypeReference@6d23017e
15:29:32.785 [main] DEBUG org.hibernate.type.BasicTypeRegistry -- Adding type registration calendar -> org.hibernate.type.BasicTypeReference@54dcfa5a
15:29:32.785 [main] DEBUG org.hibernate.type.BasicTypeRegistry -- Adding type registration java.util.Calendar -> org.hibernate.type.BasicTypeReference@54dcfa5a
15:29:32.785 [main] DEBUG org.hibernate.type.BasicTypeRegistry -- Adding type registration java.util.GregorianCalendar -> org.hibernate.type.BasicTypeReference@54dcfa5a
15:29:32.785 [main] DEBUG org.hibernate.type.BasicTypeRegistry -- Adding type registration calendar_date -> org.hibernate.type.BasicTypeReference@1817f1eb
15:29:32.785 [main] DEBUG org.hibernate.type.BasicTypeRegistry -- Adding type registration calendar_time -> org.hibernate.type.BasicTypeReference@767e20cf
15:29:32.785 [main] DEBUG org.hibernate.type.BasicTypeRegistry -- Adding type registration instant -> org.hibernate.type.BasicTypeReference@3a3e78f
15:29:32.785 [main] DEBUG org.hibernate.type.BasicTypeRegistry -- Adding type registration java.time.Instant -> org.hibernate.type.BasicTypeReference@3a3e78f
15:29:32.785 [main] DEBUG org.hibernate.type.BasicTypeRegistry -- Adding type registration uuid -> org.hibernate.type.BasicTypeReference@301ec38b
15:29:32.785 [main] DEBUG org.hibernate.type.BasicTypeRegistry -- Adding type registration java.util.UUID -> org.hibernate.type.BasicTypeReference@301ec38b
15:29:32.785 [main] DEBUG org.hibernate.type.BasicTypeRegistry -- Adding type registration pg-uuid -> org.hibernate.type.BasicTypeReference@301ec38b
15:29:32.785 [main] DEBUG org.hibernate.type.BasicTypeRegistry -- Adding type registration uuid-binary -> org.hibernate.type.BasicTypeReference@10ded6a9
15:29:32.785 [main] DEBUG org.hibernate.type.BasicTypeRegistry -- Adding type registration uuid-char -> org.hibernate.type.BasicTypeReference@c5dc4a2
15:29:32.785 [main] DEBUG org.hibernate.type.BasicTypeRegistry -- Adding type registration class -> org.hibernate.type.BasicTypeReference@4a194c39
15:29:32.785 [main] DEBUG org.hibernate.type.BasicTypeRegistry -- Adding type registration java.lang.Class -> org.hibernate.type.BasicTypeReference@4a194c39
15:29:32.785 [main] DEBUG org.hibernate.type.BasicTypeRegistry -- Adding type registration currency -> org.hibernate.type.BasicTypeReference@52066604
15:29:32.785 [main] DEBUG org.hibernate.type.BasicTypeRegistry -- Adding type registration Currency -> org.hibernate.type.BasicTypeReference@52066604
15:29:32.785 [main] DEBUG org.hibernate.type.BasicTypeRegistry -- Adding type registration java.util.Currency -> org.hibernate.type.BasicTypeReference@52066604
15:29:32.785 [main] DEBUG org.hibernate.type.BasicTypeRegistry -- Adding type registration locale -> org.hibernate.type.BasicTypeReference@340b9973
15:29:32.785 [main] DEBUG org.hibernate.type.BasicTypeRegistry -- Adding type registration java.util.Locale -> org.hibernate.type.BasicTypeReference@340b9973
15:29:32.785 [main] DEBUG org.hibernate.type.BasicTypeRegistry -- Adding type registration serializable -> org.hibernate.type.BasicTypeReference@56113384
15:29:32.785 [main] DEBUG org.hibernate.type.BasicTypeRegistry -- Adding type registration java.io.Serializable -> org.hibernate.type.BasicTypeReference@56113384
15:29:32.785 [main] DEBUG org.hibernate.type.BasicTypeRegistry -- Adding type registration timezone -> org.hibernate.type.BasicTypeReference@5669c5fb
15:29:32.785 [main] DEBUG org.hibernate.type.BasicTypeRegistry -- Adding type registration java.util.TimeZone -> org.hibernate.type.BasicTypeReference@5669c5fb
15:29:32.785 [main] DEBUG org.hibernate.type.BasicTypeRegistry -- Adding type registration ZoneOffset -> org.hibernate.type.BasicTypeReference@373ebf74
15:29:32.785 [main] DEBUG org.hibernate.type.BasicTypeRegistry -- Adding type registration java.time.ZoneOffset -> org.hibernate.type.BasicTypeReference@373ebf74
15:29:32.785 [main] DEBUG org.hibernate.type.BasicTypeRegistry -- Adding type registration url -> org.hibernate.type.BasicTypeReference@5f9678e1
15:29:32.785 [main] DEBUG org.hibernate.type.BasicTypeRegistry -- Adding type registration java.net.URL -> org.hibernate.type.BasicTypeReference@5f9678e1
15:29:32.785 [main] DEBUG org.hibernate.type.BasicTypeRegistry -- Adding type registration vector -> org.hibernate.type.BasicTypeReference@c4ed84
15:29:32.785 [main] DEBUG org.hibernate.type.BasicTypeRegistry -- Adding type registration row_version -> org.hibernate.type.BasicTypeReference@189aa67a
15:29:32.785 [main] DEBUG org.hibernate.type.BasicTypeRegistry -- Adding type registration object -> org.hibernate.type.JavaObjectType@2b0f373b
15:29:32.785 [main] DEBUG org.hibernate.type.BasicTypeRegistry -- Adding type registration java.lang.Object -> org.hibernate.type.JavaObjectType@2b0f373b
15:29:32.785 [main] DEBUG org.hibernate.type.BasicTypeRegistry -- Adding type registration null -> org.hibernate.type.NullType@6622fc65
15:29:32.785 [main] DEBUG org.hibernate.type.BasicTypeRegistry -- Adding type registration imm_date -> org.hibernate.type.BasicTypeReference@6fced25c
15:29:32.785 [main] DEBUG org.hibernate.type.BasicTypeRegistry -- Adding type registration imm_time -> org.hibernate.type.BasicTypeReference@3cf4dec7
15:29:32.785 [main] DEBUG org.hibernate.type.BasicTypeRegistry -- Adding type registration imm_timestamp -> org.hibernate.type.BasicTypeReference@1b94c789
15:29:32.785 [main] DEBUG org.hibernate.type.BasicTypeRegistry -- Adding type registration imm_calendar -> org.hibernate.type.BasicTypeReference@299fc582
15:29:32.785 [main] DEBUG org.hibernate.type.BasicTypeRegistry -- Adding type registration imm_calendar_date -> org.hibernate.type.BasicTypeReference@305aaedf
15:29:32.785 [main] DEBUG org.hibernate.type.BasicTypeRegistry -- Adding type registration imm_calendar_time -> org.hibernate.type.BasicTypeReference@2a425cf5
15:29:32.785 [main] DEBUG org.hibernate.type.BasicTypeRegistry -- Adding type registration imm_binary -> org.hibernate.type.BasicTypeReference@17d76ebb
15:29:32.785 [main] DEBUG org.hibernate.type.BasicTypeRegistry -- Adding type registration imm_serializable -> org.hibernate.type.BasicTypeReference@40b31a16
15:29:32.786 [main] DEBUG org.hibernate.boot.internal.BootstrapContextImpl -- Injecting ScanEnvironment [org.hibernate.jpa.boot.internal.StandardJpaScanEnvironmentImpl@25fa6889] into BootstrapContext; was [null]
15:29:32.786 [main] DEBUG org.hibernate.boot.internal.BootstrapContextImpl -- Injecting ScanOptions [org.hibernate.boot.archive.scan.internal.StandardScanOptions@1de73d37] into BootstrapContext; was [org.hibernate.boot.archive.scan.internal.StandardScanOptions@31693a86]
15:29:32.794 [main] DEBUG org.hibernate.boot.model.process.internal.ScanningCoordinator -- Unable to resolve class ["gr.aueb.dmst.User"] named in persistence unit [file:/C:/Users/dxara/OneDrive/%CE%A5%CF%80%CE%BF%CE%BB%CE%BF%CE%B3%CE%B9%CF%83%CF%84%CE%AE%CF%82/ergasiapr/programming_project_test/peinai/target/test-classes]
15:29:32.794 [main] DEBUG org.hibernate.boot.internal.BootstrapContextImpl -- Injecting JPA temp ClassLoader [null] into BootstrapContext; was [null]
15:29:32.794 [main] DEBUG org.hibernate.boot.internal.ClassLoaderAccessImpl -- ClassLoaderAccessImpl#injectTempClassLoader(null) [was null]
15:29:32.797 [main] WARN org.hibernate.orm.connections.pooling -- HHH10001002: Using built-in connection pool (not intended for production use)
15:29:32.797 [main] INFO org.hibernate.orm.connections.pooling -- HHH10001005: Loaded JDBC driver class: org.h2.Driver
15:29:32.797 [main] INFO org.hibernate.orm.connections.pooling -- HHH10001012: Connecting with JDBC URL [jdbc:h2:mem:test]
15:29:32.797 [main] INFO org.hibernate.orm.connections.pooling -- HHH10001001: Connection properties: {password=, user=sa}
15:29:32.797 [main] INFO org.hibernate.orm.connections.pooling -- HHH10001003: Autocommit mode: false
15:29:32.797 [main] DEBUG org.hibernate.orm.connections.pooling -- Initializing Connection pool with 1 Connections
15:29:32.797 [main] INFO org.hibernate.orm.connections.pooling -- HHH10001115: Connection pool size: 20 (min=1)
15:29:32.797 [main] DEBUG org.hibernate.engine.jdbc.env.internal.JdbcEnvironmentInitiator -- Database ->
       name : H2
    version : 2.2.224 (2023-09-17)
      major : 2
      minor : 2
15:29:32.797 [main] DEBUG org.hibernate.engine.jdbc.env.internal.JdbcEnvironmentInitiator -- Driver ->
       name : H2 JDBC Driver
    version : 2.2.224 (2023-09-17)
      major : 2
      minor : 2
15:29:32.797 [main] DEBUG org.hibernate.engine.jdbc.env.internal.JdbcEnvironmentInitiator -- JDBC version : 4.2
15:29:32.797 [main] WARN org.hibernate.orm.deprecation -- HHH90000025: H2Dialect does not need to be specified explicitly using 'hibernate.dialect' (remove the property setting and it will be selected by default)
15:29:32.797 [main] DEBUG org.hibernate.orm.dialect -- HHH035001: Using dialect: org.hibernate.dialect.H2Dialect, version: 2.2.224
15:29:32.797 [main] DEBUG org.hibernate.engine.jdbc.env.spi.IdentifierHelperBuilder -- JDBC driver metadata reported database stores quoted identifiers in neither upper, lower nor mixed case
15:29:32.797 [main] DEBUG org.hibernate.type.descriptor.jdbc.spi.JdbcTypeRegistry -- addDescriptor(NCharTypeDescriptor) replaced previous registration(CharTypeDescriptor)
15:29:32.797 [main] DEBUG org.hibernate.type.descriptor.jdbc.spi.JdbcTypeRegistry -- addDescriptor(NVarcharTypeDescriptor) replaced previous registration(VarcharTypeDescriptor)
15:29:32.797 [main] DEBUG org.hibernate.type.descriptor.jdbc.spi.JdbcTypeRegistry -- addDescriptor(LongNVarcharTypeDescriptor) replaced previous registration(LongVarcharTypeDescriptor)
15:29:32.797 [main] DEBUG org.hibernate.type.descriptor.jdbc.spi.JdbcTypeRegistry -- addDescriptor(NClobTypeDescriptor(DEFAULT)) replaced previous registration(ClobTypeDescriptor(DEFAULT))
15:29:32.797 [main] DEBUG org.hibernate.type.descriptor.jdbc.spi.JdbcTypeRegistry -- addDescriptor(2005, ClobTypeDescriptor(STREAM_BINDING)) replaced previous registration(ClobTypeDescriptor(DEFAULT))
15:29:32.797 [main] DEBUG org.hibernate.type.descriptor.jdbc.spi.JdbcTypeRegistry -- addDescriptor(TimestampUtcDescriptor) replaced previous registration(TimestampUtcDescriptor)
15:29:32.797 [main] DEBUG org.hibernate.type.BasicTypeRegistry -- Adding type registration org.hibernate.type.DurationType -> basicType@22(java.time.Duration,2)
15:29:32.797 [main] DEBUG org.hibernate.type.BasicTypeRegistry -- Adding type registration Duration -> basicType@22(java.time.Duration,2)
15:29:32.797 [main] DEBUG org.hibernate.type.BasicTypeRegistry -- Adding type registration java.time.Duration -> basicType@22(java.time.Duration,2)
15:29:32.797 [main] DEBUG org.hibernate.type.spi.TypeConfiguration$Scope -- Scoping TypeConfiguration [org.hibernate.type.spi.TypeConfiguration@13c90c06] to MetadataBuildingContext [org.hibernate.boot.internal.MetadataBuildingContextRootImpl@2bc0b8c8]
15:29:32.797 [main] DEBUG org.hibernate.boot.model.relational.Namespace -- Created database namespace [logicalName=Name{catalog=null, schema=null}, physicalName=Name{catalog=null, schema=null}]
15:29:32.803 [main] DEBUG org.hibernate.boot.model.internal.EntityBinder -- Binding entity from annotated class: gr.aueb.dmst.Preferences
15:29:32.803 [main] DEBUG org.hibernate.boot.model.internal.EntityBinder -- Import with entity name Preferences
15:29:32.803 [main] DEBUG org.hibernate.boot.model.internal.EntityBinder -- Bind entity gr.aueb.dmst.Preferences on table Preferences
15:29:32.803 [main] DEBUG org.hibernate.boot.model.internal.AnnotatedColumn -- Binding column: AnnotatedDiscriminatorColumn(column='DTYPE')
15:29:32.805 [main] DEBUG org.hibernate.boot.model.internal.AnnotatedColumn -- Binding column: AnnotatedColumn()
15:29:32.805 [main] DEBUG org.hibernate.boot.internal.ClassLoaderAccessImpl -- Not known whether passed class name [gr.aueb.dmst.Preferences] is safe
15:29:32.805 [main] DEBUG org.hibernate.boot.internal.ClassLoaderAccessImpl -- No temp ClassLoader provided; using live ClassLoader for loading potentially unsafe class : gr.aueb.dmst.Preferences
15:29:32.805 [main] DEBUG org.hibernate.boot.model.internal.PropertyBinder -- MetadataSourceProcessor property preferenceId with lazy=false
15:29:32.805 [main] DEBUG org.hibernate.boot.model.internal.AbstractPropertyHolder -- Attempting to locate auto-apply AttributeConverter for property [gr.aueb.dmst.Preferences:preferenceId]
15:29:32.806 [main] DEBUG org.hibernate.boot.model.internal.BasicValueBinder -- building BasicValue for preferenceId
15:29:32.806 [main] DEBUG org.hibernate.mapping.BasicValue -- Skipping column re-registration: Preferences.preferenceId
15:29:32.806 [main] DEBUG org.hibernate.boot.model.internal.PropertyBinder -- Building property preferenceId
15:29:32.806 [main] DEBUG org.hibernate.boot.model.internal.BinderHelper -- #makeIdGenerator(BasicValue([Column(preferenceId)]), preferenceId, identity, , ...)
15:29:32.807 [main] DEBUG org.hibernate.boot.model.internal.AnnotatedColumn -- Binding column: AnnotatedColumn()
15:29:32.807 [main] DEBUG org.hibernate.boot.model.internal.PropertyBinder -- MetadataSourceProcessor property allergy with lazy=false
15:29:32.807 [main] DEBUG org.hibernate.boot.model.internal.AbstractPropertyHolder -- Attempting to locate auto-apply AttributeConverter for property [gr.aueb.dmst.Preferences:allergy]
15:29:32.807 [main] DEBUG org.hibernate.boot.model.internal.BasicValueBinder -- building BasicValue for allergy
15:29:32.807 [main] DEBUG org.hibernate.mapping.BasicValue -- Skipping column re-registration: Preferences.allergy
15:29:32.807 [main] DEBUG org.hibernate.boot.model.internal.PropertyBinder -- Building property allergy
15:29:32.807 [main] DEBUG org.hibernate.boot.model.internal.AnnotatedColumn -- Binding column: IndexColumn(column='favIngredients_ORDER')
15:29:32.808 [main] DEBUG org.hibernate.boot.model.internal.AnnotatedColumn -- Binding column: AnnotatedColumn()
15:29:32.808 [main] DEBUG org.hibernate.boot.model.internal.AnnotatedColumn -- Binding column: AnnotatedColumn(column='favIngredients_KEY')
15:29:32.808 [main] DEBUG org.hibernate.boot.model.internal.AnnotatedColumn -- Binding column: AnnotatedJoinColumn(column='favIngredients_KEY')
15:29:32.808 [main] DEBUG org.hibernate.boot.model.internal.AnnotatedColumn -- Binding column: AnnotatedJoinColumn(column='preference_id')
15:29:32.808 [main] DEBUG org.hibernate.boot.model.internal.AnnotatedColumn -- Binding column: AnnotatedJoinColumn(column='ingredient_id')
15:29:32.808 [main] DEBUG org.hibernate.boot.model.internal.CollectionBinder -- Collection role: gr.aueb.dmst.Preferences.favIngredients
15:29:32.808 [main] DEBUG org.hibernate.boot.model.internal.PropertyBinder -- Building property favIngredients
15:29:32.808 [main] DEBUG org.hibernate.boot.model.internal.AnnotatedColumn -- Binding column: IndexColumn(column='worstIngredients_ORDER')
15:29:32.808 [main] DEBUG org.hibernate.boot.model.internal.AnnotatedColumn -- Binding column: AnnotatedColumn()
15:29:32.809 [main] DEBUG org.hibernate.boot.model.internal.AnnotatedColumn -- Binding column: AnnotatedColumn(column='worstIngredients_KEY')
15:29:32.809 [main] DEBUG org.hibernate.boot.model.internal.AnnotatedColumn -- Binding column: AnnotatedJoinColumn(column='worstIngredients_KEY')
15:29:32.809 [main] DEBUG org.hibernate.boot.model.internal.AnnotatedColumn -- Binding column: AnnotatedJoinColumn(column='preference_id')
15:29:32.809 [main] DEBUG org.hibernate.boot.model.internal.AnnotatedColumn -- Binding column: AnnotatedJoinColumn(column='ingredient_id')
15:29:32.809 [main] DEBUG org.hibernate.boot.model.internal.CollectionBinder -- Collection role: gr.aueb.dmst.Preferences.worstIngredients
15:29:32.809 [main] DEBUG org.hibernate.boot.model.internal.PropertyBinder -- Building property worstIngredients
15:29:32.809 [main] DEBUG org.hibernate.boot.registry.classloading.internal.ClassLoaderServiceImpl -- HHH000194: Package not found or wo package-info.java: gr.aueb.dmst
15:29:32.809 [main] DEBUG org.hibernate.boot.model.internal.EntityBinder -- Binding entity from annotated class: gr.aueb.dmst.Ingredient
15:29:32.809 [main] DEBUG org.hibernate.boot.model.internal.EntityBinder -- Import with entity name Ingredient
15:29:32.809 [main] DEBUG org.hibernate.boot.model.internal.EntityBinder -- Bind entity gr.aueb.dmst.Ingredient on table Ingredient
15:29:32.809 [main] DEBUG org.hibernate.boot.model.internal.AnnotatedColumn -- Binding column: AnnotatedDiscriminatorColumn(column='DTYPE')
15:29:32.809 [main] DEBUG org.hibernate.boot.model.internal.AnnotatedColumn -- Binding column: AnnotatedColumn()
15:29:32.809 [main] DEBUG org.hibernate.boot.internal.ClassLoaderAccessImpl -- Not known whether passed class name [gr.aueb.dmst.Ingredient] is safe
15:29:32.809 [main] DEBUG org.hibernate.boot.internal.ClassLoaderAccessImpl -- No temp ClassLoader provided; using live ClassLoader for loading potentially unsafe class : gr.aueb.dmst.Ingredient
15:29:32.809 [main] DEBUG org.hibernate.boot.model.internal.PropertyBinder -- MetadataSourceProcessor property ingr_id with lazy=false
15:29:32.809 [main] DEBUG org.hibernate.boot.model.internal.AbstractPropertyHolder -- Attempting to locate auto-apply AttributeConverter for property [gr.aueb.dmst.Ingredient:ingr_id]
15:29:32.809 [main] DEBUG org.hibernate.boot.model.internal.BasicValueBinder -- building BasicValue for ingr_id
15:29:32.809 [main] DEBUG org.hibernate.mapping.BasicValue -- Skipping column re-registration: Ingredient.ingr_id
15:29:32.809 [main] DEBUG org.hibernate.boot.model.internal.PropertyBinder -- Building property ingr_id
15:29:32.809 [main] DEBUG org.hibernate.boot.model.internal.BinderHelper -- #makeIdGenerator(BasicValue([Column(ingr_id)]), ingr_id, identity, , ...)
15:29:32.809 [main] DEBUG org.hibernate.boot.model.internal.AnnotatedColumn -- Binding column: AnnotatedColumn()
15:29:32.809 [main] DEBUG org.hibernate.boot.model.internal.PropertyBinder -- MetadataSourceProcessor property name with lazy=false
15:29:32.809 [main] DEBUG org.hibernate.boot.model.internal.AbstractPropertyHolder -- Attempting to locate auto-apply AttributeConverter for property [gr.aueb.dmst.Ingredient:name]
15:29:32.809 [main] DEBUG org.hibernate.boot.model.internal.BasicValueBinder -- building BasicValue for name
15:29:32.813 [main] DEBUG org.hibernate.mapping.BasicValue -- Skipping column re-registration: Ingredient.name
15:29:32.813 [main] DEBUG org.hibernate.boot.model.internal.PropertyBinder -- Building property name
15:29:32.813 [main] DEBUG org.hibernate.boot.registry.classloading.internal.ClassLoaderServiceImpl -- HHH000194: Package not found or wo package-info.java: gr.aueb.dmst
15:29:32.814 [main] DEBUG org.hibernate.boot.model.internal.BasicValueBinder -- Starting `BasicValueBinder#fillSimpleValue` for preferenceId
15:29:32.814 [main] DEBUG org.hibernate.boot.model.internal.BasicValueBinder -- Starting `BasicValueBinder#fillSimpleValue` for allergy
15:29:32.814 [main] DEBUG org.hibernate.boot.model.internal.BasicValueBinder -- Starting `BasicValueBinder#fillSimpleValue` for ingr_id
15:29:32.814 [main] DEBUG org.hibernate.boot.model.internal.BasicValueBinder -- Starting `BasicValueBinder#fillSimpleValue` for name
15:29:32.814 [main] DEBUG org.hibernate.mapping.PrimaryKey -- Forcing column [preferenceid] to be non-null as it is part of the primary key for table [preferences]
15:29:32.814 [main] DEBUG org.hibernate.mapping.PrimaryKey -- Forcing column [ingr_id] to be non-null as it is part of the primary key for table [ingredient]
15:29:32.814 [main] DEBUG org.hibernate.boot.model.internal.CollectionSecondPass -- Second pass for collection: gr.aueb.dmst.Preferences.worstIngredients
15:29:32.814 [main] DEBUG org.hibernate.boot.model.internal.CollectionBinder -- Binding a ManyToMany: gr.aueb.dmst.Preferences.worstIngredients
15:29:32.814 [main] DEBUG org.hibernate.boot.registry.classloading.internal.ClassLoaderServiceImpl -- HHH000194: Package not found or wo package-info.java: gr.aueb.dmst
15:29:32.816 [main] DEBUG org.hibernate.mapping.PrimaryKey -- Forcing column [preference_id] to be non-null as it is part of the primary key for table [preferences_worst_ingredients]
15:29:32.816 [main] DEBUG org.hibernate.mapping.PrimaryKey -- Forcing column [ingredient_id] to be non-null as it is part of the primary key for table [preferences_worst_ingredients]
15:29:32.816 [main] DEBUG org.hibernate.boot.model.internal.CollectionSecondPass -- Mapped collection key: preference_id, element: ingredient_id
15:29:32.816 [main] DEBUG org.hibernate.boot.model.internal.CollectionSecondPass -- Second pass for collection: gr.aueb.dmst.Preferences.favIngredients
15:29:32.816 [main] DEBUG org.hibernate.boot.model.internal.CollectionBinder -- Binding a ManyToMany: gr.aueb.dmst.Preferences.favIngredients
15:29:32.816 [main] DEBUG org.hibernate.boot.registry.classloading.internal.ClassLoaderServiceImpl -- HHH000194: Package not found or wo package-info.java: gr.aueb.dmst
15:29:32.816 [main] DEBUG org.hibernate.mapping.PrimaryKey -- Forcing column [preference_id] to be non-null as it is part of the primary key for table [preferences_fav_ingredients]
15:29:32.816 [main] DEBUG org.hibernate.mapping.PrimaryKey -- Forcing column [ingredient_id] to be non-null as it is part of the primary key for table [preferences_fav_ingredients]
15:29:32.816 [main] DEBUG org.hibernate.boot.model.internal.CollectionSecondPass -- Mapped collection key: preference_id, element: ingredient_id
15:29:32.816 [main] DEBUG org.hibernate.boot.internal.InFlightMetadataCollectorImpl -- Resolving reference to class: gr.aueb.dmst.Ingredient
15:29:32.816 [main] DEBUG org.hibernate.boot.internal.InFlightMetadataCollectorImpl -- Resolving reference to class: gr.aueb.dmst.Preferences
15:29:32.819 [main] DEBUG org.hibernate.boot.internal.InFlightMetadataCollectorImpl -- Resolving reference to class: gr.aueb.dmst.Ingredient
15:29:32.819 [main] DEBUG org.hibernate.boot.internal.InFlightMetadataCollectorImpl -- Resolving reference to class: gr.aueb.dmst.Preferences
15:29:32.821 [main] DEBUG org.hibernate.boot.internal.InFlightMetadataCollectorImpl -- Resolving reference to class: gr.aueb.dmst.Ingredient
15:29:32.821 [main] DEBUG org.hibernate.boot.internal.InFlightMetadataCollectorImpl -- Resolving reference to class: gr.aueb.dmst.Preferences
15:29:32.821 [main] DEBUG org.hibernate.boot.internal.InFlightMetadataCollectorImpl -- Resolving reference to class: gr.aueb.dmst.Ingredient
15:29:32.821 [main] DEBUG org.hibernate.boot.internal.InFlightMetadataCollectorImpl -- Resolving reference to class: gr.aueb.dmst.Preferences
15:29:32.822 [main] DEBUG org.hibernate.bytecode.internal.BytecodeProviderInitiator -- HHH000021: Bytecode provider: bytebuddy
15:29:32.824 [main] DEBUG org.hibernate.internal.SessionFactoryImpl -- Building session factory
15:29:32.824 [main] DEBUG org.hibernate.service.internal.SessionFactoryServiceRegistryImpl -- EventListenerRegistry access via ServiceRegistry is deprecated.  Use `sessionFactory.getEventEngine().getListenerRegistry()` instead
15:29:32.826 [main] DEBUG org.hibernate.internal.SessionFactoryImpl -- Instantiating SessionFactory with settings: {java.specification.version=21, sun.cpu.isalist=amd64, sun.jnu.encoding=Cp1253, hibernate.dialect=org.hibernate.dialect.H2Dialect, java.class.path=C:\Users\dxara\OneDrive\Υπολογιστής\ergasiapr\programming_project_test\peinai\target\test-classes;C:\Users\dxara\OneDrive\Υπολογιστής\ergasiapr\programming_project_test\peinai\target\classes;C:\Users\dxara\.m2\repository\org\junit\jupiter\junit-jupiter-api\5.10.1\junit-jupiter-api-5.10.1.jar;C:\Users\dxara\.m2\repository\org\opentest4j\opentest4j\1.3.0\opentest4j-1.3.0.jar;C:\Users\dxara\.m2\repository\org\junit\platform\junit-platform-commons\1.10.1\junit-platform-commons-1.10.1.jar;C:\Users\dxara\.m2\repository\org\apiguardian\apiguardian-api\1.1.2\apiguardian-api-1.1.2.jar;C:\Users\dxara\.m2\repository\org\junit\jupiter\junit-jupiter-engine\5.10.1\junit-jupiter-engine-5.10.1.jar;C:\Users\dxara\.m2\repository\org\junit\platform\junit-platform-engine\1.10.1\junit-platform-engine-1.10.1.jar;C:\Users\dxara\.m2\repository\com\fasterxml\jackson\core\jackson-databind\2.16.0\jackson-databind-2.16.0.jar;C:\Users\dxara\.m2\repository\com\fasterxml\jackson\core\jackson-annotations\2.16.0\jackson-annotations-2.16.0.jar;C:\Users\dxara\.m2\repository\com\fasterxml\jackson\core\jackson-core\2.16.0\jackson-core-2.16.0.jar;C:\Users\dxara\.m2\repository\com\h2database\h2\2.2.224\h2-2.2.224.jar;C:\Users\dxara\.m2\repository\org\hibernate\orm\hibernate-core\6.4.0.Final\hibernate-core-6.4.0.Final.jar;C:\Users\dxara\.m2\repository\jakarta\transaction\jakarta.transaction-api\2.0.1\jakarta.transaction-api-2.0.1.jar;C:\Users\dxara\.m2\repository\org\jboss\logging\jboss-logging\3.5.0.Final\jboss-logging-3.5.0.Final.jar;C:\Users\dxara\.m2\repository\org\hibernate\common\hibernate-commons-annotations\6.0.6.Final\hibernate-commons-annotations-6.0.6.Final.jar;C:\Users\dxara\.m2\repository\io\smallrye\jandex\3.1.2\jandex-3.1.2.jar;C:\Users\dxara\.m2\repository\com\fasterxml\classmate\1.5.1\classmate-1.5.1.jar;C:\Users\dxara\.m2\repository\net\bytebuddy\byte-buddy\1.14.7\byte-buddy-1.14.7.jar;C:\Users\dxara\.m2\repository\jakarta\xml\bind\jakarta.xml.bind-api\4.0.0\jakarta.xml.bind-api-4.0.0.jar;C:\Users\dxara\.m2\repository\jakarta\activation\jakarta.activation-api\2.1.0\jakarta.activation-api-2.1.0.jar;C:\Users\dxara\.m2\repository\org\glassfish\jaxb\jaxb-runtime\4.0.2\jaxb-runtime-4.0.2.jar;C:\Users\dxara\.m2\repository\org\glassfish\jaxb\jaxb-core\4.0.2\jaxb-core-4.0.2.jar;C:\Users\dxara\.m2\repository\org\eclipse\angus\angus-activation\2.0.0\angus-activation-2.0.0.jar;C:\Users\dxara\.m2\repository\org\glassfish\jaxb\txw2\4.0.2\txw2-4.0.2.jar;C:\Users\dxara\.m2\repository\com\sun\istack\istack-commons-runtime\4.1.1\istack-commons-runtime-4.1.1.jar;C:\Users\dxara\.m2\repository\jakarta\inject\jakarta.inject-api\2.0.1\jakarta.inject-api-2.0.1.jar;C:\Users\dxara\.m2\repository\org\antlr\antlr4-runtime\4.13.0\antlr4-runtime-4.13.0.jar;C:\Users\dxara\.m2\repository\jakarta\persistence\jakarta.persistence-api\3.1.0\jakarta.persistence-api-3.1.0.jar;C:\Users\dxara\.m2\repository\commons-codec\commons-codec\1.16.0\commons-codec-1.16.0.jar;C:\Users\dxara\.m2\repository\org\slf4j\slf4j-api\2.1.0-alpha1\slf4j-api-2.1.0-alpha1.jar;C:\Users\dxara\.m2\repository\ch\qos\logback\logback-classic\1.4.14\logback-classic-1.4.14.jar;C:\Users\dxara\.m2\repository\ch\qos\logback\logback-core\1.4.14\logback-core-1.4.14.jar;, java.vm.vendor=Oracle Corporation, sun.arch.data.model=64, user.variant=, java.vendor.url=https://java.oracle.com/, user.timezone=Europe/Athens, javax.persistence.jdbc.url=jdbc:h2:mem:test, javax.persistence.jdbc.user=****, java.vm.specification.version=21, os.name=Windows 11, jakarta.persistence.jdbc.password=****, sun.java.launcher=SUN_STANDARD, user.country=GR, local.setting.IS_JTA_TXN_COORD=false, sun.boot.library.path=C:\Program Files\Java\jdk-21\bin, sun.java.command=C:\Users\dxara\AppData\Local\Temp\surefire14782923762096003877\surefirebooter401555329087391359.jar C:\Users\dxara\AppData\Local\Temp\surefire14782923762096003877 2024-01-05T15-29-28_132-jvmRun1 surefire1507464878796894564tmp surefire_010697384790463017159tmp, jdk.debug=release, surefire.test.class.path=C:\Users\dxara\OneDrive\Υπολογιστής\ergasiapr\programming_project_test\peinai\target\test-classes;C:\Users\dxara\OneDrive\Υπολογιστής\ergasiapr\programming_project_test\peinai\target\classes;C:\Users\dxara\.m2\repository\org\junit\jupiter\junit-jupiter-api\5.10.1\junit-jupiter-api-5.10.1.jar;C:\Users\dxara\.m2\repository\org\opentest4j\opentest4j\1.3.0\opentest4j-1.3.0.jar;C:\Users\dxara\.m2\repository\org\junit\platform\junit-platform-commons\1.10.1\junit-platform-commons-1.10.1.jar;C:\Users\dxara\.m2\repository\org\apiguardian\apiguardian-api\1.1.2\apiguardian-api-1.1.2.jar;C:\Users\dxara\.m2\repository\org\junit\jupiter\junit-jupiter-engine\5.10.1\junit-jupiter-engine-5.10.1.jar;C:\Users\dxara\.m2\repository\org\junit\platform\junit-platform-engine\1.10.1\junit-platform-engine-1.10.1.jar;C:\Users\dxara\.m2\repository\com\fasterxml\jackson\core\jackson-databind\2.16.0\jackson-databind-2.16.0.jar;C:\Users\dxara\.m2\repository\com\fasterxml\jackson\core\jackson-annotations\2.16.0\jackson-annotations-2.16.0.jar;C:\Users\dxara\.m2\repository\com\fasterxml\jackson\core\jackson-core\2.16.0\jackson-core-2.16.0.jar;C:\Users\dxara\.m2\repository\com\h2database\h2\2.2.224\h2-2.2.224.jar;C:\Users\dxara\.m2\repository\org\hibernate\orm\hibernate-core\6.4.0.Final\hibernate-core-6.4.0.Final.jar;C:\Users\dxara\.m2\repository\jakarta\transaction\jakarta.transaction-api\2.0.1\jakarta.transaction-api-2.0.1.jar;C:\Users\dxara\.m2\repository\org\jboss\logging\jboss-logging\3.5.0.Final\jboss-logging-3.5.0.Final.jar;C:\Users\dxara\.m2\repository\org\hibernate\common\hibernate-commons-annotations\6.0.6.Final\hibernate-commons-annotations-6.0.6.Final.jar;C:\Users\dxara\.m2\repository\io\smallrye\jandex\3.1.2\jandex-3.1.2.jar;C:\Users\dxara\.m2\repository\com\fasterxml\classmate\1.5.1\classmate-1.5.1.jar;C:\Users\dxara\.m2\repository\net\bytebuddy\byte-buddy\1.14.7\byte-buddy-1.14.7.jar;C:\Users\dxara\.m2\repository\jakarta\xml\bind\jakarta.xml.bind-api\4.0.0\jakarta.xml.bind-api-4.0.0.jar;C:\Users\dxara\.m2\repository\jakarta\activation\jakarta.activation-api\2.1.0\jakarta.activation-api-2.1.0.jar;C:\Users\dxara\.m2\repository\org\glassfish\jaxb\jaxb-runtime\4.0.2\jaxb-runtime-4.0.2.jar;C:\Users\dxara\.m2\repository\org\glassfish\jaxb\jaxb-core\4.0.2\jaxb-core-4.0.2.jar;C:\Users\dxara\.m2\repository\org\eclipse\angus\angus-activation\2.0.0\angus-activation-2.0.0.jar;C:\Users\dxara\.m2\repository\org\glassfish\jaxb\txw2\4.0.2\txw2-4.0.2.jar;C:\Users\dxara\.m2\repository\com\sun\istack\istack-commons-runtime\4.1.1\istack-commons-runtime-4.1.1.jar;C:\Users\dxara\.m2\repository\jakarta\inject\jakarta.inject-api\2.0.1\jakarta.inject-api-2.0.1.jar;C:\Users\dxara\.m2\repository\org\antlr\antlr4-runtime\4.13.0\antlr4-runtime-4.13.0.jar;C:\Users\dxara\.m2\repository\jakarta\persistence\jakarta.persistence-api\3.1.0\jakarta.persistence-api-3.1.0.jar;C:\Users\dxara\.m2\repository\commons-codec\commons-codec\1.16.0\commons-codec-1.16.0.jar;C:\Users\dxara\.m2\repository\org\slf4j\slf4j-api\2.1.0-alpha1\slf4j-api-2.1.0-alpha1.jar;C:\Users\dxara\.m2\repository\ch\qos\logback\logback-classic\1.4.14\logback-classic-1.4.14.jar;C:\Users\dxara\.m2\repository\ch\qos\logback\logback-core\1.4.14\logback-core-1.4.14.jar;, jakarta.persistence.jdbc.driver=org.h2.Driver, sun.cpu.endian=little, user.home=C:\Users\dxara, user.language=el, java.specification.vendor=Oracle Corporation, java.version.date=2023-09-19, java.home=C:\Program Files\Java\jdk-21, file.separator=\, basedir=C:\Users\dxara\OneDrive\Υπολογιστής\ergasiapr\programming_project_test\peinai, java.vm.compressedOopsMode=Zero based, jakarta.persistence.jdbc.user=****, line.separator=
, hibernate.persistenceUnitName=peinai, java.vm.specification.vendor=Oracle Corporation, java.specification.name=Java Platform API Specification, hibernate.transaction.coordinator_class=class org.hibernate.resource.transaction.backend.jdbc.internal.JdbcResourceLocalTransactionCoordinatorBuilderImpl, javax.persistence.jdbc.driver=org.h2.Driver, surefire.real.class.path=C:\Users\dxara\AppData\Local\Temp\surefire14782923762096003877\surefirebooter401555329087391359.jar, hibernate.hbm2ddl.auto=update, user.script=, sun.management.compiler=HotSpot 64-Bit Tiered Compilers, java.runtime.version=21+35-LTS-2513, user.name=dxara, stdout.encoding=Cp1253, path.separator=;, hibernate.connection.username=****, os.version=10.0, java.runtime.name=Java(TM) SE Runtime Environment, hibernate.connection.url=jdbc:h2:mem:test, file.encoding=UTF-8, java.vm.name=Java HotSpot(TM) 64-Bit Server VM, hibernate.show_sql=true, localRepository=C:\Users\dxara\.m2\repository, hibernate.connection.driver_class=org.h2.Driver, java.vendor.url.bug=https://bugreport.java.com/bugreport/, java.io.tmpdir=C:\Users\dxara\AppData\Local\Temp\, java.version=21, user.dir=C:\Users\dxara\OneDrive\Υπολογιστής\ergasiapr\programming_project_test\peinai, os.arch=amd64, java.vm.specification.name=Java Virtual Machine Specification, hibernate.connection.password=****, sun.os.patch.level=, jakarta.persistence.jdbc.url=jdbc:h2:mem:test, hibernate.boot.CfgXmlAccessService.key=org.hibernate.boot.registry.StandardServiceRegistryBuilder$1@29892a77, native.encoding=Cp1253, java.library.path=C:\Program Files\Java\jdk-21\bin;C:\Windows\Sun\Java\bin;C:\Windows\system32;C:\Windows;C:\Program Files\Git\cmd;C:\Windows\system32;C:\Windows;C:\Windows\System32\Wbem;C:\Windows\System32\WindowsPowerShell\v1.0\;C:\Windows\System32\OpenSSH\;C:\Program Files\dotnet\;C:\Program Files\Java\jdk-21\bin;C:\Program Files\IBM\SPSS\Statistics\22\JRE\bin;C:\Program Files (x86)\Microsoft SQL Server\160\Tools\Binn\;C:\Program Files\Microsoft SQL Server\160\Tools\Binn\;C:\Program Files\Microsoft SQL Server\Client SDK\ODBC\170\Tools\Binn\;C:\Program Files\Microsoft SQL Server\160\DTS\Binn\;C:\Program Files\Git\cmd;C:\Program Files\apache-maven-3.9.5\bin;C:\Program Files (x86)\Microsoft SQL Server\160\DTS\Binn\;C:\Program Files\Azure Data Studio\bin;C:\Users\dxara\AppData\Local\Microsoft\WindowsApps;C:\Users\dxara\AppData\Local\Programs\Microsoft VS Code\bin;C:\Users\dxara\AppData\Local\GitHubDesktop\bin;C:\Program Files\Azure Data Studio\bin;., stderr.encoding=Cp1253, java.vendor=Oracle Corporation, java.vm.info=mixed mode, sharing, java.vm.version=21+35-LTS-2513, sun.io.unicode.encoding=UnicodeLittle, javax.persistence.jdbc.password=****, java.class.version=65.0}
15:29:32.826 [main] DEBUG org.hibernate.internal.SessionFactoryImpl -- Session factory constructed with filter configurations : {}
15:29:32.826 [main] DEBUG org.hibernate.query.sqm.function.SqmFunctionRegistry -- Registered SqmFunctionTemplate [NamedSqmFunctionTemplate(max)] under max; prior registration was null
15:29:32.826 [main] DEBUG org.hibernate.query.sqm.function.SqmFunctionRegistry -- Registered SqmFunctionTemplate [NamedSqmFunctionTemplate(min)] under min; prior registration was null
15:29:32.826 [main] DEBUG org.hibernate.query.sqm.function.SqmFunctionRegistry -- Registered SqmFunctionTemplate [NamedSqmFunctionTemplate(sum)] under sum; prior registration was null
15:29:32.826 [main] DEBUG org.hibernate.query.sqm.function.SqmFunctionRegistry -- Registered SqmFunctionTemplate [NamedSqmFunctionTemplate(avg)] under avg; prior registration was null
15:29:32.826 [main] DEBUG org.hibernate.query.sqm.function.SqmFunctionRegistry -- Registered SqmFunctionTemplate [org.hibernate.dialect.function.CountFunction@5341e71a] under count; prior registration was null
15:29:32.826 [main] DEBUG org.hibernate.query.sqm.function.SqmFunctionRegistry -- Registered SqmFunctionTemplate [org.hibernate.dialect.function.EveryAnyEmulation@405d8a80] under every; prior registration was null
15:29:32.826 [main] DEBUG org.hibernate.query.sqm.function.SqmFunctionRegistry -- Registered SqmFunctionTemplate [org.hibernate.dialect.function.EveryAnyEmulation@ac4e690] under any; prior registration was null
15:29:32.826 [main] DEBUG org.hibernate.query.sqm.function.SqmFunctionRegistry -- Registered SqmFunctionTemplate [NamedSqmFunctionTemplate(floor)] under floor; prior registration was null
15:29:32.826 [main] DEBUG org.hibernate.query.sqm.function.SqmFunctionRegistry -- Registered SqmFunctionTemplate [NamedSqmFunctionTemplate(ceiling)] under ceiling; prior registration was null
15:29:32.826 [main] DEBUG org.hibernate.query.sqm.function.SqmFunctionRegistry -- Registered SqmFunctionTemplate [NamedSqmFunctionTemplate(mod)] under mod; prior registration was null
15:29:32.826 [main] DEBUG org.hibernate.query.sqm.function.SqmFunctionRegistry -- Registered SqmFunctionTemplate [NamedSqmFunctionTemplate(abs)] under abs; prior registration was null
15:29:32.826 [main] DEBUG org.hibernate.query.sqm.function.SqmFunctionRegistry -- Registered SqmFunctionTemplate [NamedSqmFunctionTemplate(sign)] under sign; prior registration was null
15:29:32.826 [main] DEBUG org.hibernate.query.sqm.function.SqmFunctionRegistry -- Registered SqmFunctionTemplate [NamedSqmFunctionTemplate(sqrt)] under sqrt; prior registration was null
15:29:32.826 [main] DEBUG org.hibernate.query.sqm.function.SqmFunctionRegistry -- Registered SqmFunctionTemplate [NamedSqmFunctionTemplate(ln)] under ln; prior registration was null
15:29:32.826 [main] DEBUG org.hibernate.query.sqm.function.SqmFunctionRegistry -- Registered SqmFunctionTemplate [NamedSqmFunctionTemplate(exp)] under exp; prior registration was null
15:29:32.826 [main] DEBUG org.hibernate.query.sqm.function.SqmFunctionRegistry -- Registered SqmFunctionTemplate [NamedSqmFunctionTemplate(power)] under power; prior registration was null
15:29:32.826 [main] DEBUG org.hibernate.query.sqm.function.SqmFunctionRegistry -- Registered SqmFunctionTemplate [NamedSqmFunctionTemplate(round)] under round; prior registration was null
15:29:32.826 [main] DEBUG org.hibernate.query.sqm.function.SqmFunctionRegistry -- Registered SqmFunctionTemplate [NamedSqmFunctionTemplate(sin)] under sin; prior registration was null
15:29:32.826 [main] DEBUG org.hibernate.query.sqm.function.SqmFunctionRegistry -- Registered SqmFunctionTemplate [NamedSqmFunctionTemplate(cos)] under cos; prior registration was null
15:29:32.826 [main] DEBUG org.hibernate.query.sqm.function.SqmFunctionRegistry -- Registered SqmFunctionTemplate [NamedSqmFunctionTemplate(tan)] under tan; prior registration was null
15:29:32.826 [main] DEBUG org.hibernate.query.sqm.function.SqmFunctionRegistry -- Registered SqmFunctionTemplate [NamedSqmFunctionTemplate(asin)] under asin; prior registration was null
15:29:32.826 [main] DEBUG org.hibernate.query.sqm.function.SqmFunctionRegistry -- Registered SqmFunctionTemplate [NamedSqmFunctionTemplate(acos)] under acos; prior registration was null
15:29:32.826 [main] DEBUG org.hibernate.query.sqm.function.SqmFunctionRegistry -- Registered SqmFunctionTemplate [NamedSqmFunctionTemplate(atan)] under atan; prior registration was null
15:29:32.826 [main] DEBUG org.hibernate.query.sqm.function.SqmFunctionRegistry -- Registered SqmFunctionTemplate [NamedSqmFunctionTemplate(atan2)] under atan2; prior registration was null
15:29:32.826 [main] DEBUG org.hibernate.query.sqm.function.SqmFunctionRegistry -- Registered SqmFunctionTemplate [org.hibernate.query.sqm.function.PatternBasedSqmFunctionDescriptor@6afeaf2d] under sinh; prior registration was null
15:29:32.826 [main] DEBUG org.hibernate.query.sqm.function.SqmFunctionRegistry -- Registered SqmFunctionTemplate [org.hibernate.query.sqm.function.PatternBasedSqmFunctionDescriptor@365bfc5f] under cosh; prior registration was null
15:29:32.826 [main] DEBUG org.hibernate.query.sqm.function.SqmFunctionRegistry -- Registered SqmFunctionTemplate [org.hibernate.query.sqm.function.PatternBasedSqmFunctionDescriptor@1a7e799e] under tanh; prior registration was null
15:29:32.826 [main] DEBUG org.hibernate.query.sqm.function.SqmFunctionRegistry -- Registered SqmFunctionTemplate [org.hibernate.query.sqm.function.PatternBasedSqmFunctionDescriptor@37a3ec27] under pi; prior registration was null
15:29:32.826 [main] DEBUG org.hibernate.query.sqm.function.SqmFunctionRegistry -- Registered SqmFunctionTemplate [org.hibernate.query.sqm.function.PatternBasedSqmFunctionDescriptor@283baa39] under log; prior registration was null
15:29:32.826 [main] DEBUG org.hibernate.query.sqm.function.SqmFunctionRegistry -- Registered SqmFunctionTemplate [NamedSqmFunctionTemplate(coalesce)] under coalesce; prior registration was null
15:29:32.826 [main] DEBUG org.hibernate.query.sqm.function.SqmFunctionRegistry -- Registered SqmFunctionTemplate [NamedSqmFunctionTemplate(nullif)] under nullif; prior registration was null
15:29:32.826 [main] DEBUG org.hibernate.query.sqm.function.SqmFunctionRegistry -- Registered SqmFunctionTemplate [NamedSqmFunctionTemplate(left)] under left; prior registration was null
15:29:32.826 [main] DEBUG org.hibernate.query.sqm.function.SqmFunctionRegistry -- Registered SqmFunctionTemplate [NamedSqmFunctionTemplate(right)] under right; prior registration was null
15:29:32.826 [main] DEBUG org.hibernate.query.sqm.function.SqmFunctionRegistry -- Registered SqmFunctionTemplate [NamedSqmFunctionTemplate(replace)] under replace; prior registration was null
15:29:32.826 [main] DEBUG org.hibernate.query.sqm.function.SqmFunctionRegistry -- Registered SqmFunctionTemplate [NamedSqmFunctionTemplate(concat)] under concat; prior registration was null
15:29:32.826 [main] DEBUG org.hibernate.query.sqm.function.SqmFunctionRegistry -- Registered SqmFunctionTemplate [NamedSqmFunctionTemplate(lower)] under lower; prior registration was null
15:29:32.826 [main] DEBUG org.hibernate.query.sqm.function.SqmFunctionRegistry -- Registered SqmFunctionTemplate [NamedSqmFunctionTemplate(upper)] under upper; prior registration was null
15:29:32.826 [main] DEBUG org.hibernate.query.sqm.function.SqmFunctionRegistry -- Registered SqmFunctionTemplate [NamedSqmFunctionTemplate(substring)] under substring; prior registration was null
15:29:32.826 [main] DEBUG org.hibernate.query.sqm.function.SqmFunctionRegistry -- Registered SqmFunctionTemplate [NamedSqmFunctionTemplate(locate)] under locate; prior registration was null
15:29:32.826 [main] DEBUG org.hibernate.query.sqm.function.SqmFunctionRegistry -- Registered SqmFunctionTemplate [NamedSqmFunctionTemplate(character_length)] under character_length; prior registration was null
15:29:32.826 [main] DEBUG org.hibernate.query.sqm.function.SqmFunctionRegistry -- Registering alternate key : length -> character_length
15:29:32.826 [main] DEBUG org.hibernate.query.sqm.function.SqmFunctionRegistry -- Registered SqmFunctionTemplate [org.hibernate.dialect.function.LocatePositionEmulation@416b1265] under position; prior registration was null
15:29:32.826 [main] DEBUG org.hibernate.query.sqm.function.SqmFunctionRegistry -- Registered SqmFunctionTemplate [org.hibernate.dialect.function.InsertSubstringOverlayEmulation@2830315f] under overlay; prior registration was null
15:29:32.826 [main] DEBUG org.hibernate.query.sqm.function.SqmFunctionRegistry -- Registered SqmFunctionTemplate [org.hibernate.dialect.function.TrimFunction@da22aa] under trim; prior registration was null
15:29:32.826 [main] DEBUG org.hibernate.query.sqm.function.SqmFunctionRegistry -- Registered SqmFunctionTemplate [org.hibernate.dialect.function.CastFunction@75452aea] under cast; prior registration was null
15:29:32.826 [main] DEBUG org.hibernate.query.sqm.function.SqmFunctionRegistry -- Registered SqmFunctionTemplate [org.hibernate.query.sqm.function.PatternBasedSqmFunctionDescriptor@6c24f61d] under collate; prior registration was null
15:29:32.826 [main] DEBUG org.hibernate.query.sqm.function.SqmFunctionRegistry -- Registered SqmFunctionTemplate [org.hibernate.dialect.function.ExtractFunction@4537880f] under extract; prior registration was null
15:29:32.826 [main] DEBUG org.hibernate.query.sqm.function.SqmFunctionRegistry -- Registered SqmFunctionTemplate [NamedSqmFunctionTemplate(least)] under least; prior registration was null
15:29:32.826 [main] DEBUG org.hibernate.query.sqm.function.SqmFunctionRegistry -- Registered SqmFunctionTemplate [NamedSqmFunctionTemplate(greatest)] under greatest; prior registration was null
15:29:32.826 [main] DEBUG org.hibernate.query.sqm.function.SqmFunctionRegistry -- Registered SqmFunctionTemplate [org.hibernate.dialect.function.CoalesceIfnullEmulation@14292d71] under ifnull; prior registration was null
15:29:32.826 [main] DEBUG org.hibernate.query.sqm.function.SqmFunctionRegistry -- Registered SqmFunctionTemplate [NamedSqmFunctionTemplate(lpad)] under lpad; prior registration was null
15:29:32.826 [main] DEBUG org.hibernate.query.sqm.function.SqmFunctionRegistry -- Registered SqmFunctionTemplate [NamedSqmFunctionTemplate(rpad)] under rpad; prior registration was null
15:29:32.826 [main] DEBUG org.hibernate.query.sqm.function.SqmFunctionRegistry -- Registered SqmFunctionTemplate [org.hibernate.dialect.function.LpadRpadPadEmulation@48e74764] under pad; prior registration was null
15:29:32.826 [main] DEBUG org.hibernate.query.sqm.function.SqmFunctionRegistry -- Registered SqmFunctionTemplate [org.hibernate.dialect.function.CastStrEmulation@338d47b] under str; prior registration was null
15:29:32.826 [main] DEBUG org.hibernate.query.sqm.function.SqmFunctionRegistry -- Registered SqmFunctionTemplate [org.hibernate.dialect.function.FormatFunction@7a3643e3] under format; prior registration was null
15:29:32.826 [main] DEBUG org.hibernate.query.sqm.function.SqmFunctionRegistry -- Registered SqmFunctionTemplate [org.hibernate.dialect.function.TimestampaddFunction@2729bb71] under timestampadd; prior registration was null
15:29:32.826 [main] DEBUG org.hibernate.query.sqm.function.SqmFunctionRegistry -- Registered SqmFunctionTemplate [org.hibernate.dialect.function.TimestampdiffFunction@55071497] under timestampdiff; prior registration was null
15:29:32.826 [main] DEBUG org.hibernate.query.sqm.function.SqmFunctionRegistry -- Registering alternate key : dateadd -> timestampadd
15:29:32.826 [main] DEBUG org.hibernate.query.sqm.function.SqmFunctionRegistry -- Registering alternate key : datediff -> timestampdiff
15:29:32.826 [main] DEBUG org.hibernate.query.sqm.function.SqmFunctionRegistry -- Registered SqmFunctionTemplate [org.hibernate.dialect.function.CurrentFunction@10d98940] under current_date; prior registration was null
15:29:32.826 [main] DEBUG org.hibernate.query.sqm.function.SqmFunctionRegistry -- Registered SqmFunctionTemplate [org.hibernate.dialect.function.CurrentFunction@58b8f9e3] under current_time; prior registration was null
15:29:32.826 [main] DEBUG org.hibernate.query.sqm.function.SqmFunctionRegistry -- Registered SqmFunctionTemplate [org.hibernate.dialect.function.CurrentFunction@32a033b6] under current_timestamp; prior registration was null
15:29:32.826 [main] DEBUG org.hibernate.query.sqm.function.SqmFunctionRegistry -- Registering alternate key : current date -> current_date
15:29:32.826 [main] DEBUG org.hibernate.query.sqm.function.SqmFunctionRegistry -- Registering alternate key : current time -> current_time
15:29:32.826 [main] DEBUG org.hibernate.query.sqm.function.SqmFunctionRegistry -- Registering alternate key : current timestamp -> current_timestamp
15:29:32.826 [main] DEBUG org.hibernate.query.sqm.function.SqmFunctionRegistry -- Registered SqmFunctionTemplate [org.hibernate.dialect.function.CurrentFunction@5f6e2ad9] under local_date; prior registration was null
15:29:32.826 [main] DEBUG org.hibernate.query.sqm.function.SqmFunctionRegistry -- Registered SqmFunctionTemplate [org.hibernate.dialect.function.CurrentFunction@3212bfd] under local_time; prior registration was null
15:29:32.826 [main] DEBUG org.hibernate.query.sqm.function.SqmFunctionRegistry -- Registered SqmFunctionTemplate [org.hibernate.dialect.function.CurrentFunction@1cc9bd9b] under local_datetime; prior registration was null
15:29:32.826 [main] DEBUG org.hibernate.query.sqm.function.SqmFunctionRegistry -- Registered SqmFunctionTemplate [org.hibernate.dialect.function.CurrentFunction@2f471037] under offset_datetime; prior registration was null
15:29:32.826 [main] DEBUG org.hibernate.query.sqm.function.SqmFunctionRegistry -- Registering alternate key : local date -> local_date
15:29:32.826 [main] DEBUG org.hibernate.query.sqm.function.SqmFunctionRegistry -- Registering alternate key : local time -> local_time
15:29:32.826 [main] DEBUG org.hibernate.query.sqm.function.SqmFunctionRegistry -- Registering alternate key : local datetime -> local_datetime
15:29:32.826 [main] DEBUG org.hibernate.query.sqm.function.SqmFunctionRegistry -- Registering alternate key : offset datetime -> offset_datetime
15:29:32.826 [main] DEBUG org.hibernate.query.sqm.function.SqmFunctionRegistry -- Registered SqmFunctionTemplate [org.hibernate.dialect.function.CurrentFunction@1d1cfe4] under instant; prior registration was null
15:29:32.826 [main] DEBUG org.hibernate.query.sqm.function.SqmFunctionRegistry -- Registering alternate key : current_instant -> instant
15:29:32.826 [main] DEBUG org.hibernate.query.sqm.function.SqmFunctionRegistry -- Registered SqmFunctionTemplate [org.hibernate.dialect.function.SqlFunction@ba562e0] under sql; prior registration was null
15:29:32.826 [main] DEBUG org.hibernate.query.sqm.function.SqmFunctionRegistry -- Registered SqmFunctionTemplate [NamedSqmFunctionTemplate(max)] under max; prior registration was NamedSqmFunctionTemplate(max)
15:29:32.826 [main] DEBUG org.hibernate.query.sqm.function.SqmFunctionRegistry -- Registered SqmFunctionTemplate [NamedSqmFunctionTemplate(min)] under min; prior registration was NamedSqmFunctionTemplate(min)
15:29:32.826 [main] DEBUG org.hibernate.query.sqm.function.SqmFunctionRegistry -- Registered SqmFunctionTemplate [NamedSqmFunctionTemplate(sum)] under sum; prior registration was NamedSqmFunctionTemplate(sum)
15:29:32.826 [main] DEBUG org.hibernate.query.sqm.function.SqmFunctionRegistry -- Registered SqmFunctionTemplate [NamedSqmFunctionTemplate(avg)] under avg; prior registration was NamedSqmFunctionTemplate(avg)
15:29:32.826 [main] DEBUG org.hibernate.query.sqm.function.SqmFunctionRegistry -- Registered SqmFunctionTemplate [org.hibernate.dialect.function.CountFunction@5a51336a] under count; prior registration was org.hibernate.dialect.function.CountFunction@5341e71a
15:29:32.826 [main] DEBUG org.hibernate.query.sqm.function.SqmFunctionRegistry -- Registered SqmFunctionTemplate [org.hibernate.dialect.function.AvgFunction@4d8056bf] under avg; prior registration was NamedSqmFunctionTemplate(avg)
15:29:32.826 [main] DEBUG org.hibernate.query.sqm.function.SqmFunctionRegistry -- Registered SqmFunctionTemplate [NamedSqmFunctionTemplate(pi)] under pi; prior registration was org.hibernate.query.sqm.function.PatternBasedSqmFunctionDescriptor@37a3ec27
15:29:32.826 [main] DEBUG org.hibernate.query.sqm.function.SqmFunctionRegistry -- Registered SqmFunctionTemplate [NamedSqmFunctionTemplate(cot)] under cot; prior registration was null
15:29:32.826 [main] DEBUG org.hibernate.query.sqm.function.SqmFunctionRegistry -- Registered SqmFunctionTemplate [NamedSqmFunctionTemplate(radians)] under radians; prior registration was null
15:29:32.826 [main] DEBUG org.hibernate.query.sqm.function.SqmFunctionRegistry -- Registered SqmFunctionTemplate [NamedSqmFunctionTemplate(degrees)] under degrees; prior registration was null
15:29:32.826 [main] DEBUG org.hibernate.query.sqm.function.SqmFunctionRegistry -- Registered SqmFunctionTemplate [NamedSqmFunctionTemplate(log10)] under log10; prior registration was null
15:29:32.826 [main] DEBUG org.hibernate.query.sqm.function.SqmFunctionRegistry -- Registered SqmFunctionTemplate [org.hibernate.query.sqm.function.PatternBasedSqmFunctionDescriptor@42211e04] under mod; prior registration was NamedSqmFunctionTemplate(mod)
15:29:32.826 [main] DEBUG org.hibernate.query.sqm.function.SqmFunctionRegistry -- Registered SqmFunctionTemplate [NamedSqmFunctionTemplate(rand)] under rand; prior registration was null
15:29:32.826 [main] DEBUG org.hibernate.query.sqm.function.SqmFunctionRegistry -- Registered SqmFunctionTemplate [NamedSqmFunctionTemplate(soundex)] under soundex; prior registration was null
15:29:32.826 [main] DEBUG org.hibernate.query.sqm.function.SqmFunctionRegistry -- Registered SqmFunctionTemplate [NamedSqmFunctionTemplate(translate)] under translate; prior registration was null
15:29:32.826 [main] DEBUG org.hibernate.query.sqm.function.SqmFunctionRegistry -- Registered SqmFunctionTemplate [NamedSqmFunctionTemplate(bitand)] under bitand; prior registration was null
15:29:32.826 [main] DEBUG org.hibernate.query.sqm.function.SqmFunctionRegistry -- Registered SqmFunctionTemplate [NamedSqmFunctionTemplate(bitor)] under bitor; prior registration was null
15:29:32.826 [main] DEBUG org.hibernate.query.sqm.function.SqmFunctionRegistry -- Registered SqmFunctionTemplate [NamedSqmFunctionTemplate(bitxor)] under bitxor; prior registration was null
15:29:32.826 [main] DEBUG org.hibernate.query.sqm.function.SqmFunctionRegistry -- Registered SqmFunctionTemplate [NamedSqmFunctionTemplate(bit_and)] under bit_and; prior registration was null
15:29:32.826 [main] DEBUG org.hibernate.query.sqm.function.SqmFunctionRegistry -- Registered SqmFunctionTemplate [NamedSqmFunctionTemplate(bit_or)] under bit_or; prior registration was null
15:29:32.826 [main] DEBUG org.hibernate.query.sqm.function.SqmFunctionRegistry -- Registered SqmFunctionTemplate [NamedSqmFunctionTemplate(day)] under day; prior registration was null
15:29:32.826 [main] DEBUG org.hibernate.query.sqm.function.SqmFunctionRegistry -- Registered SqmFunctionTemplate [NamedSqmFunctionTemplate(month)] under month; prior registration was null
15:29:32.826 [main] DEBUG org.hibernate.query.sqm.function.SqmFunctionRegistry -- Registered SqmFunctionTemplate [NamedSqmFunctionTemplate(year)] under year; prior registration was null
15:29:32.826 [main] DEBUG org.hibernate.query.sqm.function.SqmFunctionRegistry -- Registered SqmFunctionTemplate [NamedSqmFunctionTemplate(hour)] under hour; prior registration was null
15:29:32.826 [main] DEBUG org.hibernate.query.sqm.function.SqmFunctionRegistry -- Registered SqmFunctionTemplate [NamedSqmFunctionTemplate(minute)] under minute; prior registration was null
15:29:32.826 [main] DEBUG org.hibernate.query.sqm.function.SqmFunctionRegistry -- Registered SqmFunctionTemplate [NamedSqmFunctionTemplate(second)] under second; prior registration was null
15:29:32.826 [main] DEBUG org.hibernate.query.sqm.function.SqmFunctionRegistry -- Registered SqmFunctionTemplate [NamedSqmFunctionTemplate(microsecond)] under microsecond; prior registration was null
15:29:32.826 [main] DEBUG org.hibernate.query.sqm.function.SqmFunctionRegistry -- Registered SqmFunctionTemplate [NamedSqmFunctionTemplate(day_of_week)] under day_of_week; prior registration was null
15:29:32.826 [main] DEBUG org.hibernate.query.sqm.function.SqmFunctionRegistry -- Registered SqmFunctionTemplate [NamedSqmFunctionTemplate(day_of_month)] under day_of_month; prior registration was null
15:29:32.826 [main] DEBUG org.hibernate.query.sqm.function.SqmFunctionRegistry -- Registering alternate key : day -> day_of_month
15:29:32.826 [main] DEBUG org.hibernate.query.sqm.function.SqmFunctionRegistry -- Registered SqmFunctionTemplate [NamedSqmFunctionTemplate(day_of_year)] under day_of_year; prior registration was null
15:29:32.826 [main] DEBUG org.hibernate.query.sqm.function.SqmFunctionRegistry -- Registered SqmFunctionTemplate [NamedSqmFunctionTemplate(week)] under week; prior registration was null
15:29:32.826 [main] DEBUG org.hibernate.query.sqm.function.SqmFunctionRegistry -- Registered SqmFunctionTemplate [NamedSqmFunctionTemplate(quarter)] under quarter; prior registration was null
15:29:32.826 [main] DEBUG org.hibernate.query.sqm.function.SqmFunctionRegistry -- Registered SqmFunctionTemplate [NamedSqmFunctionTemplate(monthname)] under monthname; prior registration was null
15:29:32.826 [main] DEBUG org.hibernate.query.sqm.function.SqmFunctionRegistry -- Registered SqmFunctionTemplate [NamedSqmFunctionTemplate(dayname)] under dayname; prior registration was null
15:29:32.826 [main] DEBUG org.hibernate.query.sqm.function.SqmFunctionRegistry -- Registered SqmFunctionTemplate [NamedSqmFunctionTemplate(localtime)] under localtime; prior registration was null
15:29:32.826 [main] DEBUG org.hibernate.query.sqm.function.SqmFunctionRegistry -- Registered SqmFunctionTemplate [NamedSqmFunctionTemplate(localtimestamp)] under localtimestamp; prior registration was null
15:29:32.826 [main] DEBUG org.hibernate.query.sqm.function.SqmFunctionRegistry -- Registered SqmFunctionTemplate [NamedSqmFunctionTemplate(localtime)] under local_time; prior registration was org.hibernate.dialect.function.CurrentFunction@3212bfd
15:29:32.826 [main] DEBUG org.hibernate.query.sqm.function.SqmFunctionRegistry -- Registered SqmFunctionTemplate [NamedSqmFunctionTemplate(localtimestamp)] under local_datetime; prior registration was org.hibernate.dialect.function.CurrentFunction@1cc9bd9b
15:29:32.826 [main] DEBUG org.hibernate.query.sqm.function.SqmFunctionRegistry -- Registered SqmFunctionTemplate [org.hibernate.dialect.function.TruncFunction@6233c6c2] under trunc; prior registration was null
15:29:32.826 [main] DEBUG org.hibernate.query.sqm.function.SqmFunctionRegistry -- Registering alternate key : truncate -> trunc
15:29:32.826 [main] DEBUG org.hibernate.query.sqm.function.SqmFunctionRegistry -- Registered SqmFunctionTemplate [org.hibernate.query.sqm.function.PatternBasedSqmFunctionDescriptor@312a738d] under date_trunc; prior registration was null
15:29:32.826 [main] DEBUG org.hibernate.query.sqm.function.SqmFunctionRegistry -- Registered SqmFunctionTemplate [NamedSqmFunctionTemplate(bit_length)] under bit_length; prior registration was null
15:29:32.826 [main] DEBUG org.hibernate.query.sqm.function.SqmFunctionRegistry -- Registered SqmFunctionTemplate [NamedSqmFunctionTemplate(octet_length)] under octet_length; prior registration was null
15:29:32.826 [main] DEBUG org.hibernate.query.sqm.function.SqmFunctionRegistry -- Registered SqmFunctionTemplate [NamedSqmFunctionTemplate(ascii)] under ascii; prior registration was null
15:29:32.826 [main] DEBUG org.hibernate.query.sqm.function.SqmFunctionRegistry -- Registered SqmFunctionTemplate [NamedSqmFunctionTemplate(octet_length)] under octet_length; prior registration was NamedSqmFunctionTemplate(octet_length)
15:29:32.826 [main] DEBUG org.hibernate.query.sqm.function.SqmFunctionRegistry -- Registered SqmFunctionTemplate [NamedSqmFunctionTemplate(space)] under space; prior registration was null
15:29:32.826 [main] DEBUG org.hibernate.query.sqm.function.SqmFunctionRegistry -- Registered SqmFunctionTemplate [NamedSqmFunctionTemplate(repeat)] under repeat; prior registration was null
15:29:32.826 [main] DEBUG org.hibernate.query.sqm.function.SqmFunctionRegistry -- Registered SqmFunctionTemplate [NamedSqmFunctionTemplate(char)] under char; prior registration was null
15:29:32.826 [main] DEBUG org.hibernate.query.sqm.function.SqmFunctionRegistry -- Registering alternate key : chr -> char
15:29:32.826 [main] DEBUG org.hibernate.query.sqm.function.SqmFunctionRegistry -- Registered SqmFunctionTemplate [NamedSqmFunctionTemplate(instr)] under instr; prior registration was null
15:29:32.826 [main] DEBUG org.hibernate.query.sqm.function.SqmFunctionRegistry -- Registered SqmFunctionTemplate [NamedSqmFunctionTemplate(substr)] under substr; prior registration was null
15:29:32.826 [main] DEBUG org.hibernate.query.sqm.function.SqmFunctionRegistry -- Registered SqmFunctionTemplate [org.hibernate.query.sqm.function.PatternBasedSqmFunctionDescriptor@7e50eeb9] under position; prior registration was org.hibernate.dialect.function.LocatePositionEmulation@416b1265
15:29:32.826 [main] DEBUG org.hibernate.query.sqm.function.SqmFunctionRegistry -- Registered SqmFunctionTemplate [NamedSqmFunctionTemplate(ltrim)] under ltrim; prior registration was null
15:29:32.826 [main] DEBUG org.hibernate.query.sqm.function.SqmFunctionRegistry -- Registered SqmFunctionTemplate [NamedSqmFunctionTemplate(rtrim)] under rtrim; prior registration was null
15:29:32.826 [main] DEBUG org.hibernate.query.sqm.function.SqmFunctionRegistry -- Registered SqmFunctionTemplate [org.hibernate.query.sqm.function.PatternBasedSqmFunctionDescriptor@34cb0e49] under concat; prior registration was NamedSqmFunctionTemplate(concat)
15:29:32.826 [main] DEBUG org.hibernate.query.sqm.function.SqmFunctionRegistry -- Registered SqmFunctionTemplate [NamedSqmFunctionTemplate(curtime)] under curtime; prior registration was null
15:29:32.826 [main] DEBUG org.hibernate.query.sqm.function.SqmFunctionRegistry -- Registered SqmFunctionTemplate [NamedSqmFunctionTemplate(curdate)] under curdate; prior registration was null
15:29:32.826 [main] DEBUG org.hibernate.query.sqm.function.SqmFunctionRegistry -- Registered SqmFunctionTemplate [NamedSqmFunctionTemplate(now)] under now; prior registration was null
15:29:32.826 [main] DEBUG org.hibernate.query.sqm.function.SqmFunctionRegistry -- Registered SqmFunctionTemplate [NamedSqmFunctionTemplate(sysdate)] under sysdate; prior registration was null
15:29:32.826 [main] DEBUG org.hibernate.query.sqm.function.SqmFunctionRegistry -- Registered SqmFunctionTemplate [NamedSqmFunctionTemplate(insert)] under insert; prior registration was null
15:29:32.826 [main] DEBUG org.hibernate.query.sqm.function.SqmFunctionRegistry -- Registered SqmFunctionTemplate [NamedSqmFunctionTemplate(bool_and)] under bool_and; prior registration was null
15:29:32.826 [main] DEBUG org.hibernate.query.sqm.function.SqmFunctionRegistry -- Registering alternate key : every -> bool_and
15:29:32.826 [main] DEBUG org.hibernate.query.sqm.function.SqmFunctionRegistry -- Registered SqmFunctionTemplate [NamedSqmFunctionTemplate(bool_or)] under bool_or; prior registration was null
15:29:32.826 [main] DEBUG org.hibernate.query.sqm.function.SqmFunctionRegistry -- Registering alternate key : any -> bool_or
15:29:32.826 [main] DEBUG org.hibernate.query.sqm.function.SqmFunctionRegistry -- Registered SqmFunctionTemplate [NamedSqmFunctionTemplate(median)] under median; prior registration was null
15:29:32.826 [main] DEBUG org.hibernate.query.sqm.function.SqmFunctionRegistry -- Registered SqmFunctionTemplate [NamedSqmFunctionTemplate(stddev_pop)] under stddev_pop; prior registration was null
15:29:32.826 [main] DEBUG org.hibernate.query.sqm.function.SqmFunctionRegistry -- Registered SqmFunctionTemplate [NamedSqmFunctionTemplate(stddev_samp)] under stddev_samp; prior registration was null
15:29:32.826 [main] DEBUG org.hibernate.query.sqm.function.SqmFunctionRegistry -- Registered SqmFunctionTemplate [NamedSqmFunctionTemplate(var_pop)] under var_pop; prior registration was null
15:29:32.826 [main] DEBUG org.hibernate.query.sqm.function.SqmFunctionRegistry -- Registered SqmFunctionTemplate [NamedSqmFunctionTemplate(var_samp)] under var_samp; prior registration was null
15:29:32.826 [main] DEBUG org.hibernate.query.sqm.function.SqmFunctionRegistry -- Registered SqmFunctionTemplate [org.hibernate.dialect.function.FormatFunction@48b2dbc4] under format; prior registration was org.hibernate.dialect.function.FormatFunction@7a3643e3
15:29:32.826 [main] DEBUG org.hibernate.query.sqm.function.SqmFunctionRegistry -- Registered SqmFunctionTemplate [NamedSqmFunctionTemplate(rownum)] under rownum; prior registration was null
15:29:32.826 [main] DEBUG org.hibernate.query.sqm.function.SqmFunctionRegistry -- Registered SqmFunctionTemplate [NamedSqmFunctionTemplate(row_number)] under row_number; prior registration was null
15:29:32.826 [main] DEBUG org.hibernate.query.sqm.function.SqmFunctionRegistry -- Registered SqmFunctionTemplate [NamedSqmFunctionTemplate(lag)] under lag; prior registration was null
15:29:32.826 [main] DEBUG org.hibernate.query.sqm.function.SqmFunctionRegistry -- Registered SqmFunctionTemplate [NamedSqmFunctionTemplate(lead)] under lead; prior registration was null
15:29:32.826 [main] DEBUG org.hibernate.query.sqm.function.SqmFunctionRegistry -- Registered SqmFunctionTemplate [NamedSqmFunctionTemplate(first_value)] under first_value; prior registration was null
15:29:32.826 [main] DEBUG org.hibernate.query.sqm.function.SqmFunctionRegistry -- Registered SqmFunctionTemplate [NamedSqmFunctionTemplate(last_value)] under last_value; prior registration was null
15:29:32.842 [main] DEBUG org.hibernate.query.sqm.function.SqmFunctionRegistry -- Registered SqmFunctionTemplate [NamedSqmFunctionTemplate(nth_value)] under nth_value; prior registration was null
15:29:32.843 [main] DEBUG org.hibernate.query.sqm.function.SqmFunctionRegistry -- Registered SqmFunctionTemplate [org.hibernate.dialect.function.ListaggFunction@2a667f44] under listagg; prior registration was null
15:29:32.843 [main] DEBUG org.hibernate.query.sqm.function.SqmFunctionRegistry -- Registered SqmFunctionTemplate [org.hibernate.dialect.function.InverseDistributionFunction@53ba7997] under mode; prior registration was null
15:29:32.843 [main] DEBUG org.hibernate.query.sqm.function.SqmFunctionRegistry -- Registered SqmFunctionTemplate [org.hibernate.dialect.function.InverseDistributionFunction@3f6f9cef] under percentile_cont; prior registration was null
15:29:32.843 [main] DEBUG org.hibernate.query.sqm.function.SqmFunctionRegistry -- Registered SqmFunctionTemplate [org.hibernate.dialect.function.InverseDistributionFunction@61dd1c3d] under percentile_disc; prior registration was null
15:29:32.843 [main] DEBUG org.hibernate.query.sqm.function.SqmFunctionRegistry -- Registered SqmFunctionTemplate [org.hibernate.dialect.function.HypotheticalSetFunction@7858d31d] under rank; prior registration was null
15:29:32.843 [main] DEBUG org.hibernate.query.sqm.function.SqmFunctionRegistry -- Registered SqmFunctionTemplate [org.hibernate.dialect.function.HypotheticalSetFunction@782e6b40] under dense_rank; prior registration was null
15:29:32.843 [main] DEBUG org.hibernate.query.sqm.function.SqmFunctionRegistry -- Registered SqmFunctionTemplate [org.hibernate.dialect.function.HypotheticalSetFunction@3b65084e] under percent_rank; prior registration was null
15:29:32.843 [main] DEBUG org.hibernate.query.sqm.function.SqmFunctionRegistry -- Registered SqmFunctionTemplate [org.hibernate.dialect.function.HypotheticalSetFunction@32d0d7eb] under cume_dist; prior registration was null
15:29:32.843 [main] DEBUG org.hibernate.query.sqm.function.SqmFunctionRegistry -- Registered SqmFunctionTemplate [org.hibernate.dialect.function.array.ArrayConstructorFunction@cae2a97] under array; prior registration was null
15:29:32.843 [main] DEBUG org.hibernate.query.sqm.function.SqmFunctionRegistry -- Registered SqmFunctionTemplate [org.hibernate.dialect.function.array.ArrayConstructorFunction@7d12429] under array_list; prior registration was null
15:29:32.843 [main] DEBUG org.hibernate.query.sqm.function.SqmFunctionRegistry -- Registered SqmFunctionTemplate [org.hibernate.dialect.function.array.ArrayAggFunction@14656be5] under array_agg; prior registration was null
15:29:32.843 [main] DEBUG org.hibernate.query.sqm.function.SqmFunctionRegistry -- Registered SqmFunctionTemplate [org.hibernate.dialect.function.array.H2ArrayPositionFunction@20be890d] under array_position; prior registration was null
15:29:32.843 [main] DEBUG org.hibernate.query.sqm.function.SqmFunctionRegistry -- Registered SqmFunctionTemplate [org.hibernate.dialect.function.array.H2ArrayPositionsFunction@5db9f51f] under array_positions; prior registration was null
15:29:32.843 [main] DEBUG org.hibernate.query.sqm.function.SqmFunctionRegistry -- Registered SqmFunctionTemplate [org.hibernate.dialect.function.array.H2ArrayPositionsFunction@534762ed] under array_positions_list; prior registration was null
15:29:32.843 [main] DEBUG org.hibernate.query.sqm.function.SqmFunctionRegistry -- Registered SqmFunctionTemplate [org.hibernate.query.sqm.function.PatternBasedSqmFunctionDescriptor@6c421123] under array_length; prior registration was null
15:29:32.843 [main] DEBUG org.hibernate.query.sqm.function.SqmFunctionRegistry -- Registered SqmFunctionTemplate [org.hibernate.dialect.function.array.ArrayConcatFunction@38e00b47] under array_concat; prior registration was null
15:29:32.843 [main] DEBUG org.hibernate.query.sqm.function.SqmFunctionRegistry -- Registered SqmFunctionTemplate [org.hibernate.dialect.function.array.ArrayConcatElementFunction@2a631049] under array_prepend; prior registration was null
15:29:32.843 [main] DEBUG org.hibernate.query.sqm.function.SqmFunctionRegistry -- Registered SqmFunctionTemplate [org.hibernate.dialect.function.array.ArrayConcatElementFunction@425b5fe2] under array_append; prior registration was null
15:29:32.843 [main] DEBUG org.hibernate.query.sqm.function.SqmFunctionRegistry -- Registered SqmFunctionTemplate [org.hibernate.dialect.function.array.H2ArrayContainsFunction@3eec8583] under array_contains; prior registration was null
15:29:32.843 [main] DEBUG org.hibernate.query.sqm.function.SqmFunctionRegistry -- Registered SqmFunctionTemplate [org.hibernate.dialect.function.array.H2ArrayContainsFunction@66e1b2a] under array_contains_nullable; prior registration was null
15:29:32.843 [main] DEBUG org.hibernate.query.sqm.function.SqmFunctionRegistry -- Registered SqmFunctionTemplate [org.hibernate.dialect.function.array.H2ArrayOverlapsFunction@343db2f6] under array_overlaps; prior registration was null
15:29:32.843 [main] DEBUG org.hibernate.query.sqm.function.SqmFunctionRegistry -- Registered SqmFunctionTemplate [org.hibernate.dialect.function.array.H2ArrayOverlapsFunction@2c815fdc] under array_overlaps_nullable; prior registration was null
15:29:32.843 [main] DEBUG org.hibernate.query.sqm.function.SqmFunctionRegistry -- Registered SqmFunctionTemplate [org.hibernate.query.sqm.function.PatternBasedSqmFunctionDescriptor@769b0752] under array_get; prior registration was null
15:29:32.843 [main] DEBUG org.hibernate.query.sqm.function.SqmFunctionRegistry -- Registered SqmFunctionTemplate [org.hibernate.dialect.function.array.H2ArraySetFunction@dae5e0] under array_set; prior registration was null
15:29:32.843 [main] DEBUG org.hibernate.query.sqm.function.SqmFunctionRegistry -- Registered SqmFunctionTemplate [org.hibernate.dialect.function.array.H2ArrayRemoveFunction@59a94d0f] under array_remove; prior registration was null
15:29:32.843 [main] DEBUG org.hibernate.query.sqm.function.SqmFunctionRegistry -- Registered SqmFunctionTemplate [org.hibernate.dialect.function.array.H2ArrayRemoveIndexFunction@7ff09659] under array_remove_index; prior registration was null
15:29:32.843 [main] DEBUG org.hibernate.query.sqm.function.SqmFunctionRegistry -- Registered SqmFunctionTemplate [org.hibernate.query.sqm.function.PatternBasedSqmFunctionDescriptor@517fbf62] under array_slice; prior registration was null
15:29:32.843 [main] DEBUG org.hibernate.query.sqm.function.SqmFunctionRegistry -- Registered SqmFunctionTemplate [org.hibernate.dialect.function.array.H2ArrayReplaceFunction@65db548] under array_replace; prior registration was null
15:29:32.843 [main] DEBUG org.hibernate.query.sqm.function.SqmFunctionRegistry -- Registered SqmFunctionTemplate [org.hibernate.query.sqm.function.PatternBasedSqmFunctionDescriptor@150f41b9] under array_trim; prior registration was null
15:29:32.843 [main] DEBUG org.hibernate.query.sqm.function.SqmFunctionRegistry -- Registered SqmFunctionTemplate [org.hibernate.dialect.function.array.H2ArrayFillFunction@6e364f1f] under array_fill; prior registration was null
15:29:32.843 [main] DEBUG org.hibernate.query.sqm.function.SqmFunctionRegistry -- Registered SqmFunctionTemplate [org.hibernate.dialect.function.array.H2ArrayFillFunction@429e7914] under array_fill_list; prior registration was null
15:29:32.843 [main] DEBUG org.hibernate.query.sqm.function.SqmFunctionRegistry -- Registered SqmFunctionTemplate [org.hibernate.dialect.function.array.H2ArrayToStringFunction@298263fa] under array_to_string; prior registration was null
15:29:32.843 [main] DEBUG org.hibernate.HQL_FUNCTIONS -- abs(NUMERIC arg)
15:29:32.843 [main] DEBUG org.hibernate.HQL_FUNCTIONS -- Double acos(NUMERIC arg)
15:29:32.843 [main] DEBUG org.hibernate.HQL_FUNCTIONS -- Boolean any(BOOLEAN predicate)
15:29:32.843 [main] DEBUG org.hibernate.HQL_FUNCTIONS -- array( ... )
15:29:32.843 [main] DEBUG org.hibernate.HQL_FUNCTIONS -- array_agg(arg)
15:29:32.843 [main] DEBUG org.hibernate.HQL_FUNCTIONS -- array_append( ... )
15:29:32.843 [main] DEBUG org.hibernate.HQL_FUNCTIONS -- array_concat( ... )
15:29:32.843 [main] DEBUG org.hibernate.HQL_FUNCTIONS -- Boolean array_contains(ARRAY haystackArray, OBJECT needleElementOrArray)
15:29:32.843 [main] DEBUG org.hibernate.HQL_FUNCTIONS -- Boolean array_contains_nullable(ARRAY haystackArray, OBJECT needleElementOrArray)
15:29:32.843 [main] DEBUG org.hibernate.HQL_FUNCTIONS -- array_fill(OBJECT element, INTEGER elementCount)
15:29:32.843 [main] DEBUG org.hibernate.HQL_FUNCTIONS -- array_fill_list(OBJECT element, INTEGER elementCount)
15:29:32.843 [main] DEBUG org.hibernate.HQL_FUNCTIONS -- array_get(ARRAY array, INTEGER index)
15:29:32.843 [main] DEBUG org.hibernate.HQL_FUNCTIONS -- Integer array_length(ARRAY array)
15:29:32.843 [main] DEBUG org.hibernate.HQL_FUNCTIONS -- array_list( ... )
15:29:32.843 [main] DEBUG org.hibernate.HQL_FUNCTIONS -- Boolean array_overlaps(ARRAY array0, OBJECT array1)
15:29:32.843 [main] DEBUG org.hibernate.HQL_FUNCTIONS -- Boolean array_overlaps_nullable(ARRAY array0, OBJECT array1)
15:29:32.843 [main] DEBUG org.hibernate.HQL_FUNCTIONS -- Integer array_position(ARRAY array, OBJECT element[, INTEGER startPosition])
15:29:32.843 [main] DEBUG org.hibernate.HQL_FUNCTIONS -- int[] array_positions(ARRAY array, OBJECT element)
15:29:32.843 [main] DEBUG org.hibernate.HQL_FUNCTIONS -- List array_positions_list(ARRAY array, OBJECT element)
15:29:32.843 [main] DEBUG org.hibernate.HQL_FUNCTIONS -- array_prepend( ... )
15:29:32.843 [main] DEBUG org.hibernate.HQL_FUNCTIONS -- array_remove( ... )
15:29:32.843 [main] DEBUG org.hibernate.HQL_FUNCTIONS -- array_remove_index( ... )
15:29:32.843 [main] DEBUG org.hibernate.HQL_FUNCTIONS -- array_replace( ... )
15:29:32.843 [main] DEBUG org.hibernate.HQL_FUNCTIONS -- array_set( ... )
15:29:32.843 [main] DEBUG org.hibernate.HQL_FUNCTIONS -- array_slice(ARRAY array, INTEGER start, INTEGER end)
15:29:32.843 [main] DEBUG org.hibernate.HQL_FUNCTIONS -- String array_to_string( ... )
15:29:32.843 [main] DEBUG org.hibernate.HQL_FUNCTIONS -- array_trim(ARRAY array, INTEGER elementsToRemove)
15:29:32.843 [main] DEBUG org.hibernate.HQL_FUNCTIONS -- Integer ascii(STRING arg)
15:29:32.843 [main] DEBUG org.hibernate.HQL_FUNCTIONS -- Double asin(NUMERIC arg)
15:29:32.843 [main] DEBUG org.hibernate.HQL_FUNCTIONS -- Double atan(NUMERIC arg)
15:29:32.843 [main] DEBUG org.hibernate.HQL_FUNCTIONS -- Double atan2(NUMERIC arg0, NUMERIC arg1)
15:29:32.843 [main] DEBUG org.hibernate.HQL_FUNCTIONS -- avg(NUMERIC arg)
15:29:32.843 [main] DEBUG org.hibernate.HQL_FUNCTIONS -- bit_and(arg)
15:29:32.843 [main] DEBUG org.hibernate.HQL_FUNCTIONS -- Integer bit_length(STRING_OR_CLOB arg)
15:29:32.843 [main] DEBUG org.hibernate.HQL_FUNCTIONS -- bit_or(arg)
15:29:32.843 [main] DEBUG org.hibernate.HQL_FUNCTIONS -- bitand(arg0, arg1)
15:29:32.843 [main] DEBUG org.hibernate.HQL_FUNCTIONS -- bitor(arg0, arg1)
15:29:32.843 [main] DEBUG org.hibernate.HQL_FUNCTIONS -- bitxor(arg0, arg1)
15:29:32.843 [main] DEBUG org.hibernate.HQL_FUNCTIONS -- Boolean bool_and(BOOLEAN predicate)
15:29:32.843 [main] DEBUG org.hibernate.HQL_FUNCTIONS -- Boolean bool_or(BOOLEAN predicate)
15:29:32.843 [main] DEBUG org.hibernate.HQL_FUNCTIONS -- cast(arg as Type)
15:29:32.843 [main] DEBUG org.hibernate.HQL_FUNCTIONS -- ceiling(NUMERIC arg)
15:29:32.843 [main] DEBUG org.hibernate.HQL_FUNCTIONS -- Character char(INTEGER arg)
15:29:32.843 [main] DEBUG org.hibernate.HQL_FUNCTIONS -- Integer character_length(STRING_OR_CLOB arg)
15:29:32.843 [main] DEBUG org.hibernate.HQL_FUNCTIONS -- Character chr(INTEGER arg)
15:29:32.843 [main] DEBUG org.hibernate.HQL_FUNCTIONS -- coalesce(arg0[, arg1[, ...]])
15:29:32.843 [main] DEBUG org.hibernate.HQL_FUNCTIONS -- String collate(STRING string as COLLATION collation)
15:29:32.843 [main] DEBUG org.hibernate.HQL_FUNCTIONS -- String concat(STRING string0[, STRING string1[, ...]])
15:29:32.843 [main] DEBUG org.hibernate.HQL_FUNCTIONS -- Double cos(NUMERIC arg)
15:29:32.843 [main] DEBUG org.hibernate.HQL_FUNCTIONS -- Double cosh(NUMERIC arg)
15:29:32.843 [main] DEBUG org.hibernate.HQL_FUNCTIONS -- Double cot(NUMERIC arg)
15:29:32.843 [main] DEBUG org.hibernate.HQL_FUNCTIONS -- Long count([distinct ]{arg|*})
15:29:32.843 [main] DEBUG org.hibernate.HQL_FUNCTIONS -- Double cume_dist([arg0[, ...]])
15:29:32.843 [main] DEBUG org.hibernate.HQL_FUNCTIONS -- Date curdate()
15:29:32.843 [main] DEBUG org.hibernate.HQL_FUNCTIONS -- Date current date
15:29:32.843 [main] DEBUG org.hibernate.HQL_FUNCTIONS -- Time current time
15:29:32.843 [main] DEBUG org.hibernate.HQL_FUNCTIONS -- Timestamp current timestamp
15:29:32.843 [main] DEBUG org.hibernate.HQL_FUNCTIONS -- Date current_date
15:29:32.843 [main] DEBUG org.hibernate.HQL_FUNCTIONS -- Instant current_instant
15:29:32.843 [main] DEBUG org.hibernate.HQL_FUNCTIONS -- Time current_time
15:29:32.843 [main] DEBUG org.hibernate.HQL_FUNCTIONS -- Timestamp current_timestamp
15:29:32.843 [main] DEBUG org.hibernate.HQL_FUNCTIONS -- Time curtime()
15:29:32.843 [main] DEBUG org.hibernate.HQL_FUNCTIONS -- date_trunc(STRING field, TEMPORAL datetime)
15:29:32.843 [main] DEBUG org.hibernate.HQL_FUNCTIONS -- dateadd(TEMPORAL_UNIT field, INTEGER magnitude, TEMPORAL datetime)
15:29:32.843 [main] DEBUG org.hibernate.HQL_FUNCTIONS -- basicType@23(java.lang.Long,-5)|basicType@36(java.lang.Double,8) datediff(TEMPORAL_UNIT field, TEMPORAL start, TEMPORAL end)
15:29:32.843 [main] DEBUG org.hibernate.HQL_FUNCTIONS -- Integer day(DATE arg)
15:29:32.843 [main] DEBUG org.hibernate.HQL_FUNCTIONS -- Integer day_of_month(DATE arg)
15:29:32.843 [main] DEBUG org.hibernate.HQL_FUNCTIONS -- Integer day_of_week(DATE arg)
15:29:32.843 [main] DEBUG org.hibernate.HQL_FUNCTIONS -- Integer day_of_year(DATE arg)
15:29:32.843 [main] DEBUG org.hibernate.HQL_FUNCTIONS -- String dayname(DATE arg)
15:29:32.843 [main] DEBUG org.hibernate.HQL_FUNCTIONS -- Double degrees(NUMERIC arg)
15:29:32.843 [main] DEBUG org.hibernate.HQL_FUNCTIONS -- Long dense_rank([arg0[, ...]])
15:29:32.843 [main] DEBUG org.hibernate.HQL_FUNCTIONS -- Boolean every(BOOLEAN predicate)
15:29:32.843 [main] DEBUG org.hibernate.HQL_FUNCTIONS -- Double exp(NUMERIC arg)
15:29:32.843 [main] DEBUG org.hibernate.HQL_FUNCTIONS -- extract(TEMPORAL_UNIT field from TEMPORAL arg)
15:29:32.843 [main] DEBUG org.hibernate.HQL_FUNCTIONS -- first_valueANY value
15:29:32.843 [main] DEBUG org.hibernate.HQL_FUNCTIONS -- floor(NUMERIC arg)
15:29:32.843 [main] DEBUG org.hibernate.HQL_FUNCTIONS -- String format(TEMPORAL datetime as STRING pattern)
15:29:32.843 [main] DEBUG org.hibernate.HQL_FUNCTIONS -- greatest(COMPARABLE arg0, COMPARABLE arg1[, arg2[, ...]])
15:29:32.843 [main] DEBUG org.hibernate.HQL_FUNCTIONS -- Integer hour(TIME arg)
15:29:32.843 [main] DEBUG org.hibernate.HQL_FUNCTIONS -- ifnull(arg0, arg1)
15:29:32.843 [main] DEBUG org.hibernate.HQL_FUNCTIONS -- String insert(STRING string, INTEGER start, INTEGER length, STRING replacement)
15:29:32.843 [main] DEBUG org.hibernate.HQL_FUNCTIONS -- Instant instant
15:29:32.843 [main] DEBUG org.hibernate.HQL_FUNCTIONS -- Integer instr(STRING string, STRING pattern[, INTEGER start[, INTEGER occurrence]])
15:29:32.843 [main] DEBUG org.hibernate.HQL_FUNCTIONS -- lagANY value[, INTEGER offset[, ANY default]]
15:29:32.843 [main] DEBUG org.hibernate.HQL_FUNCTIONS -- last_valueANY value
15:29:32.843 [main] DEBUG org.hibernate.HQL_FUNCTIONS -- leadANY value[, INTEGER offset[, ANY default]]
15:29:32.843 [main] DEBUG org.hibernate.HQL_FUNCTIONS -- least(COMPARABLE arg0, COMPARABLE arg1[, arg2[, ...]])
15:29:32.843 [main] DEBUG org.hibernate.HQL_FUNCTIONS -- String left(STRING string, INTEGER length)
15:29:32.843 [main] DEBUG org.hibernate.HQL_FUNCTIONS -- Integer length(STRING_OR_CLOB arg)
15:29:32.843 [main] DEBUG org.hibernate.HQL_FUNCTIONS -- String listagg(STRING arg0, STRING arg1)
15:29:32.843 [main] DEBUG org.hibernate.HQL_FUNCTIONS -- Double ln(NUMERIC arg)
15:29:32.843 [main] DEBUG org.hibernate.HQL_FUNCTIONS -- LocalDate local date
15:29:32.843 [main] DEBUG org.hibernate.HQL_FUNCTIONS -- LocalDateTime local datetime
15:29:32.843 [main] DEBUG org.hibernate.HQL_FUNCTIONS -- LocalTime local time
15:29:32.843 [main] DEBUG org.hibernate.HQL_FUNCTIONS -- LocalDate local_date
15:29:32.843 [main] DEBUG org.hibernate.HQL_FUNCTIONS -- LocalDateTime local_datetime
15:29:32.843 [main] DEBUG org.hibernate.HQL_FUNCTIONS -- LocalTime local_time
15:29:32.843 [main] DEBUG org.hibernate.HQL_FUNCTIONS -- Time localtime
15:29:32.843 [main] DEBUG org.hibernate.HQL_FUNCTIONS -- Timestamp localtimestamp
15:29:32.843 [main] DEBUG org.hibernate.HQL_FUNCTIONS -- Integer locate(STRING pattern, STRING string[, INTEGER start])
15:29:32.843 [main] DEBUG org.hibernate.HQL_FUNCTIONS -- Double log(NUMERIC base, NUMERIC arg)
15:29:32.843 [main] DEBUG org.hibernate.HQL_FUNCTIONS -- Double log10(NUMERIC arg)
15:29:32.843 [main] DEBUG org.hibernate.HQL_FUNCTIONS -- String lower(STRING string)
15:29:32.843 [main] DEBUG org.hibernate.HQL_FUNCTIONS -- String lpad(STRING string, INTEGER length[, STRING padding])
15:29:32.843 [main] DEBUG org.hibernate.HQL_FUNCTIONS -- String ltrim(STRING string)
15:29:32.843 [main] DEBUG org.hibernate.HQL_FUNCTIONS -- max(COMPARABLE arg)
15:29:32.843 [main] DEBUG org.hibernate.HQL_FUNCTIONS -- Double median(NUMERIC arg)
15:29:32.843 [main] DEBUG org.hibernate.HQL_FUNCTIONS -- Integer microsecond(TIME arg)
15:29:32.843 [main] DEBUG org.hibernate.HQL_FUNCTIONS -- min(COMPARABLE arg)
15:29:32.843 [main] DEBUG org.hibernate.HQL_FUNCTIONS -- Integer minute(TIME arg)
15:29:32.843 [main] DEBUG org.hibernate.HQL_FUNCTIONS -- Integer mod(INTEGER arg0, INTEGER arg1)
15:29:32.843 [main] DEBUG org.hibernate.HQL_FUNCTIONS -- mode()
15:29:32.843 [main] DEBUG org.hibernate.HQL_FUNCTIONS -- Integer month(DATE arg)
15:29:32.843 [main] DEBUG org.hibernate.HQL_FUNCTIONS -- String monthname(DATE arg)
15:29:32.843 [main] DEBUG org.hibernate.HQL_FUNCTIONS -- Timestamp now()
15:29:32.843 [main] DEBUG org.hibernate.HQL_FUNCTIONS -- nth_valueANY value, INTEGER nth
15:29:32.843 [main] DEBUG org.hibernate.HQL_FUNCTIONS -- nullif(arg0, arg1)
15:29:32.843 [main] DEBUG org.hibernate.HQL_FUNCTIONS -- Integer octet_length(STRING_OR_CLOB arg)
15:29:32.843 [main] DEBUG org.hibernate.HQL_FUNCTIONS -- OffsetDateTime offset datetime
15:29:32.843 [main] DEBUG org.hibernate.HQL_FUNCTIONS -- OffsetDateTime offset_datetime
15:29:32.843 [main] DEBUG org.hibernate.HQL_FUNCTIONS -- String overlay(STRING string placing STRING replacement from INTEGER start[ for INTEGER length])
15:29:32.843 [main] DEBUG org.hibernate.HQL_FUNCTIONS -- String pad(STRING string with INTEGER length {leading|trailing}[ STRING character])
15:29:32.843 [main] DEBUG org.hibernate.HQL_FUNCTIONS -- Double percent_rank([arg0[, ...]])
15:29:32.843 [main] DEBUG org.hibernate.HQL_FUNCTIONS -- percentile_cont(NUMERIC arg)
15:29:32.843 [main] DEBUG org.hibernate.HQL_FUNCTIONS -- percentile_disc(NUMERIC arg)
15:29:32.843 [main] DEBUG org.hibernate.HQL_FUNCTIONS -- Double pi
15:29:32.843 [main] DEBUG org.hibernate.HQL_FUNCTIONS -- Integer position(STRING pattern in STRING string)
15:29:32.843 [main] DEBUG org.hibernate.HQL_FUNCTIONS -- Double power(NUMERIC arg0, NUMERIC arg1)
15:29:32.843 [main] DEBUG org.hibernate.HQL_FUNCTIONS -- Integer quarter(DATE arg)
15:29:32.843 [main] DEBUG org.hibernate.HQL_FUNCTIONS -- Double radians(NUMERIC arg)
15:29:32.843 [main] DEBUG org.hibernate.HQL_FUNCTIONS -- Double rand([INTEGER seed])
15:29:32.843 [main] DEBUG org.hibernate.HQL_FUNCTIONS -- Long rank([arg0[, ...]])
15:29:32.843 [main] DEBUG org.hibernate.HQL_FUNCTIONS -- String repeat(STRING string, INTEGER times)
15:29:32.843 [main] DEBUG org.hibernate.HQL_FUNCTIONS -- String replace(STRING string, STRING pattern, STRING replacement)
15:29:32.843 [main] DEBUG org.hibernate.HQL_FUNCTIONS -- String right(STRING string, INTEGER length)
15:29:32.843 [main] DEBUG org.hibernate.HQL_FUNCTIONS -- round(NUMERIC number[, INTEGER places])
15:29:32.843 [main] DEBUG org.hibernate.HQL_FUNCTIONS -- Long row_number()
15:29:32.843 [main] DEBUG org.hibernate.HQL_FUNCTIONS -- Long rownum()
15:29:32.843 [main] DEBUG org.hibernate.HQL_FUNCTIONS -- String rpad(STRING string, INTEGER length[, STRING padding])
15:29:32.843 [main] DEBUG org.hibernate.HQL_FUNCTIONS -- String rtrim(STRING string)
15:29:32.843 [main] DEBUG org.hibernate.HQL_FUNCTIONS -- Integer second(TIME arg)
15:29:32.843 [main] DEBUG org.hibernate.HQL_FUNCTIONS -- Integer sign(NUMERIC arg)
15:29:32.843 [main] DEBUG org.hibernate.HQL_FUNCTIONS -- Double sin(NUMERIC arg)
15:29:32.843 [main] DEBUG org.hibernate.HQL_FUNCTIONS -- Double sinh(NUMERIC arg)
15:29:32.843 [main] DEBUG org.hibernate.HQL_FUNCTIONS -- String soundex(arg)
15:29:32.843 [main] DEBUG org.hibernate.HQL_FUNCTIONS -- String space(INTEGER arg)
15:29:32.843 [main] DEBUG org.hibernate.HQL_FUNCTIONS -- Object sql
15:29:32.843 [main] DEBUG org.hibernate.HQL_FUNCTIONS -- Double sqrt(NUMERIC arg)
15:29:32.843 [main] DEBUG org.hibernate.HQL_FUNCTIONS -- Double stddev_pop(NUMERIC arg)
15:29:32.843 [main] DEBUG org.hibernate.HQL_FUNCTIONS -- Double stddev_samp(NUMERIC arg)
15:29:32.843 [main] DEBUG org.hibernate.HQL_FUNCTIONS -- String str(arg)
15:29:32.843 [main] DEBUG org.hibernate.HQL_FUNCTIONS -- String substr(STRING string, INTEGER start[, INTEGER length])
15:29:32.843 [main] DEBUG org.hibernate.HQL_FUNCTIONS -- String substring(STRING string{ from|,} INTEGER start[{ for|,} INTEGER length])
15:29:32.843 [main] DEBUG org.hibernate.HQL_FUNCTIONS -- sum(arg)
15:29:32.843 [main] DEBUG org.hibernate.HQL_FUNCTIONS -- Timestamp sysdate
15:29:32.843 [main] DEBUG org.hibernate.HQL_FUNCTIONS -- Double tan(NUMERIC arg)
15:29:32.843 [main] DEBUG org.hibernate.HQL_FUNCTIONS -- Double tanh(NUMERIC arg)
15:29:32.843 [main] DEBUG org.hibernate.HQL_FUNCTIONS -- timestampadd(TEMPORAL_UNIT field, INTEGER magnitude, TEMPORAL datetime)
15:29:32.843 [main] DEBUG org.hibernate.HQL_FUNCTIONS -- basicType@23(java.lang.Long,-5)|basicType@36(java.lang.Double,8) timestampdiff(TEMPORAL_UNIT field, TEMPORAL start, TEMPORAL end)
15:29:32.843 [main] DEBUG org.hibernate.HQL_FUNCTIONS -- String translate(STRING arg0, STRING arg1, STRING arg2)
15:29:32.843 [main] DEBUG org.hibernate.HQL_FUNCTIONS -- String trim([[{leading|trailing|both} ][STRING arg0 ]from] STRING arg1)
15:29:32.847 [main] DEBUG org.hibernate.HQL_FUNCTIONS -- trunc( ... )
15:29:32.847 [main] DEBUG org.hibernate.HQL_FUNCTIONS -- truncate( ... )
15:29:32.847 [main] DEBUG org.hibernate.HQL_FUNCTIONS -- String upper(STRING string)
15:29:32.847 [main] DEBUG org.hibernate.HQL_FUNCTIONS -- Double var_pop(NUMERIC arg)
15:29:32.847 [main] DEBUG org.hibernate.HQL_FUNCTIONS -- Double var_samp(NUMERIC arg)
15:29:32.847 [main] DEBUG org.hibernate.HQL_FUNCTIONS -- Integer week(DATE arg)
15:29:32.847 [main] DEBUG org.hibernate.HQL_FUNCTIONS -- Integer year(DATE arg)
15:29:32.847 [main] DEBUG org.hibernate.orm.query.plan.cache -- Starting QueryInterpretationCache(2048)
15:29:32.848 [main] DEBUG org.hibernate.service.internal.SessionFactoryServiceRegistryImpl -- EventListenerRegistry access via ServiceRegistry is deprecated.  Use `sessionFactory.getEventEngine().getListenerRegistry()` instead
15:29:32.848 [main] DEBUG org.hibernate.event.internal.EntityCopyObserverFactoryInitiator -- Configured EntityCopyObserver strategy: disallow
15:29:32.848 [main] DEBUG org.hibernate.boot.internal.ClassLoaderAccessImpl -- Not known whether passed class name [gr.aueb.dmst.Preferences] is safe
15:29:32.848 [main] DEBUG org.hibernate.boot.internal.ClassLoaderAccessImpl -- No temp ClassLoader provided; using live ClassLoader for loading potentially unsafe class : gr.aueb.dmst.Preferences
15:29:32.869 [main] DEBUG org.hibernate.bytecode.internal.bytebuddy.BytecodeProviderImpl -- HHH000513: Unable to create the ReflectionOptimizer for [gr.aueb.dmst.Preferences]: private accessor [allergy]
15:29:32.869 [main] DEBUG org.hibernate.boot.internal.ClassLoaderAccessImpl -- Not known whether passed class name [gr.aueb.dmst.Ingredient] is safe
15:29:32.869 [main] DEBUG org.hibernate.boot.internal.ClassLoaderAccessImpl -- No temp ClassLoader provided; using live ClassLoader for loading potentially unsafe class : gr.aueb.dmst.Ingredient
15:29:32.890 [main] DEBUG org.hibernate.bytecode.internal.bytebuddy.BytecodeProviderImpl -- HHH000513: Unable to create the ReflectionOptimizer for [gr.aueb.dmst.Ingredient]: private accessor [name]
15:29:32.891 [main] DEBUG org.hibernate.orm.jdbc.mutation -- Skipping collection row updates - gr.aueb.dmst.Preferences.favIngredients
15:29:32.891 [main] DEBUG org.hibernate.orm.jdbc.mutation -- Skipping collection row updates - gr.aueb.dmst.Preferences.worstIngredients
15:29:32.892 [main] DEBUG org.hibernate.orm.model.mapping.creation -- Starting post-init callbacks
15:29:32.892 [main] DEBUG org.hibernate.orm.model.mapping.creation -- Starting PostInitCallbackEntry : PluralAttributeMapping( NavigableRole[gr.aueb.dmst.Preferences.favIngredients#{element}]) - element descriptor
15:29:32.892 [main] DEBUG org.hibernate.orm.model.mapping.creation -- Starting PostInitCallbackEntry : PluralAttributeMapping(gr.aueb.dmst.Preferences.favIngredients)#finishInitialization
15:29:32.892 [main] DEBUG org.hibernate.orm.model.mapping.creation -- Starting PostInitCallbackEntry : PluralAttributeMapping(gr.aueb.dmst.Preferences.favIngredients) - key descriptor
15:29:32.892 [main] DEBUG org.hibernate.orm.model.mapping.creation -- Starting PostInitCallbackEntry : PluralAttributeMapping( NavigableRole[gr.aueb.dmst.Preferences.worstIngredients#{element}]) - element descriptor
15:29:32.892 [main] DEBUG org.hibernate.orm.model.mapping.creation -- Starting PostInitCallbackEntry : PluralAttributeMapping(gr.aueb.dmst.Preferences.worstIngredients)#finishInitialization
15:29:32.892 [main] DEBUG org.hibernate.orm.model.mapping.creation -- Starting PostInitCallbackEntry : PluralAttributeMapping(gr.aueb.dmst.Preferences.worstIngredients) - key descriptor
15:29:32.892 [main] DEBUG org.hibernate.orm.model.mapping.creation -- Starting PostInitCallbackEntry : Entity(gr.aueb.dmst.Preferences) `staticFetchableList` generator
15:29:32.892 [main] DEBUG org.hibernate.orm.model.mapping.creation -- Starting PostInitCallbackEntry : Entity(gr.aueb.dmst.Ingredient) `staticFetchableList` generator
15:29:32.896 [main] DEBUG org.hibernate.orm.sql.ast.create -- Created new SQL alias : p1_0
15:29:32.896 [main] DEBUG org.hibernate.orm.sql.ast.create -- Registration of TableGroup [StandardTableGroup(gr.aueb.dmst.Preferences)] with identifierForTableGroup [gr.aueb.dmst.Preferences] for NavigablePath [gr.aueb.dmst.Preferences] 
15:29:32.896 [main] DEBUG org.hibernate.orm.results.graph.AST -- DomainResult Graph:
 \-EntityResultImpl [gr.aueb.dmst.Preferences]
 |  +-BasicFetch [gr.aueb.dmst.Preferences.allergy]
 |  +-DelayedCollectionFetch [gr.aueb.dmst.Preferences.favIngredients]
 |  \-DelayedCollectionFetch [gr.aueb.dmst.Preferences.worstIngredients]

15:29:32.896 [main] DEBUG org.hibernate.orm.sql.ast.tree -- SQL AST Tree:
    SelectStatement {
      FromClause {
        StandardTableGroup (p1 : gr.aueb.dmst.Preferences) {
          primaryTableReference : Preferences as p1_0
        }
      }
    }

15:29:32.896 [main] DEBUG org.hibernate.persister.entity.AbstractEntityPersister -- Static SQL for entity: gr.aueb.dmst.Preferences
15:29:32.896 [main] DEBUG org.hibernate.persister.entity.AbstractEntityPersister --  Version select: select preferenceId from Preferences where preferenceId=?
15:29:32.896 [main] DEBUG org.hibernate.persister.entity.AbstractEntityPersister --  Insert (0): insert into Preferences (allergy,preferenceId) values (?,default)
15:29:32.896 [main] DEBUG org.hibernate.persister.entity.AbstractEntityPersister --  Update (0): update Preferences set allergy=? where preferenceId=?
15:29:32.896 [main] DEBUG org.hibernate.persister.entity.AbstractEntityPersister --  Delete (0): delete from Preferences where preferenceId=?
15:29:32.896 [main] DEBUG org.hibernate.orm.sql.ast.create -- Created new SQL alias : i1_0
15:29:32.896 [main] DEBUG org.hibernate.orm.sql.ast.create -- Registration of TableGroup [StandardTableGroup(gr.aueb.dmst.Ingredient)] with identifierForTableGroup [gr.aueb.dmst.Ingredient] for NavigablePath [gr.aueb.dmst.Ingredient] 
15:29:32.896 [main] DEBUG org.hibernate.orm.results.graph.AST -- DomainResult Graph:
 \-EntityResultImpl [gr.aueb.dmst.Ingredient]
 |  \-BasicFetch [gr.aueb.dmst.Ingredient.name]

15:29:32.896 [main] DEBUG org.hibernate.orm.sql.ast.tree -- SQL AST Tree:
    SelectStatement {
      FromClause {
        StandardTableGroup (i1 : gr.aueb.dmst.Ingredient) {
          primaryTableReference : Ingredient as i1_0
        }
      }
    }

15:29:32.896 [main] DEBUG org.hibernate.persister.entity.AbstractEntityPersister -- Static SQL for entity: gr.aueb.dmst.Ingredient
15:29:32.896 [main] DEBUG org.hibernate.persister.entity.AbstractEntityPersister --  Version select: select ingr_id from Ingredient where ingr_id=?
15:29:32.896 [main] DEBUG org.hibernate.persister.entity.AbstractEntityPersister --  Insert (0): insert into Ingredient (name,ingr_id) values (?,default)
15:29:32.896 [main] DEBUG org.hibernate.persister.entity.AbstractEntityPersister --  Update (0): update Ingredient set name=? where ingr_id=?
15:29:32.896 [main] DEBUG org.hibernate.persister.entity.AbstractEntityPersister --  Delete (0): delete from Ingredient where ingr_id=?
15:29:32.896 [main] DEBUG org.hibernate.orm.sql.ast.create -- Created new SQL alias : fi1_0
15:29:32.897 [main] DEBUG org.hibernate.orm.sql.ast.create -- Registration of TableGroup [CollectionTableGroup(gr.aueb.dmst.Preferences.favIngredients)] with identifierForTableGroup [gr.aueb.dmst.Preferences.favIngredients] for NavigablePath [gr.aueb.dmst.Preferences.favIngredients] 
15:29:32.897 [main] DEBUG org.hibernate.orm.sql.ast.create -- Registration of TableGroup [org.hibernate.sql.ast.tree.from.LazyTableGroup@3ff8a3ad] with identifierForTableGroup [gr.aueb.dmst.Preferences.favIngredients.{element}] for NavigablePath [gr.aueb.dmst.Preferences.favIngredients.{element}] 
15:29:32.897 [main] DEBUG org.hibernate.orm.sql.ast.create -- Created new SQL alias : fi1_1
15:29:32.897 [main] DEBUG org.hibernate.orm.results.graph.AST -- DomainResult Graph:
 \-CollectionDomainResult [gr.aueb.dmst.Preferences.favIngredients]

15:29:32.897 [main] DEBUG org.hibernate.orm.sql.ast.tree -- SQL AST Tree:
    SelectStatement {
      FromClause {
        CollectionTableGroup (fi1 : gr.aueb.dmst.Preferences.favIngredients) {
          primaryTableReference : preferences_fav_ingredients as fi1_0
          TableGroupJoins {
             join LazyTableGroup (fi1 : gr.aueb.dmst.Preferences.favIngredients.{element}) {
              primaryTableReference : Ingredient as fi1_1
            }
          }
        }
      }
    }

15:29:32.897 [main] DEBUG org.hibernate.orm.jdbc.mutation -- Static SQL for collection: gr.aueb.dmst.Preferences.favIngredients
15:29:32.897 [main] DEBUG org.hibernate.orm.jdbc.mutation --  Row insert: insert into preferences_fav_ingredients (preference_id,ingredient_id) values (?,?)
15:29:32.897 [main] DEBUG org.hibernate.orm.jdbc.mutation --  Row delete: delete from preferences_fav_ingredients where preference_id=? and ingredient_id=?
15:29:32.899 [main] DEBUG org.hibernate.orm.jdbc.mutation --  One-shot delete: delete from preferences_fav_ingredients where preference_id=?
15:29:32.899 [main] DEBUG org.hibernate.orm.sql.ast.create -- Created new SQL alias : wi1_0
15:29:32.899 [main] DEBUG org.hibernate.orm.sql.ast.create -- Registration of TableGroup [CollectionTableGroup(gr.aueb.dmst.Preferences.worstIngredients)] with identifierForTableGroup [gr.aueb.dmst.Preferences.worstIngredients] for NavigablePath [gr.aueb.dmst.Preferences.worstIngredients] 
15:29:32.899 [main] DEBUG org.hibernate.orm.sql.ast.create -- Registration of TableGroup [org.hibernate.sql.ast.tree.from.LazyTableGroup@31b6b0c7] with identifierForTableGroup [gr.aueb.dmst.Preferences.worstIngredients.{element}] for NavigablePath [gr.aueb.dmst.Preferences.worstIngredients.{element}] 
15:29:32.899 [main] DEBUG org.hibernate.orm.sql.ast.create -- Created new SQL alias : wi1_1
15:29:32.899 [main] DEBUG org.hibernate.orm.results.graph.AST -- DomainResult Graph:
 \-CollectionDomainResult [gr.aueb.dmst.Preferences.worstIngredients]

15:29:32.899 [main] DEBUG org.hibernate.orm.sql.ast.tree -- SQL AST Tree:
    SelectStatement {
      FromClause {
        CollectionTableGroup (wi1 : gr.aueb.dmst.Preferences.worstIngredients) {
          primaryTableReference : preferences_worst_ingredients as wi1_0
          TableGroupJoins {
             join LazyTableGroup (wi1 : gr.aueb.dmst.Preferences.worstIngredients.{element}) {
              primaryTableReference : Ingredient as wi1_1
            }
          }
        }
      }
    }

15:29:32.899 [main] DEBUG org.hibernate.orm.jdbc.mutation -- Static SQL for collection: gr.aueb.dmst.Preferences.worstIngredients
15:29:32.899 [main] DEBUG org.hibernate.orm.jdbc.mutation --  Row insert: insert into preferences_worst_ingredients (preference_id,ingredient_id) values (?,?)
15:29:32.899 [main] DEBUG org.hibernate.orm.jdbc.mutation --  Row delete: delete from preferences_worst_ingredients where preference_id=? and ingredient_id=?
15:29:32.899 [main] DEBUG org.hibernate.orm.jdbc.mutation --  One-shot delete: delete from preferences_worst_ingredients where preference_id=?
15:29:32.901 [main] DEBUG org.hibernate.engine.transaction.jta.platform.internal.JtaPlatformInitiator -- No JtaPlatform was specified, checking resolver
15:29:32.901 [main] DEBUG org.hibernate.engine.transaction.jta.platform.internal.JtaPlatformResolverInitiator -- No JtaPlatformResolver was specified, using default [org.hibernate.engine.transaction.jta.platform.internal.StandardJtaPlatformResolver]
15:29:32.901 [main] DEBUG org.hibernate.engine.transaction.jta.platform.internal.StandardJtaPlatformResolver -- Could not resolve JtaPlatform, using default [org.hibernate.engine.transaction.jta.platform.internal.NoJtaPlatform]
15:29:32.901 [main] INFO org.hibernate.engine.transaction.jta.platform.internal.JtaPlatformInitiator -- HHH000489: No JTA platform available (set 'hibernate.transaction.jta.platform' to enable JTA platform integration)
15:29:32.901 [main] DEBUG org.hibernate.type.spi.TypeConfiguration$Scope -- Scoping TypeConfiguration [org.hibernate.type.spi.TypeConfiguration@13c90c06] to SessionFactoryImplementor [org.hibernate.internal.SessionFactoryImpl@5368e981]
15:29:32.901 [main] DEBUG org.hibernate.query.named.NamedObjectRepository -- Checking 0 named HQL queries
15:29:32.901 [main] DEBUG org.hibernate.query.named.NamedObjectRepository -- Checking 0 named SQL queries
15:29:32.901 [main] INFO org.hibernate.orm.connections.access -- HHH10001501: Connection obtained from JdbcConnectionAccess [org.hibernate.engine.jdbc.env.internal.JdbcEnvironmentInitiator$ConnectionProviderJdbcConnectionAccess@1c171746] for (non-JTA) DDL execution was not in auto-commit mode; the Connection 'local transaction' will be committed and the Connection will be set into auto-commit mode.
15:29:32.907 [main] DEBUG org.hibernate.SQL -- create table Ingredient (ingr_id bigint generated by default as identity, name varchar(255) not null, primary key (ingr_id))
Hibernate: create table Ingredient (ingr_id bigint generated by default as identity, name varchar(255) not null, primary key (ingr_id))
15:29:32.909 [main] DEBUG org.hibernate.SQL -- create table Preferences (preferenceId bigint generated by default as identity, allergy varchar(255), primary key (preferenceId))
Hibernate: create table Preferences (preferenceId bigint generated by default as identity, allergy varchar(255), primary key (preferenceId))
15:29:32.911 [main] DEBUG org.hibernate.SQL -- create table preferences_fav_ingredients (preference_id bigint not null, ingredient_id bigint not null, primary key (preference_id, ingredient_id))
Hibernate: create table preferences_fav_ingredients (preference_id bigint not null, ingredient_id bigint not null, primary key (preference_id, ingredient_id))
15:29:32.911 [main] DEBUG org.hibernate.SQL -- create table preferences_worst_ingredients (preference_id bigint not null, ingredient_id bigint not null, primary key (preference_id, ingredient_id))
Hibernate: create table preferences_worst_ingredients (preference_id bigint not null, ingredient_id bigint not null, primary key (preference_id, ingredient_id))
15:29:32.911 [main] DEBUG org.hibernate.SQL -- alter table if exists Ingredient drop constraint if exists UK_etn0e357qi11y18ef475hxl7u
Hibernate: alter table if exists Ingredient drop constraint if exists UK_etn0e357qi11y18ef475hxl7u
15:29:32.911 [main] DEBUG org.hibernate.SQL -- alter table if exists Ingredient add constraint UK_etn0e357qi11y18ef475hxl7u unique (name)
Hibernate: alter table if exists Ingredient add constraint UK_etn0e357qi11y18ef475hxl7u unique (name)
15:29:32.911 [main] DEBUG org.hibernate.SQL -- alter table if exists preferences_fav_ingredients add constraint FK632r8x4d51adtl590vv59r680 foreign key (ingredient_id) references Ingredient
Hibernate: alter table if exists preferences_fav_ingredients add constraint FK632r8x4d51adtl590vv59r680 foreign key (ingredient_id) references Ingredient
15:29:32.917 [main] DEBUG org.hibernate.SQL -- alter table if exists preferences_fav_ingredients add constraint FK5cc0gowscg0on14tkyrgxf0pp foreign key (preference_id) references Preferences
Hibernate: alter table if exists preferences_fav_ingredients add constraint FK5cc0gowscg0on14tkyrgxf0pp foreign key (preference_id) references Preferences
15:29:32.917 [main] DEBUG org.hibernate.SQL -- alter table if exists preferences_worst_ingredients add constraint FKf61555prwewm7ovmp96uqslhv foreign key (ingredient_id) references Ingredient
Hibernate: alter table if exists preferences_worst_ingredients add constraint FKf61555prwewm7ovmp96uqslhv foreign key (ingredient_id) references Ingredient
15:29:32.917 [main] DEBUG org.hibernate.SQL -- alter table if exists preferences_worst_ingredients add constraint FK9rn3ftmvm8xyt2vprg9f95p9q foreign key (preference_id) references Preferences
Hibernate: alter table if exists preferences_worst_ingredients add constraint FK9rn3ftmvm8xyt2vprg9f95p9q foreign key (preference_id) references Preferences
15:29:32.922 [main] DEBUG org.hibernate.internal.SessionFactoryRegistry -- Registering SessionFactory: a462f3a8-8540-4034-88c6-969a89ff7819 (<unnamed>)
15:29:32.922 [main] DEBUG org.hibernate.internal.SessionFactoryRegistry -- Not binding SessionFactory to JNDI, no JNDI name configured
15:29:32.922 [main] DEBUG org.hibernate.internal.SessionFactoryImpl -- Instantiated SessionFactory
15:29:32.922 [main] DEBUG org.hibernate.stat.internal.StatisticsInitiator -- Statistics initialized [enabled=false]
15:29:32.932 [main] DEBUG org.hibernate.jpa.HibernatePersistenceProvider -- Located and parsed 1 persistence units; checking each
15:29:32.932 [main] DEBUG org.hibernate.jpa.HibernatePersistenceProvider -- Checking persistence-unit [name=peinai, explicit-provider=null] against incoming persistence unit name [peinai]
15:29:32.932 [main] DEBUG org.hibernate.jpa.boot.spi.ProviderChecker -- No PersistenceProvider explicitly requested, assuming Hibernate
15:29:32.932 [main] DEBUG org.hibernate.jpa.internal.util.LogHelper -- PersistenceUnitInfo [
	name: peinai
	persistence provider classname: null
	classloader: null
	excludeUnlistedClasses: false
	JTA datasource: null
	Non JTA datasource: null
	Transaction type: RESOURCE_LOCAL
	PU root URL: file:/C:/Users/dxara/OneDrive/%CE%A5%CF%80%CE%BF%CE%BB%CE%BF%CE%B3%CE%B9%CF%83%CF%84%CE%AE%CF%82/ergasiapr/programming_project_test/peinai/target/test-classes
	Shared Cache Mode: null
	Validation Mode: null
	Jar files URLs []
	Managed classes names [
		"gr.aueb.dmst.User"
		gr.aueb.dmst.Preferences
		gr.aueb.dmst.Ingredient]
	Mapping files names []
	Properties [
		javax.persistence.jdbc.driver: org.h2.Driver
		javax.persistence.jdbc.password: 
		hibernate.dialect: org.hibernate.dialect.H2Dialect
		javax.persistence.jdbc.url: jdbc:h2:mem:test
		hibernate.show_sql: true
		hibernate.hbm2ddl.auto: update
		javax.persistence.jdbc.user: sa]
15:29:32.932 [main] DEBUG org.hibernate.integrator.internal.IntegratorServiceImpl -- Adding Integrator [org.hibernate.boot.beanvalidation.BeanValidationIntegrator].
15:29:32.932 [main] DEBUG org.hibernate.integrator.internal.IntegratorServiceImpl -- Adding Integrator [org.hibernate.cache.internal.CollectionCacheInvalidator].
15:29:32.934 [main] WARN org.hibernate.orm.deprecation -- HHH90000021: Encountered deprecated setting [javax.persistence.jdbc.user], use [jakarta.persistence.jdbc.user] instead
15:29:32.934 [main] WARN org.hibernate.orm.deprecation -- HHH90000021: Encountered deprecated setting [javax.persistence.jdbc.password], use [jakarta.persistence.jdbc.password] instead
15:29:32.934 [main] WARN org.hibernate.orm.deprecation -- HHH90000021: Encountered deprecated setting [javax.persistence.jdbc.url], use [jakarta.persistence.jdbc.url] instead
15:29:32.934 [main] WARN org.hibernate.orm.deprecation -- HHH90000021: Encountered deprecated setting [javax.persistence.jdbc.driver], use [jakarta.persistence.jdbc.driver] instead
15:29:32.934 [main] DEBUG org.hibernate.orm.idgen.factory -- Ignoring CDI for resolving IdentifierGenerator instances as extended or delayed CDI support was enabled
15:29:32.934 [main] DEBUG org.hibernate.orm.idgen.factory -- Registering IdentifierGenerator strategy [uuid2] -> [org.hibernate.id.UUIDGenerator]
15:29:32.934 [main] DEBUG org.hibernate.orm.idgen.factory -- Registering IdentifierGenerator strategy [guid] -> [org.hibernate.id.GUIDGenerator]
15:29:32.934 [main] DEBUG org.hibernate.orm.idgen.factory -- Registering IdentifierGenerator strategy [uuid] -> [org.hibernate.id.UUIDHexGenerator]
15:29:32.934 [main] DEBUG org.hibernate.orm.idgen.factory -- Registering IdentifierGenerator strategy [uuid.hex] -> [org.hibernate.id.UUIDHexGenerator]
15:29:32.934 [main] DEBUG org.hibernate.orm.idgen.factory -- Registering IdentifierGenerator strategy [assigned] -> [org.hibernate.id.Assigned]
15:29:32.934 [main] DEBUG org.hibernate.orm.idgen.factory -- Registering IdentifierGenerator strategy [identity] -> [org.hibernate.id.IdentityGenerator]
15:29:32.934 [main] DEBUG org.hibernate.orm.idgen.factory -- Registering IdentifierGenerator strategy [select] -> [org.hibernate.id.SelectGenerator]
15:29:32.934 [main] DEBUG org.hibernate.orm.idgen.factory -- Registering IdentifierGenerator strategy [sequence] -> [org.hibernate.id.enhanced.SequenceStyleGenerator]
15:29:32.934 [main] DEBUG org.hibernate.orm.idgen.factory -- Registering IdentifierGenerator strategy [increment] -> [org.hibernate.id.IncrementGenerator]
15:29:32.934 [main] DEBUG org.hibernate.orm.idgen.factory -- Registering IdentifierGenerator strategy [foreign] -> [org.hibernate.id.ForeignGenerator]
15:29:32.934 [main] DEBUG org.hibernate.orm.idgen.factory -- Registering IdentifierGenerator strategy [enhanced-sequence] -> [org.hibernate.id.enhanced.SequenceStyleGenerator]
15:29:32.934 [main] DEBUG org.hibernate.orm.idgen.factory -- Registering IdentifierGenerator strategy [enhanced-table] -> [org.hibernate.id.enhanced.TableGenerator]
15:29:32.934 [main] DEBUG org.hibernate.cache.internal.RegionFactoryInitiator -- Cannot default RegionFactory based on registered strategies as `[]` RegionFactory strategies were registered
15:29:32.934 [main] INFO org.hibernate.cache.internal.RegionFactoryInitiator -- HHH000026: Second-level cache disabled
15:29:32.934 [main] DEBUG org.hibernate.type.BasicTypeRegistry -- Adding type registration boolean -> org.hibernate.type.BasicTypeReference@f80945f
15:29:32.934 [main] DEBUG org.hibernate.type.BasicTypeRegistry -- Adding type registration boolean -> org.hibernate.type.BasicTypeReference@f80945f
15:29:32.934 [main] DEBUG org.hibernate.type.BasicTypeRegistry -- Adding type registration java.lang.Boolean -> org.hibernate.type.BasicTypeReference@f80945f
15:29:32.934 [main] DEBUG org.hibernate.type.BasicTypeRegistry -- Adding type registration numeric_boolean -> org.hibernate.type.BasicTypeReference@ff684e1
15:29:32.934 [main] DEBUG org.hibernate.type.BasicTypeRegistry -- Adding type registration org.hibernate.type.NumericBooleanConverter -> org.hibernate.type.BasicTypeReference@ff684e1
15:29:32.934 [main] DEBUG org.hibernate.type.BasicTypeRegistry -- Adding type registration true_false -> org.hibernate.type.BasicTypeReference@23aa363a
15:29:32.934 [main] DEBUG org.hibernate.type.BasicTypeRegistry -- Adding type registration org.hibernate.type.TrueFalseConverter -> org.hibernate.type.BasicTypeReference@23aa363a
15:29:32.934 [main] DEBUG org.hibernate.type.BasicTypeRegistry -- Adding type registration yes_no -> org.hibernate.type.BasicTypeReference@5ef6ae06
15:29:32.934 [main] DEBUG org.hibernate.type.BasicTypeRegistry -- Adding type registration org.hibernate.type.YesNoConverter -> org.hibernate.type.BasicTypeReference@5ef6ae06
15:29:32.934 [main] DEBUG org.hibernate.type.BasicTypeRegistry -- Adding type registration byte -> org.hibernate.type.BasicTypeReference@55dfebeb
15:29:32.934 [main] DEBUG org.hibernate.type.BasicTypeRegistry -- Adding type registration byte -> org.hibernate.type.BasicTypeReference@55dfebeb
15:29:32.934 [main] DEBUG org.hibernate.type.BasicTypeRegistry -- Adding type registration java.lang.Byte -> org.hibernate.type.BasicTypeReference@55dfebeb
15:29:32.934 [main] DEBUG org.hibernate.type.BasicTypeRegistry -- Adding type registration binary -> org.hibernate.type.BasicTypeReference@6e35bc3d
15:29:32.934 [main] DEBUG org.hibernate.type.BasicTypeRegistry -- Adding type registration byte[] -> org.hibernate.type.BasicTypeReference@6e35bc3d
15:29:32.934 [main] DEBUG org.hibernate.type.BasicTypeRegistry -- Adding type registration [B -> org.hibernate.type.BasicTypeReference@6e35bc3d
15:29:32.934 [main] DEBUG org.hibernate.type.BasicTypeRegistry -- Adding type registration binary_wrapper -> org.hibernate.type.BasicTypeReference@1cdc4c27
15:29:32.934 [main] DEBUG org.hibernate.type.BasicTypeRegistry -- Adding type registration wrapper-binary -> org.hibernate.type.BasicTypeReference@1cdc4c27
15:29:32.934 [main] DEBUG org.hibernate.type.BasicTypeRegistry -- Adding type registration image -> org.hibernate.type.BasicTypeReference@77b14724
15:29:32.934 [main] DEBUG org.hibernate.type.BasicTypeRegistry -- Adding type registration blob -> org.hibernate.type.BasicTypeReference@5d9b7a8a
15:29:32.934 [main] DEBUG org.hibernate.type.BasicTypeRegistry -- Adding type registration java.sql.Blob -> org.hibernate.type.BasicTypeReference@5d9b7a8a
15:29:32.934 [main] DEBUG org.hibernate.type.BasicTypeRegistry -- Adding type registration materialized_blob -> org.hibernate.type.BasicTypeReference@1e8ce150
15:29:32.934 [main] DEBUG org.hibernate.type.BasicTypeRegistry -- Adding type registration materialized_blob_wrapper -> org.hibernate.type.BasicTypeReference@604f2bd2
15:29:32.934 [main] DEBUG org.hibernate.type.BasicTypeRegistry -- Adding type registration short -> org.hibernate.type.BasicTypeReference@1d3ac898
15:29:32.934 [main] DEBUG org.hibernate.type.BasicTypeRegistry -- Adding type registration short -> org.hibernate.type.BasicTypeReference@1d3ac898
15:29:32.934 [main] DEBUG org.hibernate.type.BasicTypeRegistry -- Adding type registration java.lang.Short -> org.hibernate.type.BasicTypeReference@1d3ac898
15:29:32.934 [main] DEBUG org.hibernate.type.BasicTypeRegistry -- Adding type registration integer -> org.hibernate.type.BasicTypeReference@1b73be9f
15:29:32.934 [main] DEBUG org.hibernate.type.BasicTypeRegistry -- Adding type registration int -> org.hibernate.type.BasicTypeReference@1b73be9f
15:29:32.934 [main] DEBUG org.hibernate.type.BasicTypeRegistry -- Adding type registration java.lang.Integer -> org.hibernate.type.BasicTypeReference@1b73be9f
15:29:32.934 [main] DEBUG org.hibernate.type.BasicTypeRegistry -- Adding type registration long -> org.hibernate.type.BasicTypeReference@628c4ac0
15:29:32.934 [main] DEBUG org.hibernate.type.BasicTypeRegistry -- Adding type registration long -> org.hibernate.type.BasicTypeReference@628c4ac0
15:29:32.934 [main] DEBUG org.hibernate.type.BasicTypeRegistry -- Adding type registration java.lang.Long -> org.hibernate.type.BasicTypeReference@628c4ac0
15:29:32.934 [main] DEBUG org.hibernate.type.BasicTypeRegistry -- Adding type registration float -> org.hibernate.type.BasicTypeReference@7b84fcf8
15:29:32.934 [main] DEBUG org.hibernate.type.BasicTypeRegistry -- Adding type registration float -> org.hibernate.type.BasicTypeReference@7b84fcf8
15:29:32.934 [main] DEBUG org.hibernate.type.BasicTypeRegistry -- Adding type registration java.lang.Float -> org.hibernate.type.BasicTypeReference@7b84fcf8
15:29:32.934 [main] DEBUG org.hibernate.type.BasicTypeRegistry -- Adding type registration double -> org.hibernate.type.BasicTypeReference@30b19518
15:29:32.934 [main] DEBUG org.hibernate.type.BasicTypeRegistry -- Adding type registration double -> org.hibernate.type.BasicTypeReference@30b19518
15:29:32.934 [main] DEBUG org.hibernate.type.BasicTypeRegistry -- Adding type registration java.lang.Double -> org.hibernate.type.BasicTypeReference@30b19518
15:29:32.934 [main] DEBUG org.hibernate.type.BasicTypeRegistry -- Adding type registration big_integer -> org.hibernate.type.BasicTypeReference@363042d7
15:29:32.934 [main] DEBUG org.hibernate.type.BasicTypeRegistry -- Adding type registration java.math.BigInteger -> org.hibernate.type.BasicTypeReference@363042d7
15:29:32.934 [main] DEBUG org.hibernate.type.BasicTypeRegistry -- Adding type registration big_decimal -> org.hibernate.type.BasicTypeReference@366ac49b
15:29:32.934 [main] DEBUG org.hibernate.type.BasicTypeRegistry -- Adding type registration java.math.BigDecimal -> org.hibernate.type.BasicTypeReference@366ac49b
15:29:32.934 [main] DEBUG org.hibernate.type.BasicTypeRegistry -- Adding type registration character -> org.hibernate.type.BasicTypeReference@6ad59d92
15:29:32.934 [main] DEBUG org.hibernate.type.BasicTypeRegistry -- Adding type registration char -> org.hibernate.type.BasicTypeReference@6ad59d92
15:29:32.934 [main] DEBUG org.hibernate.type.BasicTypeRegistry -- Adding type registration java.lang.Character -> org.hibernate.type.BasicTypeReference@6ad59d92
15:29:32.934 [main] DEBUG org.hibernate.type.BasicTypeRegistry -- Adding type registration character_nchar -> org.hibernate.type.BasicTypeReference@56f0cc85
15:29:32.934 [main] DEBUG org.hibernate.type.BasicTypeRegistry -- Adding type registration string -> org.hibernate.type.BasicTypeReference@62e20a76
15:29:32.934 [main] DEBUG org.hibernate.type.BasicTypeRegistry -- Adding type registration java.lang.String -> org.hibernate.type.BasicTypeReference@62e20a76
15:29:32.934 [main] DEBUG org.hibernate.type.BasicTypeRegistry -- Adding type registration nstring -> org.hibernate.type.BasicTypeReference@2cc44ad
15:29:32.934 [main] DEBUG org.hibernate.type.BasicTypeRegistry -- Adding type registration characters -> org.hibernate.type.BasicTypeReference@44b3606b
15:29:32.934 [main] DEBUG org.hibernate.type.BasicTypeRegistry -- Adding type registration char[] -> org.hibernate.type.BasicTypeReference@44b3606b
15:29:32.934 [main] DEBUG org.hibernate.type.BasicTypeRegistry -- Adding type registration [C -> org.hibernate.type.BasicTypeReference@44b3606b
15:29:32.934 [main] DEBUG org.hibernate.type.BasicTypeRegistry -- Adding type registration wrapper-characters -> org.hibernate.type.BasicTypeReference@1477089c
15:29:32.934 [main] DEBUG org.hibernate.type.BasicTypeRegistry -- Adding type registration text -> org.hibernate.type.BasicTypeReference@663411de
15:29:32.934 [main] DEBUG org.hibernate.type.BasicTypeRegistry -- Adding type registration ntext -> org.hibernate.type.BasicTypeReference@63dd899
15:29:32.934 [main] DEBUG org.hibernate.type.BasicTypeRegistry -- Adding type registration clob -> org.hibernate.type.BasicTypeReference@59d2400d
15:29:32.934 [main] DEBUG org.hibernate.type.BasicTypeRegistry -- Adding type registration java.sql.Clob -> org.hibernate.type.BasicTypeReference@59d2400d
15:29:32.934 [main] DEBUG org.hibernate.type.BasicTypeRegistry -- Adding type registration nclob -> org.hibernate.type.BasicTypeReference@75cd8043
15:29:32.934 [main] DEBUG org.hibernate.type.BasicTypeRegistry -- Adding type registration java.sql.NClob -> org.hibernate.type.BasicTypeReference@75cd8043
15:29:32.934 [main] DEBUG org.hibernate.type.BasicTypeRegistry -- Adding type registration materialized_clob -> org.hibernate.type.BasicTypeReference@33b1c5c5
15:29:32.934 [main] DEBUG org.hibernate.type.BasicTypeRegistry -- Adding type registration materialized_clob_char_array -> org.hibernate.type.BasicTypeReference@5b202a3a
15:29:32.934 [main] DEBUG org.hibernate.type.BasicTypeRegistry -- Adding type registration materialized_clob_character_array -> org.hibernate.type.BasicTypeReference@10b9db7b
15:29:32.934 [main] DEBUG org.hibernate.type.BasicTypeRegistry -- Adding type registration materialized_nclob -> org.hibernate.type.BasicTypeReference@9ef8eb7
15:29:32.934 [main] DEBUG org.hibernate.type.BasicTypeRegistry -- Adding type registration materialized_nclob_character_array -> org.hibernate.type.BasicTypeReference@34cdeda2
15:29:32.934 [main] DEBUG org.hibernate.type.BasicTypeRegistry -- Adding type registration materialized_nclob_char_array -> org.hibernate.type.BasicTypeReference@6ee660fb
15:29:32.934 [main] DEBUG org.hibernate.type.BasicTypeRegistry -- Adding type registration Duration -> org.hibernate.type.BasicTypeReference@305a0c5f
15:29:32.934 [main] DEBUG org.hibernate.type.BasicTypeRegistry -- Adding type registration java.time.Duration -> org.hibernate.type.BasicTypeReference@305a0c5f
15:29:32.934 [main] DEBUG org.hibernate.type.BasicTypeRegistry -- Adding type registration LocalDateTime -> org.hibernate.type.BasicTypeReference@4535b6d5
15:29:32.934 [main] DEBUG org.hibernate.type.BasicTypeRegistry -- Adding type registration java.time.LocalDateTime -> org.hibernate.type.BasicTypeReference@4535b6d5
15:29:32.934 [main] DEBUG org.hibernate.type.BasicTypeRegistry -- Adding type registration LocalDate -> org.hibernate.type.BasicTypeReference@1ecee32c
15:29:32.934 [main] DEBUG org.hibernate.type.BasicTypeRegistry -- Adding type registration java.time.LocalDate -> org.hibernate.type.BasicTypeReference@1ecee32c
15:29:32.934 [main] DEBUG org.hibernate.type.BasicTypeRegistry -- Adding type registration LocalTime -> org.hibernate.type.BasicTypeReference@4372b9b6
15:29:32.934 [main] DEBUG org.hibernate.type.BasicTypeRegistry -- Adding type registration java.time.LocalTime -> org.hibernate.type.BasicTypeReference@4372b9b6
15:29:32.934 [main] DEBUG org.hibernate.type.BasicTypeRegistry -- Adding type registration OffsetDateTime -> org.hibernate.type.BasicTypeReference@232a7d73
15:29:32.934 [main] DEBUG org.hibernate.type.BasicTypeRegistry -- Adding type registration java.time.OffsetDateTime -> org.hibernate.type.BasicTypeReference@232a7d73
15:29:32.934 [main] DEBUG org.hibernate.type.BasicTypeRegistry -- Adding type registration OffsetDateTimeWithTimezone -> org.hibernate.type.BasicTypeReference@4b41e4dd
15:29:32.934 [main] DEBUG org.hibernate.type.BasicTypeRegistry -- Adding type registration OffsetDateTimeWithoutTimezone -> org.hibernate.type.BasicTypeReference@22ffa91a
15:29:32.934 [main] DEBUG org.hibernate.type.BasicTypeRegistry -- Adding type registration OffsetTime -> org.hibernate.type.BasicTypeReference@74960bfa
15:29:32.934 [main] DEBUG org.hibernate.type.BasicTypeRegistry -- Adding type registration java.time.OffsetTime -> org.hibernate.type.BasicTypeReference@74960bfa
15:29:32.934 [main] DEBUG org.hibernate.type.BasicTypeRegistry -- Adding type registration OffsetTimeUtc -> org.hibernate.type.BasicTypeReference@42721fe
15:29:32.934 [main] DEBUG org.hibernate.type.BasicTypeRegistry -- Adding type registration OffsetTimeWithTimezone -> org.hibernate.type.BasicTypeReference@40844aab
15:29:32.934 [main] DEBUG org.hibernate.type.BasicTypeRegistry -- Adding type registration OffsetTimeWithoutTimezone -> org.hibernate.type.BasicTypeReference@1f6c9cd8
15:29:32.934 [main] DEBUG org.hibernate.type.BasicTypeRegistry -- Adding type registration ZonedDateTime -> org.hibernate.type.BasicTypeReference@5b619d14
15:29:32.934 [main] DEBUG org.hibernate.type.BasicTypeRegistry -- Adding type registration java.time.ZonedDateTime -> org.hibernate.type.BasicTypeReference@5b619d14
15:29:32.934 [main] DEBUG org.hibernate.type.BasicTypeRegistry -- Adding type registration ZonedDateTimeWithTimezone -> org.hibernate.type.BasicTypeReference@66746f57
15:29:32.934 [main] DEBUG org.hibernate.type.BasicTypeRegistry -- Adding type registration ZonedDateTimeWithoutTimezone -> org.hibernate.type.BasicTypeReference@447a020
15:29:32.934 [main] DEBUG org.hibernate.type.BasicTypeRegistry -- Adding type registration date -> org.hibernate.type.BasicTypeReference@7f36662c
15:29:32.934 [main] DEBUG org.hibernate.type.BasicTypeRegistry -- Adding type registration java.sql.Date -> org.hibernate.type.BasicTypeReference@7f36662c
15:29:32.934 [main] DEBUG org.hibernate.type.BasicTypeRegistry -- Adding type registration time -> org.hibernate.type.BasicTypeReference@28e8dde3
15:29:32.934 [main] DEBUG org.hibernate.type.BasicTypeRegistry -- Adding type registration java.sql.Time -> org.hibernate.type.BasicTypeReference@28e8dde3
15:29:32.934 [main] DEBUG org.hibernate.type.BasicTypeRegistry -- Adding type registration timestamp -> org.hibernate.type.BasicTypeReference@6d23017e
15:29:32.934 [main] DEBUG org.hibernate.type.BasicTypeRegistry -- Adding type registration java.sql.Timestamp -> org.hibernate.type.BasicTypeReference@6d23017e
15:29:32.934 [main] DEBUG org.hibernate.type.BasicTypeRegistry -- Adding type registration java.util.Date -> org.hibernate.type.BasicTypeReference@6d23017e
15:29:32.934 [main] DEBUG org.hibernate.type.BasicTypeRegistry -- Adding type registration calendar -> org.hibernate.type.BasicTypeReference@54dcfa5a
15:29:32.934 [main] DEBUG org.hibernate.type.BasicTypeRegistry -- Adding type registration java.util.Calendar -> org.hibernate.type.BasicTypeReference@54dcfa5a
15:29:32.934 [main] DEBUG org.hibernate.type.BasicTypeRegistry -- Adding type registration java.util.GregorianCalendar -> org.hibernate.type.BasicTypeReference@54dcfa5a
15:29:32.934 [main] DEBUG org.hibernate.type.BasicTypeRegistry -- Adding type registration calendar_date -> org.hibernate.type.BasicTypeReference@1817f1eb
15:29:32.934 [main] DEBUG org.hibernate.type.BasicTypeRegistry -- Adding type registration calendar_time -> org.hibernate.type.BasicTypeReference@767e20cf
15:29:32.934 [main] DEBUG org.hibernate.type.BasicTypeRegistry -- Adding type registration instant -> org.hibernate.type.BasicTypeReference@3a3e78f
15:29:32.934 [main] DEBUG org.hibernate.type.BasicTypeRegistry -- Adding type registration java.time.Instant -> org.hibernate.type.BasicTypeReference@3a3e78f
15:29:32.934 [main] DEBUG org.hibernate.type.BasicTypeRegistry -- Adding type registration uuid -> org.hibernate.type.BasicTypeReference@301ec38b
15:29:32.934 [main] DEBUG org.hibernate.type.BasicTypeRegistry -- Adding type registration java.util.UUID -> org.hibernate.type.BasicTypeReference@301ec38b
15:29:32.934 [main] DEBUG org.hibernate.type.BasicTypeRegistry -- Adding type registration pg-uuid -> org.hibernate.type.BasicTypeReference@301ec38b
15:29:32.934 [main] DEBUG org.hibernate.type.BasicTypeRegistry -- Adding type registration uuid-binary -> org.hibernate.type.BasicTypeReference@10ded6a9
15:29:32.934 [main] DEBUG org.hibernate.type.BasicTypeRegistry -- Adding type registration uuid-char -> org.hibernate.type.BasicTypeReference@c5dc4a2
15:29:32.934 [main] DEBUG org.hibernate.type.BasicTypeRegistry -- Adding type registration class -> org.hibernate.type.BasicTypeReference@4a194c39
15:29:32.934 [main] DEBUG org.hibernate.type.BasicTypeRegistry -- Adding type registration java.lang.Class -> org.hibernate.type.BasicTypeReference@4a194c39
15:29:32.934 [main] DEBUG org.hibernate.type.BasicTypeRegistry -- Adding type registration currency -> org.hibernate.type.BasicTypeReference@52066604
15:29:32.934 [main] DEBUG org.hibernate.type.BasicTypeRegistry -- Adding type registration Currency -> org.hibernate.type.BasicTypeReference@52066604
15:29:32.934 [main] DEBUG org.hibernate.type.BasicTypeRegistry -- Adding type registration java.util.Currency -> org.hibernate.type.BasicTypeReference@52066604
15:29:32.934 [main] DEBUG org.hibernate.type.BasicTypeRegistry -- Adding type registration locale -> org.hibernate.type.BasicTypeReference@340b9973
15:29:32.934 [main] DEBUG org.hibernate.type.BasicTypeRegistry -- Adding type registration java.util.Locale -> org.hibernate.type.BasicTypeReference@340b9973
15:29:32.934 [main] DEBUG org.hibernate.type.BasicTypeRegistry -- Adding type registration serializable -> org.hibernate.type.BasicTypeReference@56113384
15:29:32.934 [main] DEBUG org.hibernate.type.BasicTypeRegistry -- Adding type registration java.io.Serializable -> org.hibernate.type.BasicTypeReference@56113384
15:29:32.934 [main] DEBUG org.hibernate.type.BasicTypeRegistry -- Adding type registration timezone -> org.hibernate.type.BasicTypeReference@5669c5fb
15:29:32.934 [main] DEBUG org.hibernate.type.BasicTypeRegistry -- Adding type registration java.util.TimeZone -> org.hibernate.type.BasicTypeReference@5669c5fb
15:29:32.934 [main] DEBUG org.hibernate.type.BasicTypeRegistry -- Adding type registration ZoneOffset -> org.hibernate.type.BasicTypeReference@373ebf74
15:29:32.934 [main] DEBUG org.hibernate.type.BasicTypeRegistry -- Adding type registration java.time.ZoneOffset -> org.hibernate.type.BasicTypeReference@373ebf74
15:29:32.934 [main] DEBUG org.hibernate.type.BasicTypeRegistry -- Adding type registration url -> org.hibernate.type.BasicTypeReference@5f9678e1
15:29:32.934 [main] DEBUG org.hibernate.type.BasicTypeRegistry -- Adding type registration java.net.URL -> org.hibernate.type.BasicTypeReference@5f9678e1
15:29:32.934 [main] DEBUG org.hibernate.type.BasicTypeRegistry -- Adding type registration vector -> org.hibernate.type.BasicTypeReference@c4ed84
15:29:32.934 [main] DEBUG org.hibernate.type.BasicTypeRegistry -- Adding type registration row_version -> org.hibernate.type.BasicTypeReference@189aa67a
15:29:32.934 [main] DEBUG org.hibernate.type.BasicTypeRegistry -- Adding type registration object -> org.hibernate.type.JavaObjectType@2b0f373b
15:29:32.934 [main] DEBUG org.hibernate.type.BasicTypeRegistry -- Adding type registration java.lang.Object -> org.hibernate.type.JavaObjectType@2b0f373b
15:29:32.934 [main] DEBUG org.hibernate.type.BasicTypeRegistry -- Adding type registration null -> org.hibernate.type.NullType@6622fc65
15:29:32.934 [main] DEBUG org.hibernate.type.BasicTypeRegistry -- Adding type registration imm_date -> org.hibernate.type.BasicTypeReference@74bdfa0b
15:29:32.934 [main] DEBUG org.hibernate.type.BasicTypeRegistry -- Adding type registration imm_time -> org.hibernate.type.BasicTypeReference@68a5aadd
15:29:32.934 [main] DEBUG org.hibernate.type.BasicTypeRegistry -- Adding type registration imm_timestamp -> org.hibernate.type.BasicTypeReference@1c2096c6
15:29:32.934 [main] DEBUG org.hibernate.type.BasicTypeRegistry -- Adding type registration imm_calendar -> org.hibernate.type.BasicTypeReference@1a89414e
15:29:32.934 [main] DEBUG org.hibernate.type.BasicTypeRegistry -- Adding type registration imm_calendar_date -> org.hibernate.type.BasicTypeReference@17f8db6
15:29:32.934 [main] DEBUG org.hibernate.type.BasicTypeRegistry -- Adding type registration imm_calendar_time -> org.hibernate.type.BasicTypeReference@44492c06
15:29:32.934 [main] DEBUG org.hibernate.type.BasicTypeRegistry -- Adding type registration imm_binary -> org.hibernate.type.BasicTypeReference@5c4714ef
15:29:32.934 [main] DEBUG org.hibernate.type.BasicTypeRegistry -- Adding type registration imm_serializable -> org.hibernate.type.BasicTypeReference@c94bd18
15:29:32.934 [main] DEBUG org.hibernate.boot.internal.BootstrapContextImpl -- Injecting ScanEnvironment [org.hibernate.jpa.boot.internal.StandardJpaScanEnvironmentImpl@71fb8301] into BootstrapContext; was [null]
15:29:32.934 [main] DEBUG org.hibernate.boot.internal.BootstrapContextImpl -- Injecting ScanOptions [org.hibernate.boot.archive.scan.internal.StandardScanOptions@7cdfa824] into BootstrapContext; was [org.hibernate.boot.archive.scan.internal.StandardScanOptions@18db3b3c]
15:29:32.947 [main] DEBUG org.hibernate.boot.model.process.internal.ScanningCoordinator -- Unable to resolve class ["gr.aueb.dmst.User"] named in persistence unit [file:/C:/Users/dxara/OneDrive/%CE%A5%CF%80%CE%BF%CE%BB%CE%BF%CE%B3%CE%B9%CF%83%CF%84%CE%AE%CF%82/ergasiapr/programming_project_test/peinai/target/test-classes]
15:29:32.947 [main] DEBUG org.hibernate.boot.internal.BootstrapContextImpl -- Injecting JPA temp ClassLoader [null] into BootstrapContext; was [null]
15:29:32.947 [main] DEBUG org.hibernate.boot.internal.ClassLoaderAccessImpl -- ClassLoaderAccessImpl#injectTempClassLoader(null) [was null]
15:29:32.947 [main] WARN org.hibernate.orm.connections.pooling -- HHH10001002: Using built-in connection pool (not intended for production use)
15:29:32.947 [main] INFO org.hibernate.orm.connections.pooling -- HHH10001005: Loaded JDBC driver class: org.h2.Driver
15:29:32.947 [main] INFO org.hibernate.orm.connections.pooling -- HHH10001012: Connecting with JDBC URL [jdbc:h2:mem:test]
15:29:32.947 [main] INFO org.hibernate.orm.connections.pooling -- HHH10001001: Connection properties: {password=, user=sa}
15:29:32.947 [main] INFO org.hibernate.orm.connections.pooling -- HHH10001003: Autocommit mode: false
15:29:32.947 [main] DEBUG org.hibernate.orm.connections.pooling -- Initializing Connection pool with 1 Connections
15:29:32.947 [main] INFO org.hibernate.orm.connections.pooling -- HHH10001115: Connection pool size: 20 (min=1)
15:29:32.947 [main] DEBUG org.hibernate.engine.jdbc.env.internal.JdbcEnvironmentInitiator -- Database ->
       name : H2
    version : 2.2.224 (2023-09-17)
      major : 2
      minor : 2
15:29:32.947 [main] DEBUG org.hibernate.engine.jdbc.env.internal.JdbcEnvironmentInitiator -- Driver ->
       name : H2 JDBC Driver
    version : 2.2.224 (2023-09-17)
      major : 2
      minor : 2
15:29:32.947 [main] DEBUG org.hibernate.engine.jdbc.env.internal.JdbcEnvironmentInitiator -- JDBC version : 4.2
15:29:32.955 [main] WARN org.hibernate.orm.deprecation -- HHH90000025: H2Dialect does not need to be specified explicitly using 'hibernate.dialect' (remove the property setting and it will be selected by default)
15:29:32.955 [main] DEBUG org.hibernate.orm.dialect -- HHH035001: Using dialect: org.hibernate.dialect.H2Dialect, version: 2.2.224
15:29:32.955 [main] DEBUG org.hibernate.engine.jdbc.env.spi.IdentifierHelperBuilder -- JDBC driver metadata reported database stores quoted identifiers in neither upper, lower nor mixed case
15:29:32.955 [main] DEBUG org.hibernate.type.descriptor.jdbc.spi.JdbcTypeRegistry -- addDescriptor(NCharTypeDescriptor) replaced previous registration(CharTypeDescriptor)
15:29:32.955 [main] DEBUG org.hibernate.type.descriptor.jdbc.spi.JdbcTypeRegistry -- addDescriptor(NVarcharTypeDescriptor) replaced previous registration(VarcharTypeDescriptor)
15:29:32.955 [main] DEBUG org.hibernate.type.descriptor.jdbc.spi.JdbcTypeRegistry -- addDescriptor(LongNVarcharTypeDescriptor) replaced previous registration(LongVarcharTypeDescriptor)
15:29:32.955 [main] DEBUG org.hibernate.type.descriptor.jdbc.spi.JdbcTypeRegistry -- addDescriptor(NClobTypeDescriptor(DEFAULT)) replaced previous registration(ClobTypeDescriptor(DEFAULT))
15:29:32.955 [main] DEBUG org.hibernate.type.descriptor.jdbc.spi.JdbcTypeRegistry -- addDescriptor(2005, ClobTypeDescriptor(STREAM_BINDING)) replaced previous registration(ClobTypeDescriptor(DEFAULT))
15:29:32.955 [main] DEBUG org.hibernate.type.descriptor.jdbc.spi.JdbcTypeRegistry -- addDescriptor(TimestampUtcDescriptor) replaced previous registration(TimestampUtcDescriptor)
15:29:32.955 [main] DEBUG org.hibernate.type.BasicTypeRegistry -- Adding type registration org.hibernate.type.DurationType -> basicType@43(java.time.Duration,2)
15:29:32.955 [main] DEBUG org.hibernate.type.BasicTypeRegistry -- Adding type registration Duration -> basicType@43(java.time.Duration,2)
15:29:32.955 [main] DEBUG org.hibernate.type.BasicTypeRegistry -- Adding type registration java.time.Duration -> basicType@43(java.time.Duration,2)
15:29:32.955 [main] DEBUG org.hibernate.type.spi.TypeConfiguration$Scope -- Scoping TypeConfiguration [org.hibernate.type.spi.TypeConfiguration@139089a4] to MetadataBuildingContext [org.hibernate.boot.internal.MetadataBuildingContextRootImpl@6a6e9289]
15:29:32.955 [main] DEBUG org.hibernate.boot.model.relational.Namespace -- Created database namespace [logicalName=Name{catalog=null, schema=null}, physicalName=Name{catalog=null, schema=null}]
15:29:32.955 [main] DEBUG org.hibernate.boot.model.internal.EntityBinder -- Binding entity from annotated class: gr.aueb.dmst.Preferences
15:29:32.959 [main] DEBUG org.hibernate.boot.model.internal.EntityBinder -- Import with entity name Preferences
15:29:32.959 [main] DEBUG org.hibernate.boot.model.internal.EntityBinder -- Bind entity gr.aueb.dmst.Preferences on table Preferences
15:29:32.959 [main] DEBUG org.hibernate.boot.model.internal.AnnotatedColumn -- Binding column: AnnotatedDiscriminatorColumn(column='DTYPE')
15:29:32.959 [main] DEBUG org.hibernate.boot.model.internal.AnnotatedColumn -- Binding column: AnnotatedColumn()
15:29:32.959 [main] DEBUG org.hibernate.boot.internal.ClassLoaderAccessImpl -- Not known whether passed class name [gr.aueb.dmst.Preferences] is safe
15:29:32.959 [main] DEBUG org.hibernate.boot.internal.ClassLoaderAccessImpl -- No temp ClassLoader provided; using live ClassLoader for loading potentially unsafe class : gr.aueb.dmst.Preferences
15:29:32.959 [main] DEBUG org.hibernate.boot.model.internal.PropertyBinder -- MetadataSourceProcessor property preferenceId with lazy=false
15:29:32.959 [main] DEBUG org.hibernate.boot.model.internal.AbstractPropertyHolder -- Attempting to locate auto-apply AttributeConverter for property [gr.aueb.dmst.Preferences:preferenceId]
15:29:32.959 [main] DEBUG org.hibernate.boot.model.internal.BasicValueBinder -- building BasicValue for preferenceId
15:29:32.959 [main] DEBUG org.hibernate.mapping.BasicValue -- Skipping column re-registration: Preferences.preferenceId
15:29:32.959 [main] DEBUG org.hibernate.boot.model.internal.PropertyBinder -- Building property preferenceId
15:29:32.959 [main] DEBUG org.hibernate.boot.model.internal.BinderHelper -- #makeIdGenerator(BasicValue([Column(preferenceId)]), preferenceId, identity, , ...)
15:29:32.959 [main] DEBUG org.hibernate.boot.model.internal.AnnotatedColumn -- Binding column: AnnotatedColumn()
15:29:32.959 [main] DEBUG org.hibernate.boot.model.internal.PropertyBinder -- MetadataSourceProcessor property allergy with lazy=false
15:29:32.959 [main] DEBUG org.hibernate.boot.model.internal.AbstractPropertyHolder -- Attempting to locate auto-apply AttributeConverter for property [gr.aueb.dmst.Preferences:allergy]
15:29:32.959 [main] DEBUG org.hibernate.boot.model.internal.BasicValueBinder -- building BasicValue for allergy
15:29:32.959 [main] DEBUG org.hibernate.mapping.BasicValue -- Skipping column re-registration: Preferences.allergy
15:29:32.959 [main] DEBUG org.hibernate.boot.model.internal.PropertyBinder -- Building property allergy
15:29:32.959 [main] DEBUG org.hibernate.boot.model.internal.AnnotatedColumn -- Binding column: IndexColumn(column='favIngredients_ORDER')
15:29:32.959 [main] DEBUG org.hibernate.boot.model.internal.AnnotatedColumn -- Binding column: AnnotatedColumn()
15:29:32.959 [main] DEBUG org.hibernate.boot.model.internal.AnnotatedColumn -- Binding column: AnnotatedColumn(column='favIngredients_KEY')
15:29:32.959 [main] DEBUG org.hibernate.boot.model.internal.AnnotatedColumn -- Binding column: AnnotatedJoinColumn(column='favIngredients_KEY')
15:29:32.959 [main] DEBUG org.hibernate.boot.model.internal.AnnotatedColumn -- Binding column: AnnotatedJoinColumn(column='preference_id')
15:29:32.959 [main] DEBUG org.hibernate.boot.model.internal.AnnotatedColumn -- Binding column: AnnotatedJoinColumn(column='ingredient_id')
15:29:32.959 [main] DEBUG org.hibernate.boot.model.internal.CollectionBinder -- Collection role: gr.aueb.dmst.Preferences.favIngredients
15:29:32.959 [main] DEBUG org.hibernate.boot.model.internal.PropertyBinder -- Building property favIngredients
15:29:32.959 [main] DEBUG org.hibernate.boot.model.internal.AnnotatedColumn -- Binding column: IndexColumn(column='worstIngredients_ORDER')
15:29:32.959 [main] DEBUG org.hibernate.boot.model.internal.AnnotatedColumn -- Binding column: AnnotatedColumn()
15:29:32.959 [main] DEBUG org.hibernate.boot.model.internal.AnnotatedColumn -- Binding column: AnnotatedColumn(column='worstIngredients_KEY')
15:29:32.963 [main] DEBUG org.hibernate.boot.model.internal.AnnotatedColumn -- Binding column: AnnotatedJoinColumn(column='worstIngredients_KEY')
15:29:32.963 [main] DEBUG org.hibernate.boot.model.internal.AnnotatedColumn -- Binding column: AnnotatedJoinColumn(column='preference_id')
15:29:32.963 [main] DEBUG org.hibernate.boot.model.internal.AnnotatedColumn -- Binding column: AnnotatedJoinColumn(column='ingredient_id')
15:29:32.963 [main] DEBUG org.hibernate.boot.model.internal.CollectionBinder -- Collection role: gr.aueb.dmst.Preferences.worstIngredients
15:29:32.963 [main] DEBUG org.hibernate.boot.model.internal.PropertyBinder -- Building property worstIngredients
15:29:32.963 [main] DEBUG org.hibernate.boot.registry.classloading.internal.ClassLoaderServiceImpl -- HHH000194: Package not found or wo package-info.java: gr.aueb.dmst
15:29:32.963 [main] DEBUG org.hibernate.boot.model.internal.EntityBinder -- Binding entity from annotated class: gr.aueb.dmst.Ingredient
15:29:32.963 [main] DEBUG org.hibernate.boot.model.internal.EntityBinder -- Import with entity name Ingredient
15:29:32.963 [main] DEBUG org.hibernate.boot.model.internal.EntityBinder -- Bind entity gr.aueb.dmst.Ingredient on table Ingredient
15:29:32.963 [main] DEBUG org.hibernate.boot.model.internal.AnnotatedColumn -- Binding column: AnnotatedDiscriminatorColumn(column='DTYPE')
15:29:32.963 [main] DEBUG org.hibernate.boot.model.internal.AnnotatedColumn -- Binding column: AnnotatedColumn()
15:29:32.963 [main] DEBUG org.hibernate.boot.internal.ClassLoaderAccessImpl -- Not known whether passed class name [gr.aueb.dmst.Ingredient] is safe
15:29:32.963 [main] DEBUG org.hibernate.boot.internal.ClassLoaderAccessImpl -- No temp ClassLoader provided; using live ClassLoader for loading potentially unsafe class : gr.aueb.dmst.Ingredient
15:29:32.963 [main] DEBUG org.hibernate.boot.model.internal.PropertyBinder -- MetadataSourceProcessor property ingr_id with lazy=false
15:29:32.963 [main] DEBUG org.hibernate.boot.model.internal.AbstractPropertyHolder -- Attempting to locate auto-apply AttributeConverter for property [gr.aueb.dmst.Ingredient:ingr_id]
15:29:32.963 [main] DEBUG org.hibernate.boot.model.internal.BasicValueBinder -- building BasicValue for ingr_id
15:29:32.963 [main] DEBUG org.hibernate.mapping.BasicValue -- Skipping column re-registration: Ingredient.ingr_id
15:29:32.963 [main] DEBUG org.hibernate.boot.model.internal.PropertyBinder -- Building property ingr_id
15:29:32.963 [main] DEBUG org.hibernate.boot.model.internal.BinderHelper -- #makeIdGenerator(BasicValue([Column(ingr_id)]), ingr_id, identity, , ...)
15:29:32.963 [main] DEBUG org.hibernate.boot.model.internal.AnnotatedColumn -- Binding column: AnnotatedColumn()
15:29:32.963 [main] DEBUG org.hibernate.boot.model.internal.PropertyBinder -- MetadataSourceProcessor property name with lazy=false
15:29:32.963 [main] DEBUG org.hibernate.boot.model.internal.AbstractPropertyHolder -- Attempting to locate auto-apply AttributeConverter for property [gr.aueb.dmst.Ingredient:name]
15:29:32.963 [main] DEBUG org.hibernate.boot.model.internal.BasicValueBinder -- building BasicValue for name
15:29:32.963 [main] DEBUG org.hibernate.mapping.BasicValue -- Skipping column re-registration: Ingredient.name
15:29:32.963 [main] DEBUG org.hibernate.boot.model.internal.PropertyBinder -- Building property name
15:29:32.963 [main] DEBUG org.hibernate.boot.registry.classloading.internal.ClassLoaderServiceImpl -- HHH000194: Package not found or wo package-info.java: gr.aueb.dmst
15:29:32.963 [main] DEBUG org.hibernate.boot.model.internal.BasicValueBinder -- Starting `BasicValueBinder#fillSimpleValue` for preferenceId
15:29:32.963 [main] DEBUG org.hibernate.boot.model.internal.BasicValueBinder -- Starting `BasicValueBinder#fillSimpleValue` for allergy
15:29:32.963 [main] DEBUG org.hibernate.boot.model.internal.BasicValueBinder -- Starting `BasicValueBinder#fillSimpleValue` for ingr_id
15:29:32.963 [main] DEBUG org.hibernate.boot.model.internal.BasicValueBinder -- Starting `BasicValueBinder#fillSimpleValue` for name
15:29:32.963 [main] DEBUG org.hibernate.mapping.PrimaryKey -- Forcing column [preferenceid] to be non-null as it is part of the primary key for table [preferences]
15:29:32.963 [main] DEBUG org.hibernate.mapping.PrimaryKey -- Forcing column [ingr_id] to be non-null as it is part of the primary key for table [ingredient]
15:29:32.963 [main] DEBUG org.hibernate.boot.model.internal.CollectionSecondPass -- Second pass for collection: gr.aueb.dmst.Preferences.worstIngredients
15:29:32.963 [main] DEBUG org.hibernate.boot.model.internal.CollectionBinder -- Binding a ManyToMany: gr.aueb.dmst.Preferences.worstIngredients
15:29:32.970 [main] DEBUG org.hibernate.boot.registry.classloading.internal.ClassLoaderServiceImpl -- HHH000194: Package not found or wo package-info.java: gr.aueb.dmst
15:29:32.970 [main] DEBUG org.hibernate.mapping.PrimaryKey -- Forcing column [preference_id] to be non-null as it is part of the primary key for table [preferences_worst_ingredients]
15:29:32.970 [main] DEBUG org.hibernate.mapping.PrimaryKey -- Forcing column [ingredient_id] to be non-null as it is part of the primary key for table [preferences_worst_ingredients]
15:29:32.970 [main] DEBUG org.hibernate.boot.model.internal.CollectionSecondPass -- Mapped collection key: preference_id, element: ingredient_id
15:29:32.970 [main] DEBUG org.hibernate.boot.model.internal.CollectionSecondPass -- Second pass for collection: gr.aueb.dmst.Preferences.favIngredients
15:29:32.970 [main] DEBUG org.hibernate.boot.model.internal.CollectionBinder -- Binding a ManyToMany: gr.aueb.dmst.Preferences.favIngredients
15:29:32.970 [main] DEBUG org.hibernate.boot.registry.classloading.internal.ClassLoaderServiceImpl -- HHH000194: Package not found or wo package-info.java: gr.aueb.dmst
15:29:32.970 [main] DEBUG org.hibernate.mapping.PrimaryKey -- Forcing column [preference_id] to be non-null as it is part of the primary key for table [preferences_fav_ingredients]
15:29:32.970 [main] DEBUG org.hibernate.mapping.PrimaryKey -- Forcing column [ingredient_id] to be non-null as it is part of the primary key for table [preferences_fav_ingredients]
15:29:32.970 [main] DEBUG org.hibernate.boot.model.internal.CollectionSecondPass -- Mapped collection key: preference_id, element: ingredient_id
15:29:32.970 [main] DEBUG org.hibernate.boot.internal.InFlightMetadataCollectorImpl -- Resolving reference to class: gr.aueb.dmst.Ingredient
15:29:32.970 [main] DEBUG org.hibernate.boot.internal.InFlightMetadataCollectorImpl -- Resolving reference to class: gr.aueb.dmst.Preferences
15:29:32.970 [main] DEBUG org.hibernate.boot.internal.InFlightMetadataCollectorImpl -- Resolving reference to class: gr.aueb.dmst.Ingredient
15:29:32.970 [main] DEBUG org.hibernate.boot.internal.InFlightMetadataCollectorImpl -- Resolving reference to class: gr.aueb.dmst.Preferences
15:29:32.970 [main] DEBUG org.hibernate.boot.internal.InFlightMetadataCollectorImpl -- Resolving reference to class: gr.aueb.dmst.Ingredient
15:29:32.970 [main] DEBUG org.hibernate.boot.internal.InFlightMetadataCollectorImpl -- Resolving reference to class: gr.aueb.dmst.Preferences
15:29:32.970 [main] DEBUG org.hibernate.boot.internal.InFlightMetadataCollectorImpl -- Resolving reference to class: gr.aueb.dmst.Ingredient
15:29:32.970 [main] DEBUG org.hibernate.boot.internal.InFlightMetadataCollectorImpl -- Resolving reference to class: gr.aueb.dmst.Preferences
15:29:32.970 [main] DEBUG org.hibernate.bytecode.internal.BytecodeProviderInitiator -- HHH000021: Bytecode provider: bytebuddy
15:29:32.970 [main] DEBUG org.hibernate.internal.SessionFactoryImpl -- Building session factory
15:29:32.970 [main] DEBUG org.hibernate.service.internal.SessionFactoryServiceRegistryImpl -- EventListenerRegistry access via ServiceRegistry is deprecated.  Use `sessionFactory.getEventEngine().getListenerRegistry()` instead
15:29:32.970 [main] DEBUG org.hibernate.internal.SessionFactoryImpl -- Instantiating SessionFactory with settings: {java.specification.version=21, sun.cpu.isalist=amd64, sun.jnu.encoding=Cp1253, hibernate.dialect=org.hibernate.dialect.H2Dialect, java.class.path=C:\Users\dxara\OneDrive\Υπολογιστής\ergasiapr\programming_project_test\peinai\target\test-classes;C:\Users\dxara\OneDrive\Υπολογιστής\ergasiapr\programming_project_test\peinai\target\classes;C:\Users\dxara\.m2\repository\org\junit\jupiter\junit-jupiter-api\5.10.1\junit-jupiter-api-5.10.1.jar;C:\Users\dxara\.m2\repository\org\opentest4j\opentest4j\1.3.0\opentest4j-1.3.0.jar;C:\Users\dxara\.m2\repository\org\junit\platform\junit-platform-commons\1.10.1\junit-platform-commons-1.10.1.jar;C:\Users\dxara\.m2\repository\org\apiguardian\apiguardian-api\1.1.2\apiguardian-api-1.1.2.jar;C:\Users\dxara\.m2\repository\org\junit\jupiter\junit-jupiter-engine\5.10.1\junit-jupiter-engine-5.10.1.jar;C:\Users\dxara\.m2\repository\org\junit\platform\junit-platform-engine\1.10.1\junit-platform-engine-1.10.1.jar;C:\Users\dxara\.m2\repository\com\fasterxml\jackson\core\jackson-databind\2.16.0\jackson-databind-2.16.0.jar;C:\Users\dxara\.m2\repository\com\fasterxml\jackson\core\jackson-annotations\2.16.0\jackson-annotations-2.16.0.jar;C:\Users\dxara\.m2\repository\com\fasterxml\jackson\core\jackson-core\2.16.0\jackson-core-2.16.0.jar;C:\Users\dxara\.m2\repository\com\h2database\h2\2.2.224\h2-2.2.224.jar;C:\Users\dxara\.m2\repository\org\hibernate\orm\hibernate-core\6.4.0.Final\hibernate-core-6.4.0.Final.jar;C:\Users\dxara\.m2\repository\jakarta\transaction\jakarta.transaction-api\2.0.1\jakarta.transaction-api-2.0.1.jar;C:\Users\dxara\.m2\repository\org\jboss\logging\jboss-logging\3.5.0.Final\jboss-logging-3.5.0.Final.jar;C:\Users\dxara\.m2\repository\org\hibernate\common\hibernate-commons-annotations\6.0.6.Final\hibernate-commons-annotations-6.0.6.Final.jar;C:\Users\dxara\.m2\repository\io\smallrye\jandex\3.1.2\jandex-3.1.2.jar;C:\Users\dxara\.m2\repository\com\fasterxml\classmate\1.5.1\classmate-1.5.1.jar;C:\Users\dxara\.m2\repository\net\bytebuddy\byte-buddy\1.14.7\byte-buddy-1.14.7.jar;C:\Users\dxara\.m2\repository\jakarta\xml\bind\jakarta.xml.bind-api\4.0.0\jakarta.xml.bind-api-4.0.0.jar;C:\Users\dxara\.m2\repository\jakarta\activation\jakarta.activation-api\2.1.0\jakarta.activation-api-2.1.0.jar;C:\Users\dxara\.m2\repository\org\glassfish\jaxb\jaxb-runtime\4.0.2\jaxb-runtime-4.0.2.jar;C:\Users\dxara\.m2\repository\org\glassfish\jaxb\jaxb-core\4.0.2\jaxb-core-4.0.2.jar;C:\Users\dxara\.m2\repository\org\eclipse\angus\angus-activation\2.0.0\angus-activation-2.0.0.jar;C:\Users\dxara\.m2\repository\org\glassfish\jaxb\txw2\4.0.2\txw2-4.0.2.jar;C:\Users\dxara\.m2\repository\com\sun\istack\istack-commons-runtime\4.1.1\istack-commons-runtime-4.1.1.jar;C:\Users\dxara\.m2\repository\jakarta\inject\jakarta.inject-api\2.0.1\jakarta.inject-api-2.0.1.jar;C:\Users\dxara\.m2\repository\org\antlr\antlr4-runtime\4.13.0\antlr4-runtime-4.13.0.jar;C:\Users\dxara\.m2\repository\jakarta\persistence\jakarta.persistence-api\3.1.0\jakarta.persistence-api-3.1.0.jar;C:\Users\dxara\.m2\repository\commons-codec\commons-codec\1.16.0\commons-codec-1.16.0.jar;C:\Users\dxara\.m2\repository\org\slf4j\slf4j-api\2.1.0-alpha1\slf4j-api-2.1.0-alpha1.jar;C:\Users\dxara\.m2\repository\ch\qos\logback\logback-classic\1.4.14\logback-classic-1.4.14.jar;C:\Users\dxara\.m2\repository\ch\qos\logback\logback-core\1.4.14\logback-core-1.4.14.jar;, java.vm.vendor=Oracle Corporation, sun.arch.data.model=64, user.variant=, java.vendor.url=https://java.oracle.com/, user.timezone=Europe/Athens, javax.persistence.jdbc.url=jdbc:h2:mem:test, javax.persistence.jdbc.user=****, java.vm.specification.version=21, os.name=Windows 11, jakarta.persistence.jdbc.password=****, sun.java.launcher=SUN_STANDARD, user.country=GR, local.setting.IS_JTA_TXN_COORD=false, sun.boot.library.path=C:\Program Files\Java\jdk-21\bin, sun.java.command=C:\Users\dxara\AppData\Local\Temp\surefire14782923762096003877\surefirebooter401555329087391359.jar C:\Users\dxara\AppData\Local\Temp\surefire14782923762096003877 2024-01-05T15-29-28_132-jvmRun1 surefire1507464878796894564tmp surefire_010697384790463017159tmp, jdk.debug=release, surefire.test.class.path=C:\Users\dxara\OneDrive\Υπολογιστής\ergasiapr\programming_project_test\peinai\target\test-classes;C:\Users\dxara\OneDrive\Υπολογιστής\ergasiapr\programming_project_test\peinai\target\classes;C:\Users\dxara\.m2\repository\org\junit\jupiter\junit-jupiter-api\5.10.1\junit-jupiter-api-5.10.1.jar;C:\Users\dxara\.m2\repository\org\opentest4j\opentest4j\1.3.0\opentest4j-1.3.0.jar;C:\Users\dxara\.m2\repository\org\junit\platform\junit-platform-commons\1.10.1\junit-platform-commons-1.10.1.jar;C:\Users\dxara\.m2\repository\org\apiguardian\apiguardian-api\1.1.2\apiguardian-api-1.1.2.jar;C:\Users\dxara\.m2\repository\org\junit\jupiter\junit-jupiter-engine\5.10.1\junit-jupiter-engine-5.10.1.jar;C:\Users\dxara\.m2\repository\org\junit\platform\junit-platform-engine\1.10.1\junit-platform-engine-1.10.1.jar;C:\Users\dxara\.m2\repository\com\fasterxml\jackson\core\jackson-databind\2.16.0\jackson-databind-2.16.0.jar;C:\Users\dxara\.m2\repository\com\fasterxml\jackson\core\jackson-annotations\2.16.0\jackson-annotations-2.16.0.jar;C:\Users\dxara\.m2\repository\com\fasterxml\jackson\core\jackson-core\2.16.0\jackson-core-2.16.0.jar;C:\Users\dxara\.m2\repository\com\h2database\h2\2.2.224\h2-2.2.224.jar;C:\Users\dxara\.m2\repository\org\hibernate\orm\hibernate-core\6.4.0.Final\hibernate-core-6.4.0.Final.jar;C:\Users\dxara\.m2\repository\jakarta\transaction\jakarta.transaction-api\2.0.1\jakarta.transaction-api-2.0.1.jar;C:\Users\dxara\.m2\repository\org\jboss\logging\jboss-logging\3.5.0.Final\jboss-logging-3.5.0.Final.jar;C:\Users\dxara\.m2\repository\org\hibernate\common\hibernate-commons-annotations\6.0.6.Final\hibernate-commons-annotations-6.0.6.Final.jar;C:\Users\dxara\.m2\repository\io\smallrye\jandex\3.1.2\jandex-3.1.2.jar;C:\Users\dxara\.m2\repository\com\fasterxml\classmate\1.5.1\classmate-1.5.1.jar;C:\Users\dxara\.m2\repository\net\bytebuddy\byte-buddy\1.14.7\byte-buddy-1.14.7.jar;C:\Users\dxara\.m2\repository\jakarta\xml\bind\jakarta.xml.bind-api\4.0.0\jakarta.xml.bind-api-4.0.0.jar;C:\Users\dxara\.m2\repository\jakarta\activation\jakarta.activation-api\2.1.0\jakarta.activation-api-2.1.0.jar;C:\Users\dxara\.m2\repository\org\glassfish\jaxb\jaxb-runtime\4.0.2\jaxb-runtime-4.0.2.jar;C:\Users\dxara\.m2\repository\org\glassfish\jaxb\jaxb-core\4.0.2\jaxb-core-4.0.2.jar;C:\Users\dxara\.m2\repository\org\eclipse\angus\angus-activation\2.0.0\angus-activation-2.0.0.jar;C:\Users\dxara\.m2\repository\org\glassfish\jaxb\txw2\4.0.2\txw2-4.0.2.jar;C:\Users\dxara\.m2\repository\com\sun\istack\istack-commons-runtime\4.1.1\istack-commons-runtime-4.1.1.jar;C:\Users\dxara\.m2\repository\jakarta\inject\jakarta.inject-api\2.0.1\jakarta.inject-api-2.0.1.jar;C:\Users\dxara\.m2\repository\org\antlr\antlr4-runtime\4.13.0\antlr4-runtime-4.13.0.jar;C:\Users\dxara\.m2\repository\jakarta\persistence\jakarta.persistence-api\3.1.0\jakarta.persistence-api-3.1.0.jar;C:\Users\dxara\.m2\repository\commons-codec\commons-codec\1.16.0\commons-codec-1.16.0.jar;C:\Users\dxara\.m2\repository\org\slf4j\slf4j-api\2.1.0-alpha1\slf4j-api-2.1.0-alpha1.jar;C:\Users\dxara\.m2\repository\ch\qos\logback\logback-classic\1.4.14\logback-classic-1.4.14.jar;C:\Users\dxara\.m2\repository\ch\qos\logback\logback-core\1.4.14\logback-core-1.4.14.jar;, jakarta.persistence.jdbc.driver=org.h2.Driver, sun.cpu.endian=little, user.home=C:\Users\dxara, user.language=el, java.specification.vendor=Oracle Corporation, java.version.date=2023-09-19, java.home=C:\Program Files\Java\jdk-21, file.separator=\, basedir=C:\Users\dxara\OneDrive\Υπολογιστής\ergasiapr\programming_project_test\peinai, java.vm.compressedOopsMode=Zero based, jakarta.persistence.jdbc.user=****, line.separator=
, hibernate.persistenceUnitName=peinai, java.vm.specification.vendor=Oracle Corporation, java.specification.name=Java Platform API Specification, hibernate.transaction.coordinator_class=class org.hibernate.resource.transaction.backend.jdbc.internal.JdbcResourceLocalTransactionCoordinatorBuilderImpl, javax.persistence.jdbc.driver=org.h2.Driver, surefire.real.class.path=C:\Users\dxara\AppData\Local\Temp\surefire14782923762096003877\surefirebooter401555329087391359.jar, hibernate.hbm2ddl.auto=update, user.script=, sun.management.compiler=HotSpot 64-Bit Tiered Compilers, java.runtime.version=21+35-LTS-2513, user.name=dxara, stdout.encoding=Cp1253, path.separator=;, hibernate.connection.username=****, os.version=10.0, java.runtime.name=Java(TM) SE Runtime Environment, hibernate.connection.url=jdbc:h2:mem:test, file.encoding=UTF-8, java.vm.name=Java HotSpot(TM) 64-Bit Server VM, hibernate.show_sql=true, localRepository=C:\Users\dxara\.m2\repository, hibernate.connection.driver_class=org.h2.Driver, java.vendor.url.bug=https://bugreport.java.com/bugreport/, java.io.tmpdir=C:\Users\dxara\AppData\Local\Temp\, java.version=21, user.dir=C:\Users\dxara\OneDrive\Υπολογιστής\ergasiapr\programming_project_test\peinai, os.arch=amd64, java.vm.specification.name=Java Virtual Machine Specification, hibernate.connection.password=****, sun.os.patch.level=, jakarta.persistence.jdbc.url=jdbc:h2:mem:test, hibernate.boot.CfgXmlAccessService.key=org.hibernate.boot.registry.StandardServiceRegistryBuilder$1@9f1ca74, native.encoding=Cp1253, java.library.path=C:\Program Files\Java\jdk-21\bin;C:\Windows\Sun\Java\bin;C:\Windows\system32;C:\Windows;C:\Program Files\Git\cmd;C:\Windows\system32;C:\Windows;C:\Windows\System32\Wbem;C:\Windows\System32\WindowsPowerShell\v1.0\;C:\Windows\System32\OpenSSH\;C:\Program Files\dotnet\;C:\Program Files\Java\jdk-21\bin;C:\Program Files\IBM\SPSS\Statistics\22\JRE\bin;C:\Program Files (x86)\Microsoft SQL Server\160\Tools\Binn\;C:\Program Files\Microsoft SQL Server\160\Tools\Binn\;C:\Program Files\Microsoft SQL Server\Client SDK\ODBC\170\Tools\Binn\;C:\Program Files\Microsoft SQL Server\160\DTS\Binn\;C:\Program Files\Git\cmd;C:\Program Files\apache-maven-3.9.5\bin;C:\Program Files (x86)\Microsoft SQL Server\160\DTS\Binn\;C:\Program Files\Azure Data Studio\bin;C:\Users\dxara\AppData\Local\Microsoft\WindowsApps;C:\Users\dxara\AppData\Local\Programs\Microsoft VS Code\bin;C:\Users\dxara\AppData\Local\GitHubDesktop\bin;C:\Program Files\Azure Data Studio\bin;., stderr.encoding=Cp1253, java.vendor=Oracle Corporation, java.vm.info=mixed mode, sharing, java.vm.version=21+35-LTS-2513, sun.io.unicode.encoding=UnicodeLittle, javax.persistence.jdbc.password=****, java.class.version=65.0}
15:29:32.980 [main] DEBUG org.hibernate.internal.SessionFactoryImpl -- Session factory constructed with filter configurations : {}
15:29:32.981 [main] DEBUG org.hibernate.query.sqm.function.SqmFunctionRegistry -- Registered SqmFunctionTemplate [NamedSqmFunctionTemplate(max)] under max; prior registration was null
15:29:32.981 [main] DEBUG org.hibernate.query.sqm.function.SqmFunctionRegistry -- Registered SqmFunctionTemplate [NamedSqmFunctionTemplate(min)] under min; prior registration was null
15:29:32.981 [main] DEBUG org.hibernate.query.sqm.function.SqmFunctionRegistry -- Registered SqmFunctionTemplate [NamedSqmFunctionTemplate(sum)] under sum; prior registration was null
15:29:32.981 [main] DEBUG org.hibernate.query.sqm.function.SqmFunctionRegistry -- Registered SqmFunctionTemplate [NamedSqmFunctionTemplate(avg)] under avg; prior registration was null
15:29:32.981 [main] DEBUG org.hibernate.query.sqm.function.SqmFunctionRegistry -- Registered SqmFunctionTemplate [org.hibernate.dialect.function.CountFunction@67b8d45] under count; prior registration was null
15:29:32.981 [main] DEBUG org.hibernate.query.sqm.function.SqmFunctionRegistry -- Registered SqmFunctionTemplate [org.hibernate.dialect.function.EveryAnyEmulation@365e65bb] under every; prior registration was null
15:29:32.981 [main] DEBUG org.hibernate.query.sqm.function.SqmFunctionRegistry -- Registered SqmFunctionTemplate [org.hibernate.dialect.function.EveryAnyEmulation@52f43225] under any; prior registration was null
15:29:32.981 [main] DEBUG org.hibernate.query.sqm.function.SqmFunctionRegistry -- Registered SqmFunctionTemplate [NamedSqmFunctionTemplate(floor)] under floor; prior registration was null
15:29:32.981 [main] DEBUG org.hibernate.query.sqm.function.SqmFunctionRegistry -- Registered SqmFunctionTemplate [NamedSqmFunctionTemplate(ceiling)] under ceiling; prior registration was null
15:29:32.981 [main] DEBUG org.hibernate.query.sqm.function.SqmFunctionRegistry -- Registered SqmFunctionTemplate [NamedSqmFunctionTemplate(mod)] under mod; prior registration was null
15:29:32.981 [main] DEBUG org.hibernate.query.sqm.function.SqmFunctionRegistry -- Registered SqmFunctionTemplate [NamedSqmFunctionTemplate(abs)] under abs; prior registration was null
15:29:32.981 [main] DEBUG org.hibernate.query.sqm.function.SqmFunctionRegistry -- Registered SqmFunctionTemplate [NamedSqmFunctionTemplate(sign)] under sign; prior registration was null
15:29:32.981 [main] DEBUG org.hibernate.query.sqm.function.SqmFunctionRegistry -- Registered SqmFunctionTemplate [NamedSqmFunctionTemplate(sqrt)] under sqrt; prior registration was null
15:29:32.981 [main] DEBUG org.hibernate.query.sqm.function.SqmFunctionRegistry -- Registered SqmFunctionTemplate [NamedSqmFunctionTemplate(ln)] under ln; prior registration was null
15:29:32.981 [main] DEBUG org.hibernate.query.sqm.function.SqmFunctionRegistry -- Registered SqmFunctionTemplate [NamedSqmFunctionTemplate(exp)] under exp; prior registration was null
15:29:32.981 [main] DEBUG org.hibernate.query.sqm.function.SqmFunctionRegistry -- Registered SqmFunctionTemplate [NamedSqmFunctionTemplate(power)] under power; prior registration was null
15:29:32.981 [main] DEBUG org.hibernate.query.sqm.function.SqmFunctionRegistry -- Registered SqmFunctionTemplate [NamedSqmFunctionTemplate(round)] under round; prior registration was null
15:29:32.981 [main] DEBUG org.hibernate.query.sqm.function.SqmFunctionRegistry -- Registered SqmFunctionTemplate [NamedSqmFunctionTemplate(sin)] under sin; prior registration was null
15:29:32.981 [main] DEBUG org.hibernate.query.sqm.function.SqmFunctionRegistry -- Registered SqmFunctionTemplate [NamedSqmFunctionTemplate(cos)] under cos; prior registration was null
15:29:32.981 [main] DEBUG org.hibernate.query.sqm.function.SqmFunctionRegistry -- Registered SqmFunctionTemplate [NamedSqmFunctionTemplate(tan)] under tan; prior registration was null
15:29:32.981 [main] DEBUG org.hibernate.query.sqm.function.SqmFunctionRegistry -- Registered SqmFunctionTemplate [NamedSqmFunctionTemplate(asin)] under asin; prior registration was null
15:29:32.981 [main] DEBUG org.hibernate.query.sqm.function.SqmFunctionRegistry -- Registered SqmFunctionTemplate [NamedSqmFunctionTemplate(acos)] under acos; prior registration was null
15:29:32.981 [main] DEBUG org.hibernate.query.sqm.function.SqmFunctionRegistry -- Registered SqmFunctionTemplate [NamedSqmFunctionTemplate(atan)] under atan; prior registration was null
15:29:32.981 [main] DEBUG org.hibernate.query.sqm.function.SqmFunctionRegistry -- Registered SqmFunctionTemplate [NamedSqmFunctionTemplate(atan2)] under atan2; prior registration was null
15:29:32.981 [main] DEBUG org.hibernate.query.sqm.function.SqmFunctionRegistry -- Registered SqmFunctionTemplate [org.hibernate.query.sqm.function.PatternBasedSqmFunctionDescriptor@55d1f065] under sinh; prior registration was null
15:29:32.981 [main] DEBUG org.hibernate.query.sqm.function.SqmFunctionRegistry -- Registered SqmFunctionTemplate [org.hibernate.query.sqm.function.PatternBasedSqmFunctionDescriptor@f9a5e3f] under cosh; prior registration was null
15:29:32.981 [main] DEBUG org.hibernate.query.sqm.function.SqmFunctionRegistry -- Registered SqmFunctionTemplate [org.hibernate.query.sqm.function.PatternBasedSqmFunctionDescriptor@4aac81ca] under tanh; prior registration was null
15:29:32.981 [main] DEBUG org.hibernate.query.sqm.function.SqmFunctionRegistry -- Registered SqmFunctionTemplate [org.hibernate.query.sqm.function.PatternBasedSqmFunctionDescriptor@393ae7a0] under pi; prior registration was null
15:29:32.981 [main] DEBUG org.hibernate.query.sqm.function.SqmFunctionRegistry -- Registered SqmFunctionTemplate [org.hibernate.query.sqm.function.PatternBasedSqmFunctionDescriptor@63326a3a] under log; prior registration was null
15:29:32.981 [main] DEBUG org.hibernate.query.sqm.function.SqmFunctionRegistry -- Registered SqmFunctionTemplate [NamedSqmFunctionTemplate(coalesce)] under coalesce; prior registration was null
15:29:32.981 [main] DEBUG org.hibernate.query.sqm.function.SqmFunctionRegistry -- Registered SqmFunctionTemplate [NamedSqmFunctionTemplate(nullif)] under nullif; prior registration was null
15:29:32.981 [main] DEBUG org.hibernate.query.sqm.function.SqmFunctionRegistry -- Registered SqmFunctionTemplate [NamedSqmFunctionTemplate(left)] under left; prior registration was null
15:29:32.981 [main] DEBUG org.hibernate.query.sqm.function.SqmFunctionRegistry -- Registered SqmFunctionTemplate [NamedSqmFunctionTemplate(right)] under right; prior registration was null
15:29:32.981 [main] DEBUG org.hibernate.query.sqm.function.SqmFunctionRegistry -- Registered SqmFunctionTemplate [NamedSqmFunctionTemplate(replace)] under replace; prior registration was null
15:29:32.981 [main] DEBUG org.hibernate.query.sqm.function.SqmFunctionRegistry -- Registered SqmFunctionTemplate [NamedSqmFunctionTemplate(concat)] under concat; prior registration was null
15:29:32.981 [main] DEBUG org.hibernate.query.sqm.function.SqmFunctionRegistry -- Registered SqmFunctionTemplate [NamedSqmFunctionTemplate(lower)] under lower; prior registration was null
15:29:32.981 [main] DEBUG org.hibernate.query.sqm.function.SqmFunctionRegistry -- Registered SqmFunctionTemplate [NamedSqmFunctionTemplate(upper)] under upper; prior registration was null
15:29:32.985 [main] DEBUG org.hibernate.query.sqm.function.SqmFunctionRegistry -- Registered SqmFunctionTemplate [NamedSqmFunctionTemplate(substring)] under substring; prior registration was null
15:29:32.985 [main] DEBUG org.hibernate.query.sqm.function.SqmFunctionRegistry -- Registered SqmFunctionTemplate [NamedSqmFunctionTemplate(locate)] under locate; prior registration was null
15:29:32.985 [main] DEBUG org.hibernate.query.sqm.function.SqmFunctionRegistry -- Registered SqmFunctionTemplate [NamedSqmFunctionTemplate(character_length)] under character_length; prior registration was null
15:29:32.985 [main] DEBUG org.hibernate.query.sqm.function.SqmFunctionRegistry -- Registering alternate key : length -> character_length
15:29:32.985 [main] DEBUG org.hibernate.query.sqm.function.SqmFunctionRegistry -- Registered SqmFunctionTemplate [org.hibernate.dialect.function.LocatePositionEmulation@3e04abc5] under position; prior registration was null
15:29:32.985 [main] DEBUG org.hibernate.query.sqm.function.SqmFunctionRegistry -- Registered SqmFunctionTemplate [org.hibernate.dialect.function.InsertSubstringOverlayEmulation@1008df1e] under overlay; prior registration was null
15:29:32.985 [main] DEBUG org.hibernate.query.sqm.function.SqmFunctionRegistry -- Registered SqmFunctionTemplate [org.hibernate.dialect.function.TrimFunction@7ee12d58] under trim; prior registration was null
15:29:32.985 [main] DEBUG org.hibernate.query.sqm.function.SqmFunctionRegistry -- Registered SqmFunctionTemplate [org.hibernate.dialect.function.CastFunction@e72fb04] under cast; prior registration was null
15:29:32.985 [main] DEBUG org.hibernate.query.sqm.function.SqmFunctionRegistry -- Registered SqmFunctionTemplate [org.hibernate.query.sqm.function.PatternBasedSqmFunctionDescriptor@1533338c] under collate; prior registration was null
15:29:32.985 [main] DEBUG org.hibernate.query.sqm.function.SqmFunctionRegistry -- Registered SqmFunctionTemplate [org.hibernate.dialect.function.ExtractFunction@4315fe1b] under extract; prior registration was null
15:29:32.985 [main] DEBUG org.hibernate.query.sqm.function.SqmFunctionRegistry -- Registered SqmFunctionTemplate [NamedSqmFunctionTemplate(least)] under least; prior registration was null
15:29:32.985 [main] DEBUG org.hibernate.query.sqm.function.SqmFunctionRegistry -- Registered SqmFunctionTemplate [NamedSqmFunctionTemplate(greatest)] under greatest; prior registration was null
15:29:32.985 [main] DEBUG org.hibernate.query.sqm.function.SqmFunctionRegistry -- Registered SqmFunctionTemplate [org.hibernate.dialect.function.CoalesceIfnullEmulation@34e990cc] under ifnull; prior registration was null
15:29:32.985 [main] DEBUG org.hibernate.query.sqm.function.SqmFunctionRegistry -- Registered SqmFunctionTemplate [NamedSqmFunctionTemplate(lpad)] under lpad; prior registration was null
15:29:32.985 [main] DEBUG org.hibernate.query.sqm.function.SqmFunctionRegistry -- Registered SqmFunctionTemplate [NamedSqmFunctionTemplate(rpad)] under rpad; prior registration was null
15:29:32.985 [main] DEBUG org.hibernate.query.sqm.function.SqmFunctionRegistry -- Registered SqmFunctionTemplate [org.hibernate.dialect.function.LpadRpadPadEmulation@2d5ae78e] under pad; prior registration was null
15:29:32.985 [main] DEBUG org.hibernate.query.sqm.function.SqmFunctionRegistry -- Registered SqmFunctionTemplate [org.hibernate.dialect.function.CastStrEmulation@21f91efa] under str; prior registration was null
15:29:32.986 [main] DEBUG org.hibernate.query.sqm.function.SqmFunctionRegistry -- Registered SqmFunctionTemplate [org.hibernate.dialect.function.FormatFunction@4df0d9f8] under format; prior registration was null
15:29:32.986 [main] DEBUG org.hibernate.query.sqm.function.SqmFunctionRegistry -- Registered SqmFunctionTemplate [org.hibernate.dialect.function.TimestampaddFunction@35e75f7a] under timestampadd; prior registration was null
15:29:32.986 [main] DEBUG org.hibernate.query.sqm.function.SqmFunctionRegistry -- Registered SqmFunctionTemplate [org.hibernate.dialect.function.TimestampdiffFunction@4f7bb8df] under timestampdiff; prior registration was null
15:29:32.986 [main] DEBUG org.hibernate.query.sqm.function.SqmFunctionRegistry -- Registering alternate key : dateadd -> timestampadd
15:29:32.986 [main] DEBUG org.hibernate.query.sqm.function.SqmFunctionRegistry -- Registering alternate key : datediff -> timestampdiff
15:29:32.986 [main] DEBUG org.hibernate.query.sqm.function.SqmFunctionRegistry -- Registered SqmFunctionTemplate [org.hibernate.dialect.function.CurrentFunction@269c7104] under current_date; prior registration was null
15:29:32.986 [main] DEBUG org.hibernate.query.sqm.function.SqmFunctionRegistry -- Registered SqmFunctionTemplate [org.hibernate.dialect.function.CurrentFunction@6de84336] under current_time; prior registration was null
15:29:32.986 [main] DEBUG org.hibernate.query.sqm.function.SqmFunctionRegistry -- Registered SqmFunctionTemplate [org.hibernate.dialect.function.CurrentFunction@627bcd7e] under current_timestamp; prior registration was null
15:29:32.986 [main] DEBUG org.hibernate.query.sqm.function.SqmFunctionRegistry -- Registering alternate key : current date -> current_date
15:29:32.986 [main] DEBUG org.hibernate.query.sqm.function.SqmFunctionRegistry -- Registering alternate key : current time -> current_time
15:29:32.986 [main] DEBUG org.hibernate.query.sqm.function.SqmFunctionRegistry -- Registering alternate key : current timestamp -> current_timestamp
15:29:32.986 [main] DEBUG org.hibernate.query.sqm.function.SqmFunctionRegistry -- Registered SqmFunctionTemplate [org.hibernate.dialect.function.CurrentFunction@70543cae] under local_date; prior registration was null
15:29:32.986 [main] DEBUG org.hibernate.query.sqm.function.SqmFunctionRegistry -- Registered SqmFunctionTemplate [org.hibernate.dialect.function.CurrentFunction@350567f1] under local_time; prior registration was null
15:29:32.986 [main] DEBUG org.hibernate.query.sqm.function.SqmFunctionRegistry -- Registered SqmFunctionTemplate [org.hibernate.dialect.function.CurrentFunction@1a5b7394] under local_datetime; prior registration was null
15:29:32.986 [main] DEBUG org.hibernate.query.sqm.function.SqmFunctionRegistry -- Registered SqmFunctionTemplate [org.hibernate.dialect.function.CurrentFunction@26f75d9c] under offset_datetime; prior registration was null
15:29:32.986 [main] DEBUG org.hibernate.query.sqm.function.SqmFunctionRegistry -- Registering alternate key : local date -> local_date
15:29:32.986 [main] DEBUG org.hibernate.query.sqm.function.SqmFunctionRegistry -- Registering alternate key : local time -> local_time
15:29:32.986 [main] DEBUG org.hibernate.query.sqm.function.SqmFunctionRegistry -- Registering alternate key : local datetime -> local_datetime
15:29:32.986 [main] DEBUG org.hibernate.query.sqm.function.SqmFunctionRegistry -- Registering alternate key : offset datetime -> offset_datetime
15:29:32.986 [main] DEBUG org.hibernate.query.sqm.function.SqmFunctionRegistry -- Registered SqmFunctionTemplate [org.hibernate.dialect.function.CurrentFunction@7717b4a0] under instant; prior registration was null
15:29:32.986 [main] DEBUG org.hibernate.query.sqm.function.SqmFunctionRegistry -- Registering alternate key : current_instant -> instant
15:29:32.986 [main] DEBUG org.hibernate.query.sqm.function.SqmFunctionRegistry -- Registered SqmFunctionTemplate [org.hibernate.dialect.function.SqlFunction@69b37f5c] under sql; prior registration was null
15:29:32.986 [main] DEBUG org.hibernate.query.sqm.function.SqmFunctionRegistry -- Registered SqmFunctionTemplate [NamedSqmFunctionTemplate(max)] under max; prior registration was NamedSqmFunctionTemplate(max)
15:29:32.986 [main] DEBUG org.hibernate.query.sqm.function.SqmFunctionRegistry -- Registered SqmFunctionTemplate [NamedSqmFunctionTemplate(min)] under min; prior registration was NamedSqmFunctionTemplate(min)
15:29:32.986 [main] DEBUG org.hibernate.query.sqm.function.SqmFunctionRegistry -- Registered SqmFunctionTemplate [NamedSqmFunctionTemplate(sum)] under sum; prior registration was NamedSqmFunctionTemplate(sum)
15:29:32.986 [main] DEBUG org.hibernate.query.sqm.function.SqmFunctionRegistry -- Registered SqmFunctionTemplate [NamedSqmFunctionTemplate(avg)] under avg; prior registration was NamedSqmFunctionTemplate(avg)
15:29:32.986 [main] DEBUG org.hibernate.query.sqm.function.SqmFunctionRegistry -- Registered SqmFunctionTemplate [org.hibernate.dialect.function.CountFunction@28b5662d] under count; prior registration was org.hibernate.dialect.function.CountFunction@67b8d45
15:29:32.986 [main] DEBUG org.hibernate.query.sqm.function.SqmFunctionRegistry -- Registered SqmFunctionTemplate [org.hibernate.dialect.function.AvgFunction@34b2d51a] under avg; prior registration was NamedSqmFunctionTemplate(avg)
15:29:32.986 [main] DEBUG org.hibernate.query.sqm.function.SqmFunctionRegistry -- Registered SqmFunctionTemplate [NamedSqmFunctionTemplate(pi)] under pi; prior registration was org.hibernate.query.sqm.function.PatternBasedSqmFunctionDescriptor@393ae7a0
15:29:32.986 [main] DEBUG org.hibernate.query.sqm.function.SqmFunctionRegistry -- Registered SqmFunctionTemplate [NamedSqmFunctionTemplate(cot)] under cot; prior registration was null
15:29:32.986 [main] DEBUG org.hibernate.query.sqm.function.SqmFunctionRegistry -- Registered SqmFunctionTemplate [NamedSqmFunctionTemplate(radians)] under radians; prior registration was null
15:29:32.986 [main] DEBUG org.hibernate.query.sqm.function.SqmFunctionRegistry -- Registered SqmFunctionTemplate [NamedSqmFunctionTemplate(degrees)] under degrees; prior registration was null
15:29:32.986 [main] DEBUG org.hibernate.query.sqm.function.SqmFunctionRegistry -- Registered SqmFunctionTemplate [NamedSqmFunctionTemplate(log10)] under log10; prior registration was null
15:29:32.986 [main] DEBUG org.hibernate.query.sqm.function.SqmFunctionRegistry -- Registered SqmFunctionTemplate [org.hibernate.query.sqm.function.PatternBasedSqmFunctionDescriptor@7e4ac598] under mod; prior registration was NamedSqmFunctionTemplate(mod)
15:29:32.986 [main] DEBUG org.hibernate.query.sqm.function.SqmFunctionRegistry -- Registered SqmFunctionTemplate [NamedSqmFunctionTemplate(rand)] under rand; prior registration was null
15:29:32.986 [main] DEBUG org.hibernate.query.sqm.function.SqmFunctionRegistry -- Registered SqmFunctionTemplate [NamedSqmFunctionTemplate(soundex)] under soundex; prior registration was null
15:29:32.986 [main] DEBUG org.hibernate.query.sqm.function.SqmFunctionRegistry -- Registered SqmFunctionTemplate [NamedSqmFunctionTemplate(translate)] under translate; prior registration was null
15:29:32.986 [main] DEBUG org.hibernate.query.sqm.function.SqmFunctionRegistry -- Registered SqmFunctionTemplate [NamedSqmFunctionTemplate(bitand)] under bitand; prior registration was null
15:29:32.986 [main] DEBUG org.hibernate.query.sqm.function.SqmFunctionRegistry -- Registered SqmFunctionTemplate [NamedSqmFunctionTemplate(bitor)] under bitor; prior registration was null
15:29:32.986 [main] DEBUG org.hibernate.query.sqm.function.SqmFunctionRegistry -- Registered SqmFunctionTemplate [NamedSqmFunctionTemplate(bitxor)] under bitxor; prior registration was null
15:29:32.986 [main] DEBUG org.hibernate.query.sqm.function.SqmFunctionRegistry -- Registered SqmFunctionTemplate [NamedSqmFunctionTemplate(bit_and)] under bit_and; prior registration was null
15:29:32.986 [main] DEBUG org.hibernate.query.sqm.function.SqmFunctionRegistry -- Registered SqmFunctionTemplate [NamedSqmFunctionTemplate(bit_or)] under bit_or; prior registration was null
15:29:32.986 [main] DEBUG org.hibernate.query.sqm.function.SqmFunctionRegistry -- Registered SqmFunctionTemplate [NamedSqmFunctionTemplate(day)] under day; prior registration was null
15:29:32.986 [main] DEBUG org.hibernate.query.sqm.function.SqmFunctionRegistry -- Registered SqmFunctionTemplate [NamedSqmFunctionTemplate(month)] under month; prior registration was null
15:29:32.986 [main] DEBUG org.hibernate.query.sqm.function.SqmFunctionRegistry -- Registered SqmFunctionTemplate [NamedSqmFunctionTemplate(year)] under year; prior registration was null
15:29:32.986 [main] DEBUG org.hibernate.query.sqm.function.SqmFunctionRegistry -- Registered SqmFunctionTemplate [NamedSqmFunctionTemplate(hour)] under hour; prior registration was null
15:29:32.986 [main] DEBUG org.hibernate.query.sqm.function.SqmFunctionRegistry -- Registered SqmFunctionTemplate [NamedSqmFunctionTemplate(minute)] under minute; prior registration was null
15:29:32.986 [main] DEBUG org.hibernate.query.sqm.function.SqmFunctionRegistry -- Registered SqmFunctionTemplate [NamedSqmFunctionTemplate(second)] under second; prior registration was null
15:29:32.986 [main] DEBUG org.hibernate.query.sqm.function.SqmFunctionRegistry -- Registered SqmFunctionTemplate [NamedSqmFunctionTemplate(microsecond)] under microsecond; prior registration was null
15:29:32.986 [main] DEBUG org.hibernate.query.sqm.function.SqmFunctionRegistry -- Registered SqmFunctionTemplate [NamedSqmFunctionTemplate(day_of_week)] under day_of_week; prior registration was null
15:29:32.986 [main] DEBUG org.hibernate.query.sqm.function.SqmFunctionRegistry -- Registered SqmFunctionTemplate [NamedSqmFunctionTemplate(day_of_month)] under day_of_month; prior registration was null
15:29:32.986 [main] DEBUG org.hibernate.query.sqm.function.SqmFunctionRegistry -- Registering alternate key : day -> day_of_month
15:29:32.986 [main] DEBUG org.hibernate.query.sqm.function.SqmFunctionRegistry -- Registered SqmFunctionTemplate [NamedSqmFunctionTemplate(day_of_year)] under day_of_year; prior registration was null
15:29:32.986 [main] DEBUG org.hibernate.query.sqm.function.SqmFunctionRegistry -- Registered SqmFunctionTemplate [NamedSqmFunctionTemplate(week)] under week; prior registration was null
15:29:32.986 [main] DEBUG org.hibernate.query.sqm.function.SqmFunctionRegistry -- Registered SqmFunctionTemplate [NamedSqmFunctionTemplate(quarter)] under quarter; prior registration was null
15:29:32.986 [main] DEBUG org.hibernate.query.sqm.function.SqmFunctionRegistry -- Registered SqmFunctionTemplate [NamedSqmFunctionTemplate(monthname)] under monthname; prior registration was null
15:29:32.986 [main] DEBUG org.hibernate.query.sqm.function.SqmFunctionRegistry -- Registered SqmFunctionTemplate [NamedSqmFunctionTemplate(dayname)] under dayname; prior registration was null
15:29:32.986 [main] DEBUG org.hibernate.query.sqm.function.SqmFunctionRegistry -- Registered SqmFunctionTemplate [NamedSqmFunctionTemplate(localtime)] under localtime; prior registration was null
15:29:32.986 [main] DEBUG org.hibernate.query.sqm.function.SqmFunctionRegistry -- Registered SqmFunctionTemplate [NamedSqmFunctionTemplate(localtimestamp)] under localtimestamp; prior registration was null
15:29:32.986 [main] DEBUG org.hibernate.query.sqm.function.SqmFunctionRegistry -- Registered SqmFunctionTemplate [NamedSqmFunctionTemplate(localtime)] under local_time; prior registration was org.hibernate.dialect.function.CurrentFunction@350567f1
15:29:32.986 [main] DEBUG org.hibernate.query.sqm.function.SqmFunctionRegistry -- Registered SqmFunctionTemplate [NamedSqmFunctionTemplate(localtimestamp)] under local_datetime; prior registration was org.hibernate.dialect.function.CurrentFunction@1a5b7394
15:29:32.986 [main] DEBUG org.hibernate.query.sqm.function.SqmFunctionRegistry -- Registered SqmFunctionTemplate [org.hibernate.dialect.function.TruncFunction@cf10c92] under trunc; prior registration was null
15:29:32.986 [main] DEBUG org.hibernate.query.sqm.function.SqmFunctionRegistry -- Registering alternate key : truncate -> trunc
15:29:32.986 [main] DEBUG org.hibernate.query.sqm.function.SqmFunctionRegistry -- Registered SqmFunctionTemplate [org.hibernate.query.sqm.function.PatternBasedSqmFunctionDescriptor@f76872f] under date_trunc; prior registration was null
15:29:32.986 [main] DEBUG org.hibernate.query.sqm.function.SqmFunctionRegistry -- Registered SqmFunctionTemplate [NamedSqmFunctionTemplate(bit_length)] under bit_length; prior registration was null
15:29:32.986 [main] DEBUG org.hibernate.query.sqm.function.SqmFunctionRegistry -- Registered SqmFunctionTemplate [NamedSqmFunctionTemplate(octet_length)] under octet_length; prior registration was null
15:29:32.986 [main] DEBUG org.hibernate.query.sqm.function.SqmFunctionRegistry -- Registered SqmFunctionTemplate [NamedSqmFunctionTemplate(ascii)] under ascii; prior registration was null
15:29:32.986 [main] DEBUG org.hibernate.query.sqm.function.SqmFunctionRegistry -- Registered SqmFunctionTemplate [NamedSqmFunctionTemplate(octet_length)] under octet_length; prior registration was NamedSqmFunctionTemplate(octet_length)
15:29:32.986 [main] DEBUG org.hibernate.query.sqm.function.SqmFunctionRegistry -- Registered SqmFunctionTemplate [NamedSqmFunctionTemplate(space)] under space; prior registration was null
15:29:32.986 [main] DEBUG org.hibernate.query.sqm.function.SqmFunctionRegistry -- Registered SqmFunctionTemplate [NamedSqmFunctionTemplate(repeat)] under repeat; prior registration was null
15:29:32.986 [main] DEBUG org.hibernate.query.sqm.function.SqmFunctionRegistry -- Registered SqmFunctionTemplate [NamedSqmFunctionTemplate(char)] under char; prior registration was null
15:29:32.986 [main] DEBUG org.hibernate.query.sqm.function.SqmFunctionRegistry -- Registering alternate key : chr -> char
15:29:32.986 [main] DEBUG org.hibernate.query.sqm.function.SqmFunctionRegistry -- Registered SqmFunctionTemplate [NamedSqmFunctionTemplate(instr)] under instr; prior registration was null
15:29:32.986 [main] DEBUG org.hibernate.query.sqm.function.SqmFunctionRegistry -- Registered SqmFunctionTemplate [NamedSqmFunctionTemplate(substr)] under substr; prior registration was null
15:29:32.986 [main] DEBUG org.hibernate.query.sqm.function.SqmFunctionRegistry -- Registered SqmFunctionTemplate [org.hibernate.query.sqm.function.PatternBasedSqmFunctionDescriptor@2d4e99de] under position; prior registration was org.hibernate.dialect.function.LocatePositionEmulation@3e04abc5
15:29:32.986 [main] DEBUG org.hibernate.query.sqm.function.SqmFunctionRegistry -- Registered SqmFunctionTemplate [NamedSqmFunctionTemplate(ltrim)] under ltrim; prior registration was null
15:29:32.986 [main] DEBUG org.hibernate.query.sqm.function.SqmFunctionRegistry -- Registered SqmFunctionTemplate [NamedSqmFunctionTemplate(rtrim)] under rtrim; prior registration was null
15:29:32.986 [main] DEBUG org.hibernate.query.sqm.function.SqmFunctionRegistry -- Registered SqmFunctionTemplate [org.hibernate.query.sqm.function.PatternBasedSqmFunctionDescriptor@580ffea] under concat; prior registration was NamedSqmFunctionTemplate(concat)
15:29:32.986 [main] DEBUG org.hibernate.query.sqm.function.SqmFunctionRegistry -- Registered SqmFunctionTemplate [NamedSqmFunctionTemplate(curtime)] under curtime; prior registration was null
15:29:32.986 [main] DEBUG org.hibernate.query.sqm.function.SqmFunctionRegistry -- Registered SqmFunctionTemplate [NamedSqmFunctionTemplate(curdate)] under curdate; prior registration was null
15:29:32.986 [main] DEBUG org.hibernate.query.sqm.function.SqmFunctionRegistry -- Registered SqmFunctionTemplate [NamedSqmFunctionTemplate(now)] under now; prior registration was null
15:29:32.986 [main] DEBUG org.hibernate.query.sqm.function.SqmFunctionRegistry -- Registered SqmFunctionTemplate [NamedSqmFunctionTemplate(sysdate)] under sysdate; prior registration was null
15:29:32.986 [main] DEBUG org.hibernate.query.sqm.function.SqmFunctionRegistry -- Registered SqmFunctionTemplate [NamedSqmFunctionTemplate(insert)] under insert; prior registration was null
15:29:32.986 [main] DEBUG org.hibernate.query.sqm.function.SqmFunctionRegistry -- Registered SqmFunctionTemplate [NamedSqmFunctionTemplate(bool_and)] under bool_and; prior registration was null
15:29:32.986 [main] DEBUG org.hibernate.query.sqm.function.SqmFunctionRegistry -- Registering alternate key : every -> bool_and
15:29:32.986 [main] DEBUG org.hibernate.query.sqm.function.SqmFunctionRegistry -- Registered SqmFunctionTemplate [NamedSqmFunctionTemplate(bool_or)] under bool_or; prior registration was null
15:29:32.986 [main] DEBUG org.hibernate.query.sqm.function.SqmFunctionRegistry -- Registering alternate key : any -> bool_or
15:29:32.989 [main] DEBUG org.hibernate.query.sqm.function.SqmFunctionRegistry -- Registered SqmFunctionTemplate [NamedSqmFunctionTemplate(median)] under median; prior registration was null
15:29:32.989 [main] DEBUG org.hibernate.query.sqm.function.SqmFunctionRegistry -- Registered SqmFunctionTemplate [NamedSqmFunctionTemplate(stddev_pop)] under stddev_pop; prior registration was null
15:29:32.989 [main] DEBUG org.hibernate.query.sqm.function.SqmFunctionRegistry -- Registered SqmFunctionTemplate [NamedSqmFunctionTemplate(stddev_samp)] under stddev_samp; prior registration was null
15:29:32.989 [main] DEBUG org.hibernate.query.sqm.function.SqmFunctionRegistry -- Registered SqmFunctionTemplate [NamedSqmFunctionTemplate(var_pop)] under var_pop; prior registration was null
15:29:32.989 [main] DEBUG org.hibernate.query.sqm.function.SqmFunctionRegistry -- Registered SqmFunctionTemplate [NamedSqmFunctionTemplate(var_samp)] under var_samp; prior registration was null
15:29:32.989 [main] DEBUG org.hibernate.query.sqm.function.SqmFunctionRegistry -- Registered SqmFunctionTemplate [org.hibernate.dialect.function.FormatFunction@191e654] under format; prior registration was org.hibernate.dialect.function.FormatFunction@4df0d9f8
15:29:32.989 [main] DEBUG org.hibernate.query.sqm.function.SqmFunctionRegistry -- Registered SqmFunctionTemplate [NamedSqmFunctionTemplate(rownum)] under rownum; prior registration was null
15:29:32.989 [main] DEBUG org.hibernate.query.sqm.function.SqmFunctionRegistry -- Registered SqmFunctionTemplate [NamedSqmFunctionTemplate(row_number)] under row_number; prior registration was null
15:29:32.989 [main] DEBUG org.hibernate.query.sqm.function.SqmFunctionRegistry -- Registered SqmFunctionTemplate [NamedSqmFunctionTemplate(lag)] under lag; prior registration was null
15:29:32.989 [main] DEBUG org.hibernate.query.sqm.function.SqmFunctionRegistry -- Registered SqmFunctionTemplate [NamedSqmFunctionTemplate(lead)] under lead; prior registration was null
15:29:32.989 [main] DEBUG org.hibernate.query.sqm.function.SqmFunctionRegistry -- Registered SqmFunctionTemplate [NamedSqmFunctionTemplate(first_value)] under first_value; prior registration was null
15:29:32.989 [main] DEBUG org.hibernate.query.sqm.function.SqmFunctionRegistry -- Registered SqmFunctionTemplate [NamedSqmFunctionTemplate(last_value)] under last_value; prior registration was null
15:29:32.989 [main] DEBUG org.hibernate.query.sqm.function.SqmFunctionRegistry -- Registered SqmFunctionTemplate [NamedSqmFunctionTemplate(nth_value)] under nth_value; prior registration was null
15:29:32.989 [main] DEBUG org.hibernate.query.sqm.function.SqmFunctionRegistry -- Registered SqmFunctionTemplate [org.hibernate.dialect.function.ListaggFunction@3a6556b6] under listagg; prior registration was null
15:29:32.990 [main] DEBUG org.hibernate.query.sqm.function.SqmFunctionRegistry -- Registered SqmFunctionTemplate [org.hibernate.dialect.function.InverseDistributionFunction@63bca84d] under mode; prior registration was null
15:29:32.990 [main] DEBUG org.hibernate.query.sqm.function.SqmFunctionRegistry -- Registered SqmFunctionTemplate [org.hibernate.dialect.function.InverseDistributionFunction@6141647f] under percentile_cont; prior registration was null
15:29:32.990 [main] DEBUG org.hibernate.query.sqm.function.SqmFunctionRegistry -- Registered SqmFunctionTemplate [org.hibernate.dialect.function.InverseDistributionFunction@6f6c8d45] under percentile_disc; prior registration was null
15:29:32.990 [main] DEBUG org.hibernate.query.sqm.function.SqmFunctionRegistry -- Registered SqmFunctionTemplate [org.hibernate.dialect.function.HypotheticalSetFunction@7f2ca6f8] under rank; prior registration was null
15:29:32.990 [main] DEBUG org.hibernate.query.sqm.function.SqmFunctionRegistry -- Registered SqmFunctionTemplate [org.hibernate.dialect.function.HypotheticalSetFunction@79d49790] under dense_rank; prior registration was null
15:29:32.990 [main] DEBUG org.hibernate.query.sqm.function.SqmFunctionRegistry -- Registered SqmFunctionTemplate [org.hibernate.dialect.function.HypotheticalSetFunction@13dc6649] under percent_rank; prior registration was null
15:29:32.990 [main] DEBUG org.hibernate.query.sqm.function.SqmFunctionRegistry -- Registered SqmFunctionTemplate [org.hibernate.dialect.function.HypotheticalSetFunction@1851c7d2] under cume_dist; prior registration was null
15:29:32.990 [main] DEBUG org.hibernate.query.sqm.function.SqmFunctionRegistry -- Registered SqmFunctionTemplate [org.hibernate.dialect.function.array.ArrayConstructorFunction@250a946] under array; prior registration was null
15:29:32.990 [main] DEBUG org.hibernate.query.sqm.function.SqmFunctionRegistry -- Registered SqmFunctionTemplate [org.hibernate.dialect.function.array.ArrayConstructorFunction@5fe5c68b] under array_list; prior registration was null
15:29:32.990 [main] DEBUG org.hibernate.query.sqm.function.SqmFunctionRegistry -- Registered SqmFunctionTemplate [org.hibernate.dialect.function.array.ArrayAggFunction@2ffb0d10] under array_agg; prior registration was null
15:29:32.990 [main] DEBUG org.hibernate.query.sqm.function.SqmFunctionRegistry -- Registered SqmFunctionTemplate [org.hibernate.dialect.function.array.H2ArrayPositionFunction@3982206a] under array_position; prior registration was null
15:29:32.990 [main] DEBUG org.hibernate.query.sqm.function.SqmFunctionRegistry -- Registered SqmFunctionTemplate [org.hibernate.dialect.function.array.H2ArrayPositionsFunction@3e9fb485] under array_positions; prior registration was null
15:29:32.990 [main] DEBUG org.hibernate.query.sqm.function.SqmFunctionRegistry -- Registered SqmFunctionTemplate [org.hibernate.dialect.function.array.H2ArrayPositionsFunction@4f3fec43] under array_positions_list; prior registration was null
15:29:32.990 [main] DEBUG org.hibernate.query.sqm.function.SqmFunctionRegistry -- Registered SqmFunctionTemplate [org.hibernate.query.sqm.function.PatternBasedSqmFunctionDescriptor@38dbeb39] under array_length; prior registration was null
15:29:32.990 [main] DEBUG org.hibernate.query.sqm.function.SqmFunctionRegistry -- Registered SqmFunctionTemplate [org.hibernate.dialect.function.array.ArrayConcatFunction@10f20d38] under array_concat; prior registration was null
15:29:32.990 [main] DEBUG org.hibernate.query.sqm.function.SqmFunctionRegistry -- Registered SqmFunctionTemplate [org.hibernate.dialect.function.array.ArrayConcatElementFunction@538aa83f] under array_prepend; prior registration was null
15:29:32.990 [main] DEBUG org.hibernate.query.sqm.function.SqmFunctionRegistry -- Registered SqmFunctionTemplate [org.hibernate.dialect.function.array.ArrayConcatElementFunction@63e70bf9] under array_append; prior registration was null
15:29:32.990 [main] DEBUG org.hibernate.query.sqm.function.SqmFunctionRegistry -- Registered SqmFunctionTemplate [org.hibernate.dialect.function.array.H2ArrayContainsFunction@402a69f] under array_contains; prior registration was null
15:29:32.990 [main] DEBUG org.hibernate.query.sqm.function.SqmFunctionRegistry -- Registered SqmFunctionTemplate [org.hibernate.dialect.function.array.H2ArrayContainsFunction@419f0ea] under array_contains_nullable; prior registration was null
15:29:32.990 [main] DEBUG org.hibernate.query.sqm.function.SqmFunctionRegistry -- Registered SqmFunctionTemplate [org.hibernate.dialect.function.array.H2ArrayOverlapsFunction@2d47b06] under array_overlaps; prior registration was null
15:29:32.990 [main] DEBUG org.hibernate.query.sqm.function.SqmFunctionRegistry -- Registered SqmFunctionTemplate [org.hibernate.dialect.function.array.H2ArrayOverlapsFunction@59371066] under array_overlaps_nullable; prior registration was null
15:29:32.990 [main] DEBUG org.hibernate.query.sqm.function.SqmFunctionRegistry -- Registered SqmFunctionTemplate [org.hibernate.query.sqm.function.PatternBasedSqmFunctionDescriptor@48106381] under array_get; prior registration was null
15:29:32.990 [main] DEBUG org.hibernate.query.sqm.function.SqmFunctionRegistry -- Registered SqmFunctionTemplate [org.hibernate.dialect.function.array.H2ArraySetFunction@3c544c9] under array_set; prior registration was null
15:29:32.990 [main] DEBUG org.hibernate.query.sqm.function.SqmFunctionRegistry -- Registered SqmFunctionTemplate [org.hibernate.dialect.function.array.H2ArrayRemoveFunction@22e813fc] under array_remove; prior registration was null
15:29:32.990 [main] DEBUG org.hibernate.query.sqm.function.SqmFunctionRegistry -- Registered SqmFunctionTemplate [org.hibernate.dialect.function.array.H2ArrayRemoveIndexFunction@433d93e7] under array_remove_index; prior registration was null
15:29:32.990 [main] DEBUG org.hibernate.query.sqm.function.SqmFunctionRegistry -- Registered SqmFunctionTemplate [org.hibernate.query.sqm.function.PatternBasedSqmFunctionDescriptor@87aec6a] under array_slice; prior registration was null
15:29:32.990 [main] DEBUG org.hibernate.query.sqm.function.SqmFunctionRegistry -- Registered SqmFunctionTemplate [org.hibernate.dialect.function.array.H2ArrayReplaceFunction@213012a0] under array_replace; prior registration was null
15:29:32.990 [main] DEBUG org.hibernate.query.sqm.function.SqmFunctionRegistry -- Registered SqmFunctionTemplate [org.hibernate.query.sqm.function.PatternBasedSqmFunctionDescriptor@43a59289] under array_trim; prior registration was null
15:29:32.990 [main] DEBUG org.hibernate.query.sqm.function.SqmFunctionRegistry -- Registered SqmFunctionTemplate [org.hibernate.dialect.function.array.H2ArrayFillFunction@6c2883b1] under array_fill; prior registration was null
15:29:32.990 [main] DEBUG org.hibernate.query.sqm.function.SqmFunctionRegistry -- Registered SqmFunctionTemplate [org.hibernate.dialect.function.array.H2ArrayFillFunction@336e3be2] under array_fill_list; prior registration was null
15:29:32.990 [main] DEBUG org.hibernate.query.sqm.function.SqmFunctionRegistry -- Registered SqmFunctionTemplate [org.hibernate.dialect.function.array.H2ArrayToStringFunction@126a9a3d] under array_to_string; prior registration was null
15:29:32.990 [main] DEBUG org.hibernate.HQL_FUNCTIONS -- abs(NUMERIC arg)
15:29:32.990 [main] DEBUG org.hibernate.HQL_FUNCTIONS -- Double acos(NUMERIC arg)
15:29:32.990 [main] DEBUG org.hibernate.HQL_FUNCTIONS -- Boolean any(BOOLEAN predicate)
15:29:32.990 [main] DEBUG org.hibernate.HQL_FUNCTIONS -- array( ... )
15:29:32.990 [main] DEBUG org.hibernate.HQL_FUNCTIONS -- array_agg(arg)
15:29:32.990 [main] DEBUG org.hibernate.HQL_FUNCTIONS -- array_append( ... )
15:29:32.990 [main] DEBUG org.hibernate.HQL_FUNCTIONS -- array_concat( ... )
15:29:32.990 [main] DEBUG org.hibernate.HQL_FUNCTIONS -- Boolean array_contains(ARRAY haystackArray, OBJECT needleElementOrArray)
15:29:32.990 [main] DEBUG org.hibernate.HQL_FUNCTIONS -- Boolean array_contains_nullable(ARRAY haystackArray, OBJECT needleElementOrArray)
15:29:32.990 [main] DEBUG org.hibernate.HQL_FUNCTIONS -- array_fill(OBJECT element, INTEGER elementCount)
15:29:32.990 [main] DEBUG org.hibernate.HQL_FUNCTIONS -- array_fill_list(OBJECT element, INTEGER elementCount)
15:29:32.990 [main] DEBUG org.hibernate.HQL_FUNCTIONS -- array_get(ARRAY array, INTEGER index)
15:29:32.990 [main] DEBUG org.hibernate.HQL_FUNCTIONS -- Integer array_length(ARRAY array)
15:29:32.990 [main] DEBUG org.hibernate.HQL_FUNCTIONS -- array_list( ... )
15:29:32.990 [main] DEBUG org.hibernate.HQL_FUNCTIONS -- Boolean array_overlaps(ARRAY array0, OBJECT array1)
15:29:32.990 [main] DEBUG org.hibernate.HQL_FUNCTIONS -- Boolean array_overlaps_nullable(ARRAY array0, OBJECT array1)
15:29:32.990 [main] DEBUG org.hibernate.HQL_FUNCTIONS -- Integer array_position(ARRAY array, OBJECT element[, INTEGER startPosition])
15:29:32.990 [main] DEBUG org.hibernate.HQL_FUNCTIONS -- int[] array_positions(ARRAY array, OBJECT element)
15:29:32.990 [main] DEBUG org.hibernate.HQL_FUNCTIONS -- List array_positions_list(ARRAY array, OBJECT element)
15:29:32.990 [main] DEBUG org.hibernate.HQL_FUNCTIONS -- array_prepend( ... )
15:29:32.990 [main] DEBUG org.hibernate.HQL_FUNCTIONS -- array_remove( ... )
15:29:32.990 [main] DEBUG org.hibernate.HQL_FUNCTIONS -- array_remove_index( ... )
15:29:32.990 [main] DEBUG org.hibernate.HQL_FUNCTIONS -- array_replace( ... )
15:29:32.990 [main] DEBUG org.hibernate.HQL_FUNCTIONS -- array_set( ... )
15:29:32.990 [main] DEBUG org.hibernate.HQL_FUNCTIONS -- array_slice(ARRAY array, INTEGER start, INTEGER end)
15:29:32.990 [main] DEBUG org.hibernate.HQL_FUNCTIONS -- String array_to_string( ... )
15:29:32.990 [main] DEBUG org.hibernate.HQL_FUNCTIONS -- array_trim(ARRAY array, INTEGER elementsToRemove)
15:29:32.990 [main] DEBUG org.hibernate.HQL_FUNCTIONS -- Integer ascii(STRING arg)
15:29:32.990 [main] DEBUG org.hibernate.HQL_FUNCTIONS -- Double asin(NUMERIC arg)
15:29:32.990 [main] DEBUG org.hibernate.HQL_FUNCTIONS -- Double atan(NUMERIC arg)
15:29:32.990 [main] DEBUG org.hibernate.HQL_FUNCTIONS -- Double atan2(NUMERIC arg0, NUMERIC arg1)
15:29:32.990 [main] DEBUG org.hibernate.HQL_FUNCTIONS -- avg(NUMERIC arg)
15:29:32.993 [main] DEBUG org.hibernate.HQL_FUNCTIONS -- bit_and(arg)
15:29:32.993 [main] DEBUG org.hibernate.HQL_FUNCTIONS -- Integer bit_length(STRING_OR_CLOB arg)
15:29:32.993 [main] DEBUG org.hibernate.HQL_FUNCTIONS -- bit_or(arg)
15:29:32.993 [main] DEBUG org.hibernate.HQL_FUNCTIONS -- bitand(arg0, arg1)
15:29:32.993 [main] DEBUG org.hibernate.HQL_FUNCTIONS -- bitor(arg0, arg1)
15:29:32.993 [main] DEBUG org.hibernate.HQL_FUNCTIONS -- bitxor(arg0, arg1)
15:29:32.993 [main] DEBUG org.hibernate.HQL_FUNCTIONS -- Boolean bool_and(BOOLEAN predicate)
15:29:32.993 [main] DEBUG org.hibernate.HQL_FUNCTIONS -- Boolean bool_or(BOOLEAN predicate)
15:29:32.993 [main] DEBUG org.hibernate.HQL_FUNCTIONS -- cast(arg as Type)
15:29:32.993 [main] DEBUG org.hibernate.HQL_FUNCTIONS -- ceiling(NUMERIC arg)
15:29:32.993 [main] DEBUG org.hibernate.HQL_FUNCTIONS -- Character char(INTEGER arg)
15:29:32.993 [main] DEBUG org.hibernate.HQL_FUNCTIONS -- Integer character_length(STRING_OR_CLOB arg)
15:29:32.993 [main] DEBUG org.hibernate.HQL_FUNCTIONS -- Character chr(INTEGER arg)
15:29:32.993 [main] DEBUG org.hibernate.HQL_FUNCTIONS -- coalesce(arg0[, arg1[, ...]])
15:29:32.993 [main] DEBUG org.hibernate.HQL_FUNCTIONS -- String collate(STRING string as COLLATION collation)
15:29:32.993 [main] DEBUG org.hibernate.HQL_FUNCTIONS -- String concat(STRING string0[, STRING string1[, ...]])
15:29:32.993 [main] DEBUG org.hibernate.HQL_FUNCTIONS -- Double cos(NUMERIC arg)
15:29:32.993 [main] DEBUG org.hibernate.HQL_FUNCTIONS -- Double cosh(NUMERIC arg)
15:29:32.993 [main] DEBUG org.hibernate.HQL_FUNCTIONS -- Double cot(NUMERIC arg)
15:29:32.993 [main] DEBUG org.hibernate.HQL_FUNCTIONS -- Long count([distinct ]{arg|*})
15:29:32.993 [main] DEBUG org.hibernate.HQL_FUNCTIONS -- Double cume_dist([arg0[, ...]])
15:29:32.993 [main] DEBUG org.hibernate.HQL_FUNCTIONS -- Date curdate()
15:29:32.993 [main] DEBUG org.hibernate.HQL_FUNCTIONS -- Date current date
15:29:32.993 [main] DEBUG org.hibernate.HQL_FUNCTIONS -- Time current time
15:29:32.993 [main] DEBUG org.hibernate.HQL_FUNCTIONS -- Timestamp current timestamp
15:29:32.993 [main] DEBUG org.hibernate.HQL_FUNCTIONS -- Date current_date
15:29:32.993 [main] DEBUG org.hibernate.HQL_FUNCTIONS -- Instant current_instant
15:29:32.993 [main] DEBUG org.hibernate.HQL_FUNCTIONS -- Time current_time
15:29:32.993 [main] DEBUG org.hibernate.HQL_FUNCTIONS -- Timestamp current_timestamp
15:29:32.993 [main] DEBUG org.hibernate.HQL_FUNCTIONS -- Time curtime()
15:29:32.993 [main] DEBUG org.hibernate.HQL_FUNCTIONS -- date_trunc(STRING field, TEMPORAL datetime)
15:29:32.993 [main] DEBUG org.hibernate.HQL_FUNCTIONS -- dateadd(TEMPORAL_UNIT field, INTEGER magnitude, TEMPORAL datetime)
15:29:32.993 [main] DEBUG org.hibernate.HQL_FUNCTIONS -- basicType@44(java.lang.Long,-5)|basicType@57(java.lang.Double,8) datediff(TEMPORAL_UNIT field, TEMPORAL start, TEMPORAL end)
15:29:32.993 [main] DEBUG org.hibernate.HQL_FUNCTIONS -- Integer day(DATE arg)
15:29:32.993 [main] DEBUG org.hibernate.HQL_FUNCTIONS -- Integer day_of_month(DATE arg)
15:29:32.993 [main] DEBUG org.hibernate.HQL_FUNCTIONS -- Integer day_of_week(DATE arg)
15:29:32.993 [main] DEBUG org.hibernate.HQL_FUNCTIONS -- Integer day_of_year(DATE arg)
15:29:32.993 [main] DEBUG org.hibernate.HQL_FUNCTIONS -- String dayname(DATE arg)
15:29:32.993 [main] DEBUG org.hibernate.HQL_FUNCTIONS -- Double degrees(NUMERIC arg)
15:29:32.993 [main] DEBUG org.hibernate.HQL_FUNCTIONS -- Long dense_rank([arg0[, ...]])
15:29:32.993 [main] DEBUG org.hibernate.HQL_FUNCTIONS -- Boolean every(BOOLEAN predicate)
15:29:32.993 [main] DEBUG org.hibernate.HQL_FUNCTIONS -- Double exp(NUMERIC arg)
15:29:32.993 [main] DEBUG org.hibernate.HQL_FUNCTIONS -- extract(TEMPORAL_UNIT field from TEMPORAL arg)
15:29:32.993 [main] DEBUG org.hibernate.HQL_FUNCTIONS -- first_valueANY value
15:29:32.993 [main] DEBUG org.hibernate.HQL_FUNCTIONS -- floor(NUMERIC arg)
15:29:32.993 [main] DEBUG org.hibernate.HQL_FUNCTIONS -- String format(TEMPORAL datetime as STRING pattern)
15:29:32.993 [main] DEBUG org.hibernate.HQL_FUNCTIONS -- greatest(COMPARABLE arg0, COMPARABLE arg1[, arg2[, ...]])
15:29:32.993 [main] DEBUG org.hibernate.HQL_FUNCTIONS -- Integer hour(TIME arg)
15:29:32.993 [main] DEBUG org.hibernate.HQL_FUNCTIONS -- ifnull(arg0, arg1)
15:29:32.993 [main] DEBUG org.hibernate.HQL_FUNCTIONS -- String insert(STRING string, INTEGER start, INTEGER length, STRING replacement)
15:29:32.993 [main] DEBUG org.hibernate.HQL_FUNCTIONS -- Instant instant
15:29:32.993 [main] DEBUG org.hibernate.HQL_FUNCTIONS -- Integer instr(STRING string, STRING pattern[, INTEGER start[, INTEGER occurrence]])
15:29:32.993 [main] DEBUG org.hibernate.HQL_FUNCTIONS -- lagANY value[, INTEGER offset[, ANY default]]
15:29:32.993 [main] DEBUG org.hibernate.HQL_FUNCTIONS -- last_valueANY value
15:29:32.993 [main] DEBUG org.hibernate.HQL_FUNCTIONS -- leadANY value[, INTEGER offset[, ANY default]]
15:29:32.993 [main] DEBUG org.hibernate.HQL_FUNCTIONS -- least(COMPARABLE arg0, COMPARABLE arg1[, arg2[, ...]])
15:29:32.993 [main] DEBUG org.hibernate.HQL_FUNCTIONS -- String left(STRING string, INTEGER length)
15:29:32.993 [main] DEBUG org.hibernate.HQL_FUNCTIONS -- Integer length(STRING_OR_CLOB arg)
15:29:32.993 [main] DEBUG org.hibernate.HQL_FUNCTIONS -- String listagg(STRING arg0, STRING arg1)
15:29:32.993 [main] DEBUG org.hibernate.HQL_FUNCTIONS -- Double ln(NUMERIC arg)
15:29:32.993 [main] DEBUG org.hibernate.HQL_FUNCTIONS -- LocalDate local date
15:29:32.993 [main] DEBUG org.hibernate.HQL_FUNCTIONS -- LocalDateTime local datetime
15:29:32.993 [main] DEBUG org.hibernate.HQL_FUNCTIONS -- LocalTime local time
15:29:32.993 [main] DEBUG org.hibernate.HQL_FUNCTIONS -- LocalDate local_date
15:29:32.993 [main] DEBUG org.hibernate.HQL_FUNCTIONS -- LocalDateTime local_datetime
15:29:32.993 [main] DEBUG org.hibernate.HQL_FUNCTIONS -- LocalTime local_time
15:29:32.993 [main] DEBUG org.hibernate.HQL_FUNCTIONS -- Time localtime
15:29:32.993 [main] DEBUG org.hibernate.HQL_FUNCTIONS -- Timestamp localtimestamp
15:29:32.993 [main] DEBUG org.hibernate.HQL_FUNCTIONS -- Integer locate(STRING pattern, STRING string[, INTEGER start])
15:29:32.993 [main] DEBUG org.hibernate.HQL_FUNCTIONS -- Double log(NUMERIC base, NUMERIC arg)
15:29:32.993 [main] DEBUG org.hibernate.HQL_FUNCTIONS -- Double log10(NUMERIC arg)
15:29:32.993 [main] DEBUG org.hibernate.HQL_FUNCTIONS -- String lower(STRING string)
15:29:32.993 [main] DEBUG org.hibernate.HQL_FUNCTIONS -- String lpad(STRING string, INTEGER length[, STRING padding])
15:29:32.993 [main] DEBUG org.hibernate.HQL_FUNCTIONS -- String ltrim(STRING string)
15:29:32.993 [main] DEBUG org.hibernate.HQL_FUNCTIONS -- max(COMPARABLE arg)
15:29:32.993 [main] DEBUG org.hibernate.HQL_FUNCTIONS -- Double median(NUMERIC arg)
15:29:32.993 [main] DEBUG org.hibernate.HQL_FUNCTIONS -- Integer microsecond(TIME arg)
15:29:32.993 [main] DEBUG org.hibernate.HQL_FUNCTIONS -- min(COMPARABLE arg)
15:29:32.993 [main] DEBUG org.hibernate.HQL_FUNCTIONS -- Integer minute(TIME arg)
15:29:32.993 [main] DEBUG org.hibernate.HQL_FUNCTIONS -- Integer mod(INTEGER arg0, INTEGER arg1)
15:29:32.993 [main] DEBUG org.hibernate.HQL_FUNCTIONS -- mode()
15:29:32.993 [main] DEBUG org.hibernate.HQL_FUNCTIONS -- Integer month(DATE arg)
15:29:32.993 [main] DEBUG org.hibernate.HQL_FUNCTIONS -- String monthname(DATE arg)
15:29:32.993 [main] DEBUG org.hibernate.HQL_FUNCTIONS -- Timestamp now()
15:29:32.993 [main] DEBUG org.hibernate.HQL_FUNCTIONS -- nth_valueANY value, INTEGER nth
15:29:32.993 [main] DEBUG org.hibernate.HQL_FUNCTIONS -- nullif(arg0, arg1)
15:29:32.993 [main] DEBUG org.hibernate.HQL_FUNCTIONS -- Integer octet_length(STRING_OR_CLOB arg)
15:29:32.993 [main] DEBUG org.hibernate.HQL_FUNCTIONS -- OffsetDateTime offset datetime
15:29:32.993 [main] DEBUG org.hibernate.HQL_FUNCTIONS -- OffsetDateTime offset_datetime
15:29:32.993 [main] DEBUG org.hibernate.HQL_FUNCTIONS -- String overlay(STRING string placing STRING replacement from INTEGER start[ for INTEGER length])
15:29:32.993 [main] DEBUG org.hibernate.HQL_FUNCTIONS -- String pad(STRING string with INTEGER length {leading|trailing}[ STRING character])
15:29:32.993 [main] DEBUG org.hibernate.HQL_FUNCTIONS -- Double percent_rank([arg0[, ...]])
15:29:32.993 [main] DEBUG org.hibernate.HQL_FUNCTIONS -- percentile_cont(NUMERIC arg)
15:29:32.993 [main] DEBUG org.hibernate.HQL_FUNCTIONS -- percentile_disc(NUMERIC arg)
15:29:32.993 [main] DEBUG org.hibernate.HQL_FUNCTIONS -- Double pi
15:29:32.993 [main] DEBUG org.hibernate.HQL_FUNCTIONS -- Integer position(STRING pattern in STRING string)
15:29:32.993 [main] DEBUG org.hibernate.HQL_FUNCTIONS -- Double power(NUMERIC arg0, NUMERIC arg1)
15:29:32.993 [main] DEBUG org.hibernate.HQL_FUNCTIONS -- Integer quarter(DATE arg)
15:29:32.993 [main] DEBUG org.hibernate.HQL_FUNCTIONS -- Double radians(NUMERIC arg)
15:29:32.993 [main] DEBUG org.hibernate.HQL_FUNCTIONS -- Double rand([INTEGER seed])
15:29:32.993 [main] DEBUG org.hibernate.HQL_FUNCTIONS -- Long rank([arg0[, ...]])
15:29:32.993 [main] DEBUG org.hibernate.HQL_FUNCTIONS -- String repeat(STRING string, INTEGER times)
15:29:32.993 [main] DEBUG org.hibernate.HQL_FUNCTIONS -- String replace(STRING string, STRING pattern, STRING replacement)
15:29:32.993 [main] DEBUG org.hibernate.HQL_FUNCTIONS -- String right(STRING string, INTEGER length)
15:29:32.993 [main] DEBUG org.hibernate.HQL_FUNCTIONS -- round(NUMERIC number[, INTEGER places])
15:29:32.993 [main] DEBUG org.hibernate.HQL_FUNCTIONS -- Long row_number()
15:29:32.993 [main] DEBUG org.hibernate.HQL_FUNCTIONS -- Long rownum()
15:29:32.993 [main] DEBUG org.hibernate.HQL_FUNCTIONS -- String rpad(STRING string, INTEGER length[, STRING padding])
15:29:32.993 [main] DEBUG org.hibernate.HQL_FUNCTIONS -- String rtrim(STRING string)
15:29:32.993 [main] DEBUG org.hibernate.HQL_FUNCTIONS -- Integer second(TIME arg)
15:29:32.993 [main] DEBUG org.hibernate.HQL_FUNCTIONS -- Integer sign(NUMERIC arg)
15:29:32.993 [main] DEBUG org.hibernate.HQL_FUNCTIONS -- Double sin(NUMERIC arg)
15:29:32.993 [main] DEBUG org.hibernate.HQL_FUNCTIONS -- Double sinh(NUMERIC arg)
15:29:32.993 [main] DEBUG org.hibernate.HQL_FUNCTIONS -- String soundex(arg)
15:29:32.993 [main] DEBUG org.hibernate.HQL_FUNCTIONS -- String space(INTEGER arg)
15:29:32.993 [main] DEBUG org.hibernate.HQL_FUNCTIONS -- Object sql
15:29:32.993 [main] DEBUG org.hibernate.HQL_FUNCTIONS -- Double sqrt(NUMERIC arg)
15:29:32.993 [main] DEBUG org.hibernate.HQL_FUNCTIONS -- Double stddev_pop(NUMERIC arg)
15:29:32.993 [main] DEBUG org.hibernate.HQL_FUNCTIONS -- Double stddev_samp(NUMERIC arg)
15:29:32.993 [main] DEBUG org.hibernate.HQL_FUNCTIONS -- String str(arg)
15:29:32.993 [main] DEBUG org.hibernate.HQL_FUNCTIONS -- String substr(STRING string, INTEGER start[, INTEGER length])
15:29:32.993 [main] DEBUG org.hibernate.HQL_FUNCTIONS -- String substring(STRING string{ from|,} INTEGER start[{ for|,} INTEGER length])
15:29:32.993 [main] DEBUG org.hibernate.HQL_FUNCTIONS -- sum(arg)
15:29:32.993 [main] DEBUG org.hibernate.HQL_FUNCTIONS -- Timestamp sysdate
15:29:32.993 [main] DEBUG org.hibernate.HQL_FUNCTIONS -- Double tan(NUMERIC arg)
15:29:32.993 [main] DEBUG org.hibernate.HQL_FUNCTIONS -- Double tanh(NUMERIC arg)
15:29:32.993 [main] DEBUG org.hibernate.HQL_FUNCTIONS -- timestampadd(TEMPORAL_UNIT field, INTEGER magnitude, TEMPORAL datetime)
15:29:32.993 [main] DEBUG org.hibernate.HQL_FUNCTIONS -- basicType@44(java.lang.Long,-5)|basicType@57(java.lang.Double,8) timestampdiff(TEMPORAL_UNIT field, TEMPORAL start, TEMPORAL end)
15:29:32.993 [main] DEBUG org.hibernate.HQL_FUNCTIONS -- String translate(STRING arg0, STRING arg1, STRING arg2)
15:29:32.993 [main] DEBUG org.hibernate.HQL_FUNCTIONS -- String trim([[{leading|trailing|both} ][STRING arg0 ]from] STRING arg1)
15:29:32.993 [main] DEBUG org.hibernate.HQL_FUNCTIONS -- trunc( ... )
15:29:32.993 [main] DEBUG org.hibernate.HQL_FUNCTIONS -- truncate( ... )
15:29:32.993 [main] DEBUG org.hibernate.HQL_FUNCTIONS -- String upper(STRING string)
15:29:32.993 [main] DEBUG org.hibernate.HQL_FUNCTIONS -- Double var_pop(NUMERIC arg)
15:29:32.993 [main] DEBUG org.hibernate.HQL_FUNCTIONS -- Double var_samp(NUMERIC arg)
15:29:32.993 [main] DEBUG org.hibernate.HQL_FUNCTIONS -- Integer week(DATE arg)
15:29:32.993 [main] DEBUG org.hibernate.HQL_FUNCTIONS -- Integer year(DATE arg)
15:29:32.993 [main] DEBUG org.hibernate.orm.query.plan.cache -- Starting QueryInterpretationCache(2048)
15:29:32.995 [main] DEBUG org.hibernate.service.internal.SessionFactoryServiceRegistryImpl -- EventListenerRegistry access via ServiceRegistry is deprecated.  Use `sessionFactory.getEventEngine().getListenerRegistry()` instead
15:29:32.995 [main] DEBUG org.hibernate.event.internal.EntityCopyObserverFactoryInitiator -- Configured EntityCopyObserver strategy: disallow
15:29:32.995 [main] DEBUG org.hibernate.boot.internal.ClassLoaderAccessImpl -- Not known whether passed class name [gr.aueb.dmst.Preferences] is safe
15:29:32.995 [main] DEBUG org.hibernate.boot.internal.ClassLoaderAccessImpl -- No temp ClassLoader provided; using live ClassLoader for loading potentially unsafe class : gr.aueb.dmst.Preferences
15:29:33.014 [main] DEBUG org.hibernate.bytecode.internal.bytebuddy.BytecodeProviderImpl -- HHH000513: Unable to create the ReflectionOptimizer for [gr.aueb.dmst.Preferences]: private accessor [allergy]
15:29:33.014 [main] DEBUG org.hibernate.boot.internal.ClassLoaderAccessImpl -- Not known whether passed class name [gr.aueb.dmst.Ingredient] is safe
15:29:33.014 [main] DEBUG org.hibernate.boot.internal.ClassLoaderAccessImpl -- No temp ClassLoader provided; using live ClassLoader for loading potentially unsafe class : gr.aueb.dmst.Ingredient
15:29:33.027 [main] DEBUG org.hibernate.bytecode.internal.bytebuddy.BytecodeProviderImpl -- HHH000513: Unable to create the ReflectionOptimizer for [gr.aueb.dmst.Ingredient]: private accessor [name]
15:29:33.027 [main] DEBUG org.hibernate.orm.jdbc.mutation -- Skipping collection row updates - gr.aueb.dmst.Preferences.favIngredients
15:29:33.036 [main] DEBUG org.hibernate.orm.jdbc.mutation -- Skipping collection row updates - gr.aueb.dmst.Preferences.worstIngredients
15:29:33.036 [main] DEBUG org.hibernate.orm.model.mapping.creation -- Starting post-init callbacks
15:29:33.036 [main] DEBUG org.hibernate.orm.model.mapping.creation -- Starting PostInitCallbackEntry : PluralAttributeMapping( NavigableRole[gr.aueb.dmst.Preferences.favIngredients#{element}]) - element descriptor
15:29:33.036 [main] DEBUG org.hibernate.orm.model.mapping.creation -- Starting PostInitCallbackEntry : PluralAttributeMapping(gr.aueb.dmst.Preferences.favIngredients)#finishInitialization
15:29:33.036 [main] DEBUG org.hibernate.orm.model.mapping.creation -- Starting PostInitCallbackEntry : PluralAttributeMapping(gr.aueb.dmst.Preferences.favIngredients) - key descriptor
15:29:33.036 [main] DEBUG org.hibernate.orm.model.mapping.creation -- Starting PostInitCallbackEntry : PluralAttributeMapping( NavigableRole[gr.aueb.dmst.Preferences.worstIngredients#{element}]) - element descriptor
15:29:33.036 [main] DEBUG org.hibernate.orm.model.mapping.creation -- Starting PostInitCallbackEntry : PluralAttributeMapping(gr.aueb.dmst.Preferences.worstIngredients)#finishInitialization
15:29:33.036 [main] DEBUG org.hibernate.orm.model.mapping.creation -- Starting PostInitCallbackEntry : PluralAttributeMapping(gr.aueb.dmst.Preferences.worstIngredients) - key descriptor
15:29:33.036 [main] DEBUG org.hibernate.orm.model.mapping.creation -- Starting PostInitCallbackEntry : Entity(gr.aueb.dmst.Preferences) `staticFetchableList` generator
15:29:33.036 [main] DEBUG org.hibernate.orm.model.mapping.creation -- Starting PostInitCallbackEntry : Entity(gr.aueb.dmst.Ingredient) `staticFetchableList` generator
15:29:33.036 [main] DEBUG org.hibernate.orm.sql.ast.create -- Created new SQL alias : p1_0
15:29:33.036 [main] DEBUG org.hibernate.orm.sql.ast.create -- Registration of TableGroup [StandardTableGroup(gr.aueb.dmst.Preferences)] with identifierForTableGroup [gr.aueb.dmst.Preferences] for NavigablePath [gr.aueb.dmst.Preferences] 
15:29:33.036 [main] DEBUG org.hibernate.orm.results.graph.AST -- DomainResult Graph:
 \-EntityResultImpl [gr.aueb.dmst.Preferences]
 |  +-BasicFetch [gr.aueb.dmst.Preferences.allergy]
 |  +-DelayedCollectionFetch [gr.aueb.dmst.Preferences.favIngredients]
 |  \-DelayedCollectionFetch [gr.aueb.dmst.Preferences.worstIngredients]

15:29:33.036 [main] DEBUG org.hibernate.orm.sql.ast.tree -- SQL AST Tree:
    SelectStatement {
      FromClause {
        StandardTableGroup (p1 : gr.aueb.dmst.Preferences) {
          primaryTableReference : Preferences as p1_0
        }
      }
    }

15:29:33.036 [main] DEBUG org.hibernate.persister.entity.AbstractEntityPersister -- Static SQL for entity: gr.aueb.dmst.Preferences
15:29:33.036 [main] DEBUG org.hibernate.persister.entity.AbstractEntityPersister --  Version select: select preferenceId from Preferences where preferenceId=?
15:29:33.036 [main] DEBUG org.hibernate.persister.entity.AbstractEntityPersister --  Insert (0): insert into Preferences (allergy,preferenceId) values (?,default)
15:29:33.036 [main] DEBUG org.hibernate.persister.entity.AbstractEntityPersister --  Update (0): update Preferences set allergy=? where preferenceId=?
15:29:33.036 [main] DEBUG org.hibernate.persister.entity.AbstractEntityPersister --  Delete (0): delete from Preferences where preferenceId=?
15:29:33.036 [main] DEBUG org.hibernate.orm.sql.ast.create -- Created new SQL alias : i1_0
15:29:33.036 [main] DEBUG org.hibernate.orm.sql.ast.create -- Registration of TableGroup [StandardTableGroup(gr.aueb.dmst.Ingredient)] with identifierForTableGroup [gr.aueb.dmst.Ingredient] for NavigablePath [gr.aueb.dmst.Ingredient] 
15:29:33.036 [main] DEBUG org.hibernate.orm.results.graph.AST -- DomainResult Graph:
 \-EntityResultImpl [gr.aueb.dmst.Ingredient]
 |  \-BasicFetch [gr.aueb.dmst.Ingredient.name]

15:29:33.036 [main] DEBUG org.hibernate.orm.sql.ast.tree -- SQL AST Tree:
    SelectStatement {
      FromClause {
        StandardTableGroup (i1 : gr.aueb.dmst.Ingredient) {
          primaryTableReference : Ingredient as i1_0
        }
      }
    }

15:29:33.036 [main] DEBUG org.hibernate.persister.entity.AbstractEntityPersister -- Static SQL for entity: gr.aueb.dmst.Ingredient
15:29:33.036 [main] DEBUG org.hibernate.persister.entity.AbstractEntityPersister --  Version select: select ingr_id from Ingredient where ingr_id=?
15:29:33.036 [main] DEBUG org.hibernate.persister.entity.AbstractEntityPersister --  Insert (0): insert into Ingredient (name,ingr_id) values (?,default)
15:29:33.036 [main] DEBUG org.hibernate.persister.entity.AbstractEntityPersister --  Update (0): update Ingredient set name=? where ingr_id=?
15:29:33.036 [main] DEBUG org.hibernate.persister.entity.AbstractEntityPersister --  Delete (0): delete from Ingredient where ingr_id=?
15:29:33.036 [main] DEBUG org.hibernate.orm.sql.ast.create -- Created new SQL alias : fi1_0
15:29:33.036 [main] DEBUG org.hibernate.orm.sql.ast.create -- Registration of TableGroup [CollectionTableGroup(gr.aueb.dmst.Preferences.favIngredients)] with identifierForTableGroup [gr.aueb.dmst.Preferences.favIngredients] for NavigablePath [gr.aueb.dmst.Preferences.favIngredients] 
15:29:33.036 [main] DEBUG org.hibernate.orm.sql.ast.create -- Registration of TableGroup [org.hibernate.sql.ast.tree.from.LazyTableGroup@356341c9] with identifierForTableGroup [gr.aueb.dmst.Preferences.favIngredients.{element}] for NavigablePath [gr.aueb.dmst.Preferences.favIngredients.{element}] 
15:29:33.036 [main] DEBUG org.hibernate.orm.sql.ast.create -- Created new SQL alias : fi1_1
15:29:33.036 [main] DEBUG org.hibernate.orm.results.graph.AST -- DomainResult Graph:
 \-CollectionDomainResult [gr.aueb.dmst.Preferences.favIngredients]

15:29:33.036 [main] DEBUG org.hibernate.orm.sql.ast.tree -- SQL AST Tree:
    SelectStatement {
      FromClause {
        CollectionTableGroup (fi1 : gr.aueb.dmst.Preferences.favIngredients) {
          primaryTableReference : preferences_fav_ingredients as fi1_0
          TableGroupJoins {
             join LazyTableGroup (fi1 : gr.aueb.dmst.Preferences.favIngredients.{element}) {
              primaryTableReference : Ingredient as fi1_1
            }
          }
        }
      }
    }

15:29:33.036 [main] DEBUG org.hibernate.orm.jdbc.mutation -- Static SQL for collection: gr.aueb.dmst.Preferences.favIngredients
15:29:33.036 [main] DEBUG org.hibernate.orm.jdbc.mutation --  Row insert: insert into preferences_fav_ingredients (preference_id,ingredient_id) values (?,?)
15:29:33.036 [main] DEBUG org.hibernate.orm.jdbc.mutation --  Row delete: delete from preferences_fav_ingredients where preference_id=? and ingredient_id=?
15:29:33.036 [main] DEBUG org.hibernate.orm.jdbc.mutation --  One-shot delete: delete from preferences_fav_ingredients where preference_id=?
15:29:33.036 [main] DEBUG org.hibernate.orm.sql.ast.create -- Created new SQL alias : wi1_0
15:29:33.036 [main] DEBUG org.hibernate.orm.sql.ast.create -- Registration of TableGroup [CollectionTableGroup(gr.aueb.dmst.Preferences.worstIngredients)] with identifierForTableGroup [gr.aueb.dmst.Preferences.worstIngredients] for NavigablePath [gr.aueb.dmst.Preferences.worstIngredients] 
15:29:33.036 [main] DEBUG org.hibernate.orm.sql.ast.create -- Registration of TableGroup [org.hibernate.sql.ast.tree.from.LazyTableGroup@3e2c4d4b] with identifierForTableGroup [gr.aueb.dmst.Preferences.worstIngredients.{element}] for NavigablePath [gr.aueb.dmst.Preferences.worstIngredients.{element}] 
15:29:33.036 [main] DEBUG org.hibernate.orm.sql.ast.create -- Created new SQL alias : wi1_1
15:29:33.036 [main] DEBUG org.hibernate.orm.results.graph.AST -- DomainResult Graph:
 \-CollectionDomainResult [gr.aueb.dmst.Preferences.worstIngredients]

15:29:33.036 [main] DEBUG org.hibernate.orm.sql.ast.tree -- SQL AST Tree:
    SelectStatement {
      FromClause {
        CollectionTableGroup (wi1 : gr.aueb.dmst.Preferences.worstIngredients) {
          primaryTableReference : preferences_worst_ingredients as wi1_0
          TableGroupJoins {
             join LazyTableGroup (wi1 : gr.aueb.dmst.Preferences.worstIngredients.{element}) {
              primaryTableReference : Ingredient as wi1_1
            }
          }
        }
      }
    }

15:29:33.036 [main] DEBUG org.hibernate.orm.jdbc.mutation -- Static SQL for collection: gr.aueb.dmst.Preferences.worstIngredients
15:29:33.036 [main] DEBUG org.hibernate.orm.jdbc.mutation --  Row insert: insert into preferences_worst_ingredients (preference_id,ingredient_id) values (?,?)
15:29:33.036 [main] DEBUG org.hibernate.orm.jdbc.mutation --  Row delete: delete from preferences_worst_ingredients where preference_id=? and ingredient_id=?
15:29:33.036 [main] DEBUG org.hibernate.orm.jdbc.mutation --  One-shot delete: delete from preferences_worst_ingredients where preference_id=?
15:29:33.043 [main] DEBUG org.hibernate.engine.transaction.jta.platform.internal.JtaPlatformInitiator -- No JtaPlatform was specified, checking resolver
15:29:33.043 [main] DEBUG org.hibernate.engine.transaction.jta.platform.internal.JtaPlatformResolverInitiator -- No JtaPlatformResolver was specified, using default [org.hibernate.engine.transaction.jta.platform.internal.StandardJtaPlatformResolver]
15:29:33.044 [main] DEBUG org.hibernate.engine.transaction.jta.platform.internal.StandardJtaPlatformResolver -- Could not resolve JtaPlatform, using default [org.hibernate.engine.transaction.jta.platform.internal.NoJtaPlatform]
15:29:33.044 [main] INFO org.hibernate.engine.transaction.jta.platform.internal.JtaPlatformInitiator -- HHH000489: No JTA platform available (set 'hibernate.transaction.jta.platform' to enable JTA platform integration)
15:29:33.044 [main] DEBUG org.hibernate.type.spi.TypeConfiguration$Scope -- Scoping TypeConfiguration [org.hibernate.type.spi.TypeConfiguration@139089a4] to SessionFactoryImplementor [org.hibernate.internal.SessionFactoryImpl@24615687]
15:29:33.044 [main] DEBUG org.hibernate.query.named.NamedObjectRepository -- Checking 0 named HQL queries
15:29:33.044 [main] DEBUG org.hibernate.query.named.NamedObjectRepository -- Checking 0 named SQL queries
15:29:33.044 [main] INFO org.hibernate.orm.connections.access -- HHH10001501: Connection obtained from JdbcConnectionAccess [org.hibernate.engine.jdbc.env.internal.JdbcEnvironmentInitiator$ConnectionProviderJdbcConnectionAccess@58636b50] for (non-JTA) DDL execution was not in auto-commit mode; the Connection 'local transaction' will be committed and the Connection will be set into auto-commit mode.
15:29:33.044 [main] DEBUG org.hibernate.mapping.Table -- No alter strings for table : Ingredient
15:29:33.044 [main] DEBUG org.hibernate.mapping.Table -- No alter strings for table : Preferences
15:29:33.044 [main] DEBUG org.hibernate.mapping.Table -- No alter strings for table : preferences_fav_ingredients
15:29:33.044 [main] DEBUG org.hibernate.mapping.Table -- No alter strings for table : preferences_worst_ingredients
15:29:33.059 [main] DEBUG org.hibernate.internal.SessionFactoryRegistry -- Registering SessionFactory: d8fde792-f27f-49bb-8644-d5593a1f86cb (<unnamed>)
15:29:33.059 [main] DEBUG org.hibernate.internal.SessionFactoryRegistry -- Not binding SessionFactory to JNDI, no JNDI name configured
15:29:33.059 [main] DEBUG org.hibernate.internal.SessionFactoryImpl -- Instantiated SessionFactory
15:29:33.059 [main] DEBUG org.hibernate.stat.internal.StatisticsInitiator -- Statistics initialized [enabled=false]
15:29:33.059 [main] INFO gr.aueb.dmst.UserService -- Attempting to sign in user: nonexistentuser
15:29:33.059 [main] DEBUG org.hibernate.orm.query.hql -- HQL : SELECT u FROM User u WHERE u.username = :username
15:29:33.123 [main] DEBUG org.hibernate.engine.transaction.internal.TransactionImpl -- On TransactionImpl creation, JpaCompliance#isJpaTransactionComplianceEnabled == false
]]></system-out>
  </testcase>
  <testcase name="testSignUpAndSignIn" classname="gr.aueb.dmst.UserServiceTest" time="0.017">
    <error message="org.hibernate.query.sqm.UnknownEntityException: Could not resolve root entity &apos;User&apos;" type="java.lang.IllegalArgumentException">java.lang.IllegalArgumentException: org.hibernate.query.sqm.UnknownEntityException: Could not resolve root entity 'User'
	at gr.aueb.dmst.UserServiceTest.testSignUpAndSignIn(UserServiceTest.java:37)
Caused by: org.hibernate.query.sqm.UnknownEntityException: Could not resolve root entity 'User'
	at gr.aueb.dmst.UserServiceTest.testSignUpAndSignIn(UserServiceTest.java:37)
</error>
    <system-out><![CDATA[15:29:33.138 [main] DEBUG org.hibernate.engine.transaction.internal.TransactionImpl -- On TransactionImpl creation, JpaCompliance#isJpaTransactionComplianceEnabled == false
15:29:33.138 [main] DEBUG org.hibernate.engine.transaction.internal.TransactionImpl -- begin
15:29:33.138 [main] INFO gr.aueb.dmst.UserService -- Attempting to sign up user: testuser
15:29:33.138 [main] DEBUG org.hibernate.orm.query.hql -- HQL : SELECT COUNT(u) FROM User u WHERE u.username = :username
15:29:33.155 [main] DEBUG org.hibernate.orm.query.hql.reservedWordAsIdentifier -- Encountered use of reserved word as identifier : (
15:29:33.155 [main] DEBUG org.hibernate.engine.transaction.internal.TransactionImpl -- On TransactionImpl creation, JpaCompliance#isJpaTransactionComplianceEnabled == false
]]></system-out>
  </testcase>
  <testcase name="testDuplicateSignUp" classname="gr.aueb.dmst.UserServiceTest" time="0.015">
    <error message="org.hibernate.query.sqm.UnknownEntityException: Could not resolve root entity &apos;User&apos;" type="java.lang.IllegalArgumentException">java.lang.IllegalArgumentException: org.hibernate.query.sqm.UnknownEntityException: Could not resolve root entity 'User'
	at gr.aueb.dmst.UserServiceTest.testDuplicateSignUp(UserServiceTest.java:50)
Caused by: org.hibernate.query.sqm.UnknownEntityException: Could not resolve root entity 'User'
	at gr.aueb.dmst.UserServiceTest.testDuplicateSignUp(UserServiceTest.java:50)
</error>
    <system-out><![CDATA[15:29:33.170 [main] DEBUG org.hibernate.engine.transaction.internal.TransactionImpl -- On TransactionImpl creation, JpaCompliance#isJpaTransactionComplianceEnabled == false
15:29:33.170 [main] DEBUG org.hibernate.engine.transaction.internal.TransactionImpl -- begin
15:29:33.170 [main] INFO gr.aueb.dmst.UserService -- Attempting to sign up user: duplicateuser
15:29:33.170 [main] DEBUG org.hibernate.orm.query.hql -- HQL : SELECT COUNT(u) FROM User u WHERE u.username = :username
15:29:33.170 [main] DEBUG org.hibernate.orm.query.hql.reservedWordAsIdentifier -- Encountered use of reserved word as identifier : (
15:29:33.170 [main] DEBUG org.hibernate.engine.transaction.internal.TransactionImpl -- On TransactionImpl creation, JpaCompliance#isJpaTransactionComplianceEnabled == false
]]></system-out>
  </testcase>
  <testcase name="testInvalidSignUp" classname="gr.aueb.dmst.UserServiceTest" time="0">
    <error message="org.hibernate.query.sqm.UnknownEntityException: Could not resolve root entity &apos;User&apos;" type="java.lang.IllegalArgumentException">java.lang.IllegalArgumentException: org.hibernate.query.sqm.UnknownEntityException: Could not resolve root entity 'User'
	at gr.aueb.dmst.UserServiceTest.testInvalidSignUp(UserServiceTest.java:63)
Caused by: org.hibernate.query.sqm.UnknownEntityException: Could not resolve root entity 'User'
	at gr.aueb.dmst.UserServiceTest.testInvalidSignUp(UserServiceTest.java:63)
</error>
    <system-out><![CDATA[15:29:33.170 [main] DEBUG org.hibernate.engine.transaction.internal.TransactionImpl -- On TransactionImpl creation, JpaCompliance#isJpaTransactionComplianceEnabled == false
15:29:33.170 [main] DEBUG org.hibernate.engine.transaction.internal.TransactionImpl -- begin
15:29:33.170 [main] INFO gr.aueb.dmst.UserService -- Attempting to sign up user: .
15:29:33.170 [main] DEBUG org.hibernate.orm.query.hql -- HQL : SELECT COUNT(u) FROM User u WHERE u.username = :username
15:29:33.170 [main] DEBUG org.hibernate.orm.query.hql.reservedWordAsIdentifier -- Encountered use of reserved word as identifier : (
15:29:33.170 [main] DEBUG org.hibernate.engine.transaction.internal.TransactionImpl -- On TransactionImpl creation, JpaCompliance#isJpaTransactionComplianceEnabled == false
]]></system-out>
  </testcase>
</testsuite>