<?xml version="1.0" encoding="UTF-8"?>
<testsuite xmlns:xsi="http://www.w3.org/2001/XMLSchema-instance" xsi:noNamespaceSchemaLocation="https://maven.apache.org/surefire/maven-surefire-plugin/xsd/surefire-test-report.xsd" name="gr.aueb.dmst.PreferencesTest" time="0.013" tests="5" errors="0" skipped="0" failures="0">
  <properties>
    <property name="java.specification.version" value="21"/>
    <property name="sun.cpu.isalist" value="amd64"/>
    <property name="sun.jnu.encoding" value="Cp1253"/>
    <property name="java.class.path" value="C:\Users\eleni\Desktop\github\programming_project_test\peinai\target\test-classes;C:\Users\eleni\Desktop\github\programming_project_test\peinai\target\classes;C:\Users\eleni\.m2\repository\org\junit\jupiter\junit-jupiter-api\5.10.1\junit-jupiter-api-5.10.1.jar;C:\Users\eleni\.m2\repository\org\opentest4j\opentest4j\1.3.0\opentest4j-1.3.0.jar;C:\Users\eleni\.m2\repository\org\junit\platform\junit-platform-commons\1.10.1\junit-platform-commons-1.10.1.jar;C:\Users\eleni\.m2\repository\org\apiguardian\apiguardian-api\1.1.2\apiguardian-api-1.1.2.jar;C:\Users\eleni\.m2\repository\org\junit\jupiter\junit-jupiter-engine\5.10.1\junit-jupiter-engine-5.10.1.jar;C:\Users\eleni\.m2\repository\org\junit\platform\junit-platform-engine\1.10.1\junit-platform-engine-1.10.1.jar;C:\Users\eleni\.m2\repository\com\fasterxml\jackson\core\jackson-databind\2.16.1\jackson-databind-2.16.1.jar;C:\Users\eleni\.m2\repository\com\fasterxml\jackson\core\jackson-annotations\2.16.1\jackson-annotations-2.16.1.jar;C:\Users\eleni\.m2\repository\com\fasterxml\jackson\core\jackson-core\2.16.1\jackson-core-2.16.1.jar;C:\Users\eleni\.m2\repository\org\languagetool\language-en\6.3\language-en-6.3.jar;C:\Users\eleni\.m2\repository\edu\washington\cs\knowitall\opennlp-chunk-models\1.5\opennlp-chunk-models-1.5.jar;C:\Users\eleni\.m2\repository\edu\washington\cs\knowitall\opennlp-postag-models\1.5\opennlp-postag-models-1.5.jar;C:\Users\eleni\.m2\repository\edu\washington\cs\knowitall\opennlp-tokenize-models\1.5\opennlp-tokenize-models-1.5.jar;C:\Users\eleni\.m2\repository\org\apache\opennlp\opennlp-tools\1.9.4\opennlp-tools-1.9.4.jar;C:\Users\eleni\.m2\repository\org\languagetool\languagetool-core\6.3\languagetool-core-6.3.jar;C:\Users\eleni\.m2\repository\com\carrotsearch\hppc\0.8.2\hppc-0.8.2.jar;C:\Users\eleni\.m2\repository\com\gitlab\dumonts\hunspell\2.1.2\hunspell-2.1.2.jar;C:\Users\eleni\.m2\repository\net\java\dev\jna\jna-platform\5.12.1\jna-platform-5.12.1.jar;C:\Users\eleni\.m2\repository\net\java\dev\jna\jna\5.12.1\jna-5.12.1.jar;C:\Users\eleni\.m2\repository\com\hankcs\aho-corasick-double-array-trie\1.2.2\aho-corasick-double-array-trie-1.2.2.jar;C:\Users\eleni\.m2\repository\com\optimaize\languagedetector\language-detector\0.6\language-detector-0.6.jar;C:\Users\eleni\.m2\repository\net\arnx\jsonic\1.2.11\jsonic-1.2.11.jar;C:\Users\eleni\.m2\repository\com\intellij\annotations\12.0\annotations-12.0.jar;C:\Users\eleni\.m2\repository\com\vdurmont\emoji-java\5.1.1\emoji-java-5.1.1.jar;C:\Users\eleni\.m2\repository\commons-logging\commons-logging\1.2\commons-logging-1.2.jar;C:\Users\eleni\.m2\repository\commons-validator\commons-validator\1.7\commons-validator-1.7.jar;C:\Users\eleni\.m2\repository\commons-digester\commons-digester\2.1\commons-digester-2.1.jar;C:\Users\eleni\.m2\repository\io\github\resilience4j\resilience4j-circuitbreaker\1.7.1\resilience4j-circuitbreaker-1.7.1.jar;C:\Users\eleni\.m2\repository\io\vavr\vavr\0.10.2\vavr-0.10.2.jar;C:\Users\eleni\.m2\repository\io\vavr\vavr-match\0.10.2\vavr-match-0.10.2.jar;C:\Users\eleni\.m2\repository\io\github\resilience4j\resilience4j-core\1.7.1\resilience4j-core-1.7.1.jar;C:\Users\eleni\.m2\repository\io\github\resilience4j\resilience4j-micrometer\1.7.1\resilience4j-micrometer-1.7.1.jar;C:\Users\eleni\.m2\repository\io\opentelemetry\opentelemetry-api\1.26.0\opentelemetry-api-1.26.0.jar;C:\Users\eleni\.m2\repository\io\opentelemetry\opentelemetry-context\1.26.0\opentelemetry-context-1.26.0.jar;C:\Users\eleni\.m2\repository\io\opentelemetry\opentelemetry-semconv\1.26.0-alpha\opentelemetry-semconv-1.26.0-alpha.jar;C:\Users\eleni\.m2\repository\io\grpc\grpc-netty-shaded\1.56.1\grpc-netty-shaded-1.56.1.jar;C:\Users\eleni\.m2\repository\io\perfmark\perfmark-api\0.26.0\perfmark-api-0.26.0.jar;C:\Users\eleni\.m2\repository\io\grpc\grpc-core\1.56.1\grpc-core-1.56.1.jar;C:\Users\eleni\.m2\repository\com\google\android\annotations\4.1.1.4\annotations-4.1.1.4.jar;C:\Users\eleni\.m2\repository\io\grpc\grpc-protobuf\1.56.1\grpc-protobuf-1.56.1.jar;C:\Users\eleni\.m2\repository\io\grpc\grpc-api\1.56.1\grpc-api-1.56.1.jar;C:\Users\eleni\.m2\repository\com\google\protobuf\protobuf-java\3.22.3\protobuf-java-3.22.3.jar;C:\Users\eleni\.m2\repository\com\google\api\grpc\proto-google-common-protos\2.17.0\proto-google-common-protos-2.17.0.jar;C:\Users\eleni\.m2\repository\io\grpc\grpc-protobuf-lite\1.56.1\grpc-protobuf-lite-1.56.1.jar;C:\Users\eleni\.m2\repository\io\grpc\grpc-stub\1.56.1\grpc-stub-1.56.1.jar;C:\Users\eleni\.m2\repository\io\micrometer\micrometer-registry-prometheus\1.7.1\micrometer-registry-prometheus-1.7.1.jar;C:\Users\eleni\.m2\repository\io\micrometer\micrometer-core\1.7.1\micrometer-core-1.7.1.jar;C:\Users\eleni\.m2\repository\org\hdrhistogram\HdrHistogram\2.1.12\HdrHistogram-2.1.12.jar;C:\Users\eleni\.m2\repository\org\latencyutils\LatencyUtils\2.0.3\LatencyUtils-2.0.3.jar;C:\Users\eleni\.m2\repository\io\prometheus\simpleclient_common\0.10.0\simpleclient_common-0.10.0.jar;C:\Users\eleni\.m2\repository\io\prometheus\simpleclient\0.12.0\simpleclient-0.12.0.jar;C:\Users\eleni\.m2\repository\io\prometheus\simpleclient_tracer_otel\0.12.0\simpleclient_tracer_otel-0.12.0.jar;C:\Users\eleni\.m2\repository\io\prometheus\simpleclient_tracer_common\0.12.0\simpleclient_tracer_common-0.12.0.jar;C:\Users\eleni\.m2\repository\io\prometheus\simpleclient_tracer_otel_agent\0.12.0\simpleclient_tracer_otel_agent-0.12.0.jar;C:\Users\eleni\.m2\repository\io\prometheus\simpleclient_guava\0.12.0\simpleclient_guava-0.12.0.jar;C:\Users\eleni\.m2\repository\javax\activation\javax.activation-api\1.2.0\javax.activation-api-1.2.0.jar;C:\Users\eleni\.m2\repository\javax\annotation\javax.annotation-api\1.3.2\javax.annotation-api-1.3.2.jar;C:\Users\eleni\.m2\repository\javax\measure\unit-api\1.0\unit-api-1.0.jar;C:\Users\eleni\.m2\repository\javax\xml\bind\jaxb-api\2.3.0\jaxb-api-2.3.0.jar;C:\Users\eleni\.m2\repository\net\loomchild\segment\2.0.1\segment-2.0.1.jar;C:\Users\eleni\.m2\repository\org\apache\commons\commons-lang3\3.12.0\commons-lang3-3.12.0.jar;C:\Users\eleni\.m2\repository\org\apache\commons\commons-pool2\2.11.1\commons-pool2-2.11.1.jar;C:\Users\eleni\.m2\repository\org\apache\commons\commons-text\1.10.0\commons-text-1.10.0.jar;C:\Users\eleni\.m2\repository\org\apache\lucene\lucene-backward-codecs\5.5.5\lucene-backward-codecs-5.5.5.jar;C:\Users\eleni\.m2\repository\org\apache\lucene\lucene-core\5.5.5\lucene-core-5.5.5.jar;C:\Users\eleni\.m2\repository\org\carrot2\morfologik-fsa\2.1.9\morfologik-fsa-2.1.9.jar;C:\Users\eleni\.m2\repository\org\carrot2\morfologik-fsa-builders\2.1.9\morfologik-fsa-builders-2.1.9.jar;C:\Users\eleni\.m2\repository\org\carrot2\morfologik-speller\2.1.9\morfologik-speller-2.1.9.jar;C:\Users\eleni\.m2\repository\org\carrot2\morfologik-stemming\2.1.9\morfologik-stemming-2.1.9.jar;C:\Users\eleni\.m2\repository\org\jetbrains\annotations\20.1.0\annotations-20.1.0.jar;C:\Users\eleni\.m2\repository\org\jetbrains\intellij\deps\trove4j\1.0.20200330\trove4j-1.0.20200330.jar;C:\Users\eleni\.m2\repository\org\slf4j\slf4j-api\2.0.7\slf4j-api-2.0.7.jar;C:\Users\eleni\.m2\repository\tech\units\indriya\1.3\indriya-1.3.jar;C:\Users\eleni\.m2\repository\tech\uom\lib\uom-lib-common\1.1\uom-lib-common-1.1.jar;C:\Users\eleni\.m2\repository\edu\washington\cs\knowitall\openregex\1.1.1\openregex-1.1.1.jar;C:\Users\eleni\.m2\repository\io\github\java-diff-utils\java-diff-utils\4.12\java-diff-utils-4.12.jar;C:\Users\eleni\.m2\repository\com\fasterxml\jackson\dataformat\jackson-dataformat-xml\2.16.1\jackson-dataformat-xml-2.16.1.jar;C:\Users\eleni\.m2\repository\org\codehaus\woodstox\stax2-api\4.2.1\stax2-api-4.2.1.jar;C:\Users\eleni\.m2\repository\com\fasterxml\woodstox\woodstox-core\6.5.1\woodstox-core-6.5.1.jar;C:\Users\eleni\.m2\repository\com\google\api-client\google-api-client\2.2.0\google-api-client-2.2.0.jar;C:\Users\eleni\.m2\repository\com\google\guava\guava\31.1-jre\guava-31.1-jre.jar;C:\Users\eleni\.m2\repository\com\google\guava\failureaccess\1.0.1\failureaccess-1.0.1.jar;C:\Users\eleni\.m2\repository\com\google\guava\listenablefuture\9999.0-empty-to-avoid-conflict-with-guava\listenablefuture-9999.0-empty-to-avoid-conflict-with-guava.jar;C:\Users\eleni\.m2\repository\com\google\code\findbugs\jsr305\3.0.2\jsr305-3.0.2.jar;C:\Users\eleni\.m2\repository\org\checkerframework\checker-qual\3.12.0\checker-qual-3.12.0.jar;C:\Users\eleni\.m2\repository\com\google\errorprone\error_prone_annotations\2.11.0\error_prone_annotations-2.11.0.jar;C:\Users\eleni\.m2\repository\com\google\j2objc\j2objc-annotations\1.3\j2objc-annotations-1.3.jar;C:\Users\eleni\.m2\repository\com\google\http-client\google-http-client-apache-v2\1.42.3\google-http-client-apache-v2-1.42.3.jar;C:\Users\eleni\.m2\repository\org\apache\httpcomponents\httpcore\4.4.16\httpcore-4.4.16.jar;C:\Users\eleni\.m2\repository\org\apache\httpcomponents\httpclient\4.5.14\httpclient-4.5.14.jar;C:\Users\eleni\.m2\repository\com\google\http-client\google-http-client\1.42.3\google-http-client-1.42.3.jar;C:\Users\eleni\.m2\repository\io\opencensus\opencensus-api\0.31.1\opencensus-api-0.31.1.jar;C:\Users\eleni\.m2\repository\io\grpc\grpc-context\1.27.2\grpc-context-1.27.2.jar;C:\Users\eleni\.m2\repository\io\opencensus\opencensus-contrib-http-util\0.31.1\opencensus-contrib-http-util-0.31.1.jar;C:\Users\eleni\.m2\repository\com\google\oauth-client\google-oauth-client\1.32.1\google-oauth-client-1.32.1.jar;C:\Users\eleni\.m2\repository\com\google\http-client\google-http-client-gson\1.39.2\google-http-client-gson-1.39.2.jar;C:\Users\eleni\.m2\repository\com\google\code\gson\gson\2.8.8\gson-2.8.8.jar;C:\Users\eleni\.m2\repository\javax\json\javax.json-api\1.1.4\javax.json-api-1.1.4.jar;C:\Users\eleni\.m2\repository\org\glassfish\javax.json\1.1.4\javax.json-1.1.4.jar;C:\Users\eleni\.m2\repository\org\json\json\20210307\json-20210307.jar;C:\Users\eleni\.m2\repository\com\h2database\h2\2.2.224\h2-2.2.224.jar;C:\Users\eleni\.m2\repository\org\hibernate\orm\hibernate-core\6.4.0.Final\hibernate-core-6.4.0.Final.jar;C:\Users\eleni\.m2\repository\jakarta\transaction\jakarta.transaction-api\2.0.1\jakarta.transaction-api-2.0.1.jar;C:\Users\eleni\.m2\repository\org\jboss\logging\jboss-logging\3.5.0.Final\jboss-logging-3.5.0.Final.jar;C:\Users\eleni\.m2\repository\org\hibernate\common\hibernate-commons-annotations\6.0.6.Final\hibernate-commons-annotations-6.0.6.Final.jar;C:\Users\eleni\.m2\repository\io\smallrye\jandex\3.1.2\jandex-3.1.2.jar;C:\Users\eleni\.m2\repository\com\fasterxml\classmate\1.5.1\classmate-1.5.1.jar;C:\Users\eleni\.m2\repository\net\bytebuddy\byte-buddy\1.14.7\byte-buddy-1.14.7.jar;C:\Users\eleni\.m2\repository\jakarta\xml\bind\jakarta.xml.bind-api\4.0.0\jakarta.xml.bind-api-4.0.0.jar;C:\Users\eleni\.m2\repository\jakarta\activation\jakarta.activation-api\2.1.0\jakarta.activation-api-2.1.0.jar;C:\Users\eleni\.m2\repository\org\glassfish\jaxb\jaxb-runtime\4.0.2\jaxb-runtime-4.0.2.jar;C:\Users\eleni\.m2\repository\org\glassfish\jaxb\jaxb-core\4.0.2\jaxb-core-4.0.2.jar;C:\Users\eleni\.m2\repository\org\eclipse\angus\angus-activation\2.0.0\angus-activation-2.0.0.jar;C:\Users\eleni\.m2\repository\org\glassfish\jaxb\txw2\4.0.2\txw2-4.0.2.jar;C:\Users\eleni\.m2\repository\com\sun\istack\istack-commons-runtime\4.1.1\istack-commons-runtime-4.1.1.jar;C:\Users\eleni\.m2\repository\jakarta\inject\jakarta.inject-api\2.0.1\jakarta.inject-api-2.0.1.jar;C:\Users\eleni\.m2\repository\org\antlr\antlr4-runtime\4.13.0\antlr4-runtime-4.13.0.jar;C:\Users\eleni\.m2\repository\jakarta\persistence\jakarta.persistence-api\3.1.0\jakarta.persistence-api-3.1.0.jar;C:\Users\eleni\.m2\repository\commons-codec\commons-codec\1.16.0\commons-codec-1.16.0.jar;"/>
    <property name="java.vm.vendor" value="Oracle Corporation"/>
    <property name="sun.arch.data.model" value="64"/>
    <property name="user.variant" value=""/>
    <property name="java.vendor.url" value="https://java.oracle.com/"/>
    <property name="user.timezone" value="Europe/Athens"/>
    <property name="os.name" value="Windows 11"/>
    <property name="java.vm.specification.version" value="21"/>
    <property name="sun.java.launcher" value="SUN_STANDARD"/>
    <property name="user.country" value="GR"/>
    <property name="sun.boot.library.path" value="C:\Program Files\Java\jdk-21\bin"/>
    <property name="sun.java.command" value="C:\Users\eleni\AppData\Local\Temp\surefire3725419575248772816\surefirebooter16476737273136136061.jar C:\Users\eleni\AppData\Local\Temp\surefire3725419575248772816 2024-01-16T10-52-33_319-jvmRun1 surefire17018794202881200240tmp surefire_011824714359555435829tmp"/>
    <property name="jdk.debug" value="release"/>
    <property name="surefire.test.class.path" value="C:\Users\eleni\Desktop\github\programming_project_test\peinai\target\test-classes;C:\Users\eleni\Desktop\github\programming_project_test\peinai\target\classes;C:\Users\eleni\.m2\repository\org\junit\jupiter\junit-jupiter-api\5.10.1\junit-jupiter-api-5.10.1.jar;C:\Users\eleni\.m2\repository\org\opentest4j\opentest4j\1.3.0\opentest4j-1.3.0.jar;C:\Users\eleni\.m2\repository\org\junit\platform\junit-platform-commons\1.10.1\junit-platform-commons-1.10.1.jar;C:\Users\eleni\.m2\repository\org\apiguardian\apiguardian-api\1.1.2\apiguardian-api-1.1.2.jar;C:\Users\eleni\.m2\repository\org\junit\jupiter\junit-jupiter-engine\5.10.1\junit-jupiter-engine-5.10.1.jar;C:\Users\eleni\.m2\repository\org\junit\platform\junit-platform-engine\1.10.1\junit-platform-engine-1.10.1.jar;C:\Users\eleni\.m2\repository\com\fasterxml\jackson\core\jackson-databind\2.16.1\jackson-databind-2.16.1.jar;C:\Users\eleni\.m2\repository\com\fasterxml\jackson\core\jackson-annotations\2.16.1\jackson-annotations-2.16.1.jar;C:\Users\eleni\.m2\repository\com\fasterxml\jackson\core\jackson-core\2.16.1\jackson-core-2.16.1.jar;C:\Users\eleni\.m2\repository\org\languagetool\language-en\6.3\language-en-6.3.jar;C:\Users\eleni\.m2\repository\edu\washington\cs\knowitall\opennlp-chunk-models\1.5\opennlp-chunk-models-1.5.jar;C:\Users\eleni\.m2\repository\edu\washington\cs\knowitall\opennlp-postag-models\1.5\opennlp-postag-models-1.5.jar;C:\Users\eleni\.m2\repository\edu\washington\cs\knowitall\opennlp-tokenize-models\1.5\opennlp-tokenize-models-1.5.jar;C:\Users\eleni\.m2\repository\org\apache\opennlp\opennlp-tools\1.9.4\opennlp-tools-1.9.4.jar;C:\Users\eleni\.m2\repository\org\languagetool\languagetool-core\6.3\languagetool-core-6.3.jar;C:\Users\eleni\.m2\repository\com\carrotsearch\hppc\0.8.2\hppc-0.8.2.jar;C:\Users\eleni\.m2\repository\com\gitlab\dumonts\hunspell\2.1.2\hunspell-2.1.2.jar;C:\Users\eleni\.m2\repository\net\java\dev\jna\jna-platform\5.12.1\jna-platform-5.12.1.jar;C:\Users\eleni\.m2\repository\net\java\dev\jna\jna\5.12.1\jna-5.12.1.jar;C:\Users\eleni\.m2\repository\com\hankcs\aho-corasick-double-array-trie\1.2.2\aho-corasick-double-array-trie-1.2.2.jar;C:\Users\eleni\.m2\repository\com\optimaize\languagedetector\language-detector\0.6\language-detector-0.6.jar;C:\Users\eleni\.m2\repository\net\arnx\jsonic\1.2.11\jsonic-1.2.11.jar;C:\Users\eleni\.m2\repository\com\intellij\annotations\12.0\annotations-12.0.jar;C:\Users\eleni\.m2\repository\com\vdurmont\emoji-java\5.1.1\emoji-java-5.1.1.jar;C:\Users\eleni\.m2\repository\commons-logging\commons-logging\1.2\commons-logging-1.2.jar;C:\Users\eleni\.m2\repository\commons-validator\commons-validator\1.7\commons-validator-1.7.jar;C:\Users\eleni\.m2\repository\commons-digester\commons-digester\2.1\commons-digester-2.1.jar;C:\Users\eleni\.m2\repository\io\github\resilience4j\resilience4j-circuitbreaker\1.7.1\resilience4j-circuitbreaker-1.7.1.jar;C:\Users\eleni\.m2\repository\io\vavr\vavr\0.10.2\vavr-0.10.2.jar;C:\Users\eleni\.m2\repository\io\vavr\vavr-match\0.10.2\vavr-match-0.10.2.jar;C:\Users\eleni\.m2\repository\io\github\resilience4j\resilience4j-core\1.7.1\resilience4j-core-1.7.1.jar;C:\Users\eleni\.m2\repository\io\github\resilience4j\resilience4j-micrometer\1.7.1\resilience4j-micrometer-1.7.1.jar;C:\Users\eleni\.m2\repository\io\opentelemetry\opentelemetry-api\1.26.0\opentelemetry-api-1.26.0.jar;C:\Users\eleni\.m2\repository\io\opentelemetry\opentelemetry-context\1.26.0\opentelemetry-context-1.26.0.jar;C:\Users\eleni\.m2\repository\io\opentelemetry\opentelemetry-semconv\1.26.0-alpha\opentelemetry-semconv-1.26.0-alpha.jar;C:\Users\eleni\.m2\repository\io\grpc\grpc-netty-shaded\1.56.1\grpc-netty-shaded-1.56.1.jar;C:\Users\eleni\.m2\repository\io\perfmark\perfmark-api\0.26.0\perfmark-api-0.26.0.jar;C:\Users\eleni\.m2\repository\io\grpc\grpc-core\1.56.1\grpc-core-1.56.1.jar;C:\Users\eleni\.m2\repository\com\google\android\annotations\4.1.1.4\annotations-4.1.1.4.jar;C:\Users\eleni\.m2\repository\io\grpc\grpc-protobuf\1.56.1\grpc-protobuf-1.56.1.jar;C:\Users\eleni\.m2\repository\io\grpc\grpc-api\1.56.1\grpc-api-1.56.1.jar;C:\Users\eleni\.m2\repository\com\google\protobuf\protobuf-java\3.22.3\protobuf-java-3.22.3.jar;C:\Users\eleni\.m2\repository\com\google\api\grpc\proto-google-common-protos\2.17.0\proto-google-common-protos-2.17.0.jar;C:\Users\eleni\.m2\repository\io\grpc\grpc-protobuf-lite\1.56.1\grpc-protobuf-lite-1.56.1.jar;C:\Users\eleni\.m2\repository\io\grpc\grpc-stub\1.56.1\grpc-stub-1.56.1.jar;C:\Users\eleni\.m2\repository\io\micrometer\micrometer-registry-prometheus\1.7.1\micrometer-registry-prometheus-1.7.1.jar;C:\Users\eleni\.m2\repository\io\micrometer\micrometer-core\1.7.1\micrometer-core-1.7.1.jar;C:\Users\eleni\.m2\repository\org\hdrhistogram\HdrHistogram\2.1.12\HdrHistogram-2.1.12.jar;C:\Users\eleni\.m2\repository\org\latencyutils\LatencyUtils\2.0.3\LatencyUtils-2.0.3.jar;C:\Users\eleni\.m2\repository\io\prometheus\simpleclient_common\0.10.0\simpleclient_common-0.10.0.jar;C:\Users\eleni\.m2\repository\io\prometheus\simpleclient\0.12.0\simpleclient-0.12.0.jar;C:\Users\eleni\.m2\repository\io\prometheus\simpleclient_tracer_otel\0.12.0\simpleclient_tracer_otel-0.12.0.jar;C:\Users\eleni\.m2\repository\io\prometheus\simpleclient_tracer_common\0.12.0\simpleclient_tracer_common-0.12.0.jar;C:\Users\eleni\.m2\repository\io\prometheus\simpleclient_tracer_otel_agent\0.12.0\simpleclient_tracer_otel_agent-0.12.0.jar;C:\Users\eleni\.m2\repository\io\prometheus\simpleclient_guava\0.12.0\simpleclient_guava-0.12.0.jar;C:\Users\eleni\.m2\repository\javax\activation\javax.activation-api\1.2.0\javax.activation-api-1.2.0.jar;C:\Users\eleni\.m2\repository\javax\annotation\javax.annotation-api\1.3.2\javax.annotation-api-1.3.2.jar;C:\Users\eleni\.m2\repository\javax\measure\unit-api\1.0\unit-api-1.0.jar;C:\Users\eleni\.m2\repository\javax\xml\bind\jaxb-api\2.3.0\jaxb-api-2.3.0.jar;C:\Users\eleni\.m2\repository\net\loomchild\segment\2.0.1\segment-2.0.1.jar;C:\Users\eleni\.m2\repository\org\apache\commons\commons-lang3\3.12.0\commons-lang3-3.12.0.jar;C:\Users\eleni\.m2\repository\org\apache\commons\commons-pool2\2.11.1\commons-pool2-2.11.1.jar;C:\Users\eleni\.m2\repository\org\apache\commons\commons-text\1.10.0\commons-text-1.10.0.jar;C:\Users\eleni\.m2\repository\org\apache\lucene\lucene-backward-codecs\5.5.5\lucene-backward-codecs-5.5.5.jar;C:\Users\eleni\.m2\repository\org\apache\lucene\lucene-core\5.5.5\lucene-core-5.5.5.jar;C:\Users\eleni\.m2\repository\org\carrot2\morfologik-fsa\2.1.9\morfologik-fsa-2.1.9.jar;C:\Users\eleni\.m2\repository\org\carrot2\morfologik-fsa-builders\2.1.9\morfologik-fsa-builders-2.1.9.jar;C:\Users\eleni\.m2\repository\org\carrot2\morfologik-speller\2.1.9\morfologik-speller-2.1.9.jar;C:\Users\eleni\.m2\repository\org\carrot2\morfologik-stemming\2.1.9\morfologik-stemming-2.1.9.jar;C:\Users\eleni\.m2\repository\org\jetbrains\annotations\20.1.0\annotations-20.1.0.jar;C:\Users\eleni\.m2\repository\org\jetbrains\intellij\deps\trove4j\1.0.20200330\trove4j-1.0.20200330.jar;C:\Users\eleni\.m2\repository\org\slf4j\slf4j-api\2.0.7\slf4j-api-2.0.7.jar;C:\Users\eleni\.m2\repository\tech\units\indriya\1.3\indriya-1.3.jar;C:\Users\eleni\.m2\repository\tech\uom\lib\uom-lib-common\1.1\uom-lib-common-1.1.jar;C:\Users\eleni\.m2\repository\edu\washington\cs\knowitall\openregex\1.1.1\openregex-1.1.1.jar;C:\Users\eleni\.m2\repository\io\github\java-diff-utils\java-diff-utils\4.12\java-diff-utils-4.12.jar;C:\Users\eleni\.m2\repository\com\fasterxml\jackson\dataformat\jackson-dataformat-xml\2.16.1\jackson-dataformat-xml-2.16.1.jar;C:\Users\eleni\.m2\repository\org\codehaus\woodstox\stax2-api\4.2.1\stax2-api-4.2.1.jar;C:\Users\eleni\.m2\repository\com\fasterxml\woodstox\woodstox-core\6.5.1\woodstox-core-6.5.1.jar;C:\Users\eleni\.m2\repository\com\google\api-client\google-api-client\2.2.0\google-api-client-2.2.0.jar;C:\Users\eleni\.m2\repository\com\google\guava\guava\31.1-jre\guava-31.1-jre.jar;C:\Users\eleni\.m2\repository\com\google\guava\failureaccess\1.0.1\failureaccess-1.0.1.jar;C:\Users\eleni\.m2\repository\com\google\guava\listenablefuture\9999.0-empty-to-avoid-conflict-with-guava\listenablefuture-9999.0-empty-to-avoid-conflict-with-guava.jar;C:\Users\eleni\.m2\repository\com\google\code\findbugs\jsr305\3.0.2\jsr305-3.0.2.jar;C:\Users\eleni\.m2\repository\org\checkerframework\checker-qual\3.12.0\checker-qual-3.12.0.jar;C:\Users\eleni\.m2\repository\com\google\errorprone\error_prone_annotations\2.11.0\error_prone_annotations-2.11.0.jar;C:\Users\eleni\.m2\repository\com\google\j2objc\j2objc-annotations\1.3\j2objc-annotations-1.3.jar;C:\Users\eleni\.m2\repository\com\google\http-client\google-http-client-apache-v2\1.42.3\google-http-client-apache-v2-1.42.3.jar;C:\Users\eleni\.m2\repository\org\apache\httpcomponents\httpcore\4.4.16\httpcore-4.4.16.jar;C:\Users\eleni\.m2\repository\org\apache\httpcomponents\httpclient\4.5.14\httpclient-4.5.14.jar;C:\Users\eleni\.m2\repository\com\google\http-client\google-http-client\1.42.3\google-http-client-1.42.3.jar;C:\Users\eleni\.m2\repository\io\opencensus\opencensus-api\0.31.1\opencensus-api-0.31.1.jar;C:\Users\eleni\.m2\repository\io\grpc\grpc-context\1.27.2\grpc-context-1.27.2.jar;C:\Users\eleni\.m2\repository\io\opencensus\opencensus-contrib-http-util\0.31.1\opencensus-contrib-http-util-0.31.1.jar;C:\Users\eleni\.m2\repository\com\google\oauth-client\google-oauth-client\1.32.1\google-oauth-client-1.32.1.jar;C:\Users\eleni\.m2\repository\com\google\http-client\google-http-client-gson\1.39.2\google-http-client-gson-1.39.2.jar;C:\Users\eleni\.m2\repository\com\google\code\gson\gson\2.8.8\gson-2.8.8.jar;C:\Users\eleni\.m2\repository\javax\json\javax.json-api\1.1.4\javax.json-api-1.1.4.jar;C:\Users\eleni\.m2\repository\org\glassfish\javax.json\1.1.4\javax.json-1.1.4.jar;C:\Users\eleni\.m2\repository\org\json\json\20210307\json-20210307.jar;C:\Users\eleni\.m2\repository\com\h2database\h2\2.2.224\h2-2.2.224.jar;C:\Users\eleni\.m2\repository\org\hibernate\orm\hibernate-core\6.4.0.Final\hibernate-core-6.4.0.Final.jar;C:\Users\eleni\.m2\repository\jakarta\transaction\jakarta.transaction-api\2.0.1\jakarta.transaction-api-2.0.1.jar;C:\Users\eleni\.m2\repository\org\jboss\logging\jboss-logging\3.5.0.Final\jboss-logging-3.5.0.Final.jar;C:\Users\eleni\.m2\repository\org\hibernate\common\hibernate-commons-annotations\6.0.6.Final\hibernate-commons-annotations-6.0.6.Final.jar;C:\Users\eleni\.m2\repository\io\smallrye\jandex\3.1.2\jandex-3.1.2.jar;C:\Users\eleni\.m2\repository\com\fasterxml\classmate\1.5.1\classmate-1.5.1.jar;C:\Users\eleni\.m2\repository\net\bytebuddy\byte-buddy\1.14.7\byte-buddy-1.14.7.jar;C:\Users\eleni\.m2\repository\jakarta\xml\bind\jakarta.xml.bind-api\4.0.0\jakarta.xml.bind-api-4.0.0.jar;C:\Users\eleni\.m2\repository\jakarta\activation\jakarta.activation-api\2.1.0\jakarta.activation-api-2.1.0.jar;C:\Users\eleni\.m2\repository\org\glassfish\jaxb\jaxb-runtime\4.0.2\jaxb-runtime-4.0.2.jar;C:\Users\eleni\.m2\repository\org\glassfish\jaxb\jaxb-core\4.0.2\jaxb-core-4.0.2.jar;C:\Users\eleni\.m2\repository\org\eclipse\angus\angus-activation\2.0.0\angus-activation-2.0.0.jar;C:\Users\eleni\.m2\repository\org\glassfish\jaxb\txw2\4.0.2\txw2-4.0.2.jar;C:\Users\eleni\.m2\repository\com\sun\istack\istack-commons-runtime\4.1.1\istack-commons-runtime-4.1.1.jar;C:\Users\eleni\.m2\repository\jakarta\inject\jakarta.inject-api\2.0.1\jakarta.inject-api-2.0.1.jar;C:\Users\eleni\.m2\repository\org\antlr\antlr4-runtime\4.13.0\antlr4-runtime-4.13.0.jar;C:\Users\eleni\.m2\repository\jakarta\persistence\jakarta.persistence-api\3.1.0\jakarta.persistence-api-3.1.0.jar;C:\Users\eleni\.m2\repository\commons-codec\commons-codec\1.16.0\commons-codec-1.16.0.jar;"/>
    <property name="sun.cpu.endian" value="little"/>
    <property name="user.home" value="C:\Users\eleni"/>
    <property name="user.language" value="el"/>
    <property name="java.specification.vendor" value="Oracle Corporation"/>
    <property name="java.version.date" value="2023-10-17"/>
    <property name="java.home" value="C:\Program Files\Java\jdk-21"/>
    <property name="file.separator" value="\"/>
    <property name="basedir" value="C:\Users\eleni\Desktop\github\programming_project_test\peinai"/>
    <property name="java.vm.compressedOopsMode" value="Zero based"/>
    <property name="line.separator" value="&#10;"/>
    <property name="java.vm.specification.vendor" value="Oracle Corporation"/>
    <property name="java.specification.name" value="Java Platform API Specification"/>
    <property name="surefire.real.class.path" value="C:\Users\eleni\AppData\Local\Temp\surefire3725419575248772816\surefirebooter16476737273136136061.jar"/>
    <property name="user.script" value=""/>
    <property name="sun.management.compiler" value="HotSpot 64-Bit Tiered Compilers"/>
    <property name="java.runtime.version" value="21.0.1+12-LTS-29"/>
    <property name="user.name" value="eleni"/>
    <property name="stdout.encoding" value="Cp1253"/>
    <property name="path.separator" value=";"/>
    <property name="os.version" value="10.0"/>
    <property name="java.runtime.name" value="Java(TM) SE Runtime Environment"/>
    <property name="file.encoding" value="UTF-8"/>
    <property name="java.vm.name" value="Java HotSpot(TM) 64-Bit Server VM"/>
    <property name="localRepository" value="C:\Users\eleni\.m2\repository"/>
    <property name="java.vendor.url.bug" value="https://bugreport.java.com/bugreport/"/>
    <property name="java.io.tmpdir" value="C:\Users\eleni\AppData\Local\Temp\"/>
    <property name="java.version" value="21.0.1"/>
    <property name="user.dir" value="C:\Users\eleni\Desktop\github\programming_project_test\peinai"/>
    <property name="os.arch" value="amd64"/>
    <property name="java.vm.specification.name" value="Java Virtual Machine Specification"/>
    <property name="sun.os.patch.level" value=""/>
    <property name="native.encoding" value="Cp1253"/>
    <property name="java.library.path" value="C:\Program Files\Java\jdk-21\bin;C:\Windows\Sun\Java\bin;C:\Windows\system32;C:\Windows;C:\Program Files\Git\cmd;C:\Program Files\Eclipse Adoptium\jdk-21.0.1.12-hotspot\bin;C:\Program Files\Common Files\Oracle\Java\javapath;C:\Program Files (x86)\Common Files\Oracle\Java\javapath;C:\Windows\system32;C:\Windows;C:\Windows\System32\Wbem;C:\Windows\System32\WindowsPowerShell\v1.0\;C:\Windows\System32\OpenSSH\;C:\Program Files\dotnet\;C:\Program Files\Git\cmd;C:\Program Files\maven\apache-maven-3.9.6\bin;C:\Program Files\Java\jdk-21\bin;C:\Users\eleni\AppData\Local\Microsoft\WindowsApps;C:\Program Files\JetBrains\IntelliJ IDEA Community Edition 2022.2.4\bin;;C:\Users\eleni\AppData\Local\Programs\Microsoft VS Code\bin;C:\Users\eleni\AppData\Local\GitHubDesktop\bin;."/>
    <property name="java.vm.info" value="mixed mode, sharing"/>
    <property name="stderr.encoding" value="Cp1253"/>
    <property name="java.vendor" value="Oracle Corporation"/>
    <property name="java.vm.version" value="21.0.1+12-LTS-29"/>
    <property name="sun.io.unicode.encoding" value="UnicodeLittle"/>
    <property name="java.class.version" value="65.0"/>
  </properties>
  <testcase name="testFavoriteIngredients" classname="gr.aueb.dmst.PreferencesTest" time="0"/>
  <testcase name="testWorstIngredients" classname="gr.aueb.dmst.PreferencesTest" time="0"/>
  <testcase name="testAllergy" classname="gr.aueb.dmst.PreferencesTest" time="0"/>
  <testcase name="testGetPreferenceId" classname="gr.aueb.dmst.PreferencesTest" time="0"/>
  <testcase name="testParameterizedConstructor" classname="gr.aueb.dmst.PreferencesTest" time="0"/>
</testsuite>