<?xml version="1.0" encoding="UTF-8"?>
<persistence xmlns="http://xmlns.jcp.org/xml/ns/persistence"
             xmlns:xsi="http://www.w3.org/2001/XMLSchema-instance"
             xsi:schemaLocation="http://xmlns.jcp.org/xml/ns/persistence http://xmlns.jcp.org/xml/ns/persistence/persistence_2_2.xsd"
             version="2.2">

    <persistence-unit name="peinai-test" transaction-type="RESOURCE_LOCAL">
        <!-- Define your test-specific persistence unit settings here -->
        <class>gr.aueb.dmst.UserTest</class>
        <class>gr.aueb.dmst.PreferencesTest</class>
        <class>gr.aueb.dmst.IngredientTest</class>
    </persistence-unit>
</persistence>
